[0.224s] Invoking command in '/home/kvasik/ros2_ws/src/my_robot-main/build/robot_description': CMAKE_PREFIX_PATH=${CMAKE_PREFIX_PATH}:/home/kvasik/ros2_ws/src/robot_walking/install/robot_walking:/home/kvasik/ros2_ws/install/third_learning_tf2_py:/home/kvasik/ros2_ws/install/text_to_cmd_vel:/home/kvasik/ros2_ws/install/service_full_name:/home/kvasik/ros2_ws/install/py_pubsub:/home/kvasik/ros2_ws/install/my_package:/home/kvasik/ros2_ws/install/move_to_goal:/home/kvasik/ros2_ws/install/learning_tf2_py:/home/kvasik/ros2_ws/install/kvasik:/home/kvasik/ros2_ws/install/action_turtle_commands_server:/opt/ros/humble /usr/bin/cmake --build /home/kvasik/ros2_ws/src/my_robot-main/build/robot_description -- -j8 -l8
[0.270s] -- Found ament_cmake: 1.3.5 (/opt/ros/humble/share/ament_cmake/cmake)
[0.590s] -- Found ament_lint_auto: 0.12.8 (/opt/ros/humble/share/ament_lint_auto/cmake)
[0.725s] -- Configuring done
[0.736s] -- Generating done
[0.740s] -- Build files have been written to: /home/kvasik/ros2_ws/src/my_robot-main/build/robot_description
[0.803s] Invoked command in '/home/kvasik/ros2_ws/src/my_robot-main/build/robot_description' returned '0': CMAKE_PREFIX_PATH=${CMAKE_PREFIX_PATH}:/home/kvasik/ros2_ws/src/robot_walking/install/robot_walking:/home/kvasik/ros2_ws/install/third_learning_tf2_py:/home/kvasik/ros2_ws/install/text_to_cmd_vel:/home/kvasik/ros2_ws/install/service_full_name:/home/kvasik/ros2_ws/install/py_pubsub:/home/kvasik/ros2_ws/install/my_package:/home/kvasik/ros2_ws/install/move_to_goal:/home/kvasik/ros2_ws/install/learning_tf2_py:/home/kvasik/ros2_ws/install/kvasik:/home/kvasik/ros2_ws/install/action_turtle_commands_server:/opt/ros/humble /usr/bin/cmake --build /home/kvasik/ros2_ws/src/my_robot-main/build/robot_description -- -j8 -l8
[0.871s] Invoking command in '/home/kvasik/ros2_ws/src/my_robot-main/build/robot_description': CMAKE_PREFIX_PATH=${CMAKE_PREFIX_PATH}:/home/kvasik/ros2_ws/src/robot_walking/install/robot_walking:/home/kvasik/ros2_ws/install/third_learning_tf2_py:/home/kvasik/ros2_ws/install/text_to_cmd_vel:/home/kvasik/ros2_ws/install/service_full_name:/home/kvasik/ros2_ws/install/py_pubsub:/home/kvasik/ros2_ws/install/my_package:/home/kvasik/ros2_ws/install/move_to_goal:/home/kvasik/ros2_ws/install/learning_tf2_py:/home/kvasik/ros2_ws/install/kvasik:/home/kvasik/ros2_ws/install/action_turtle_commands_server:/opt/ros/humble /usr/bin/cmake --install /home/kvasik/ros2_ws/src/my_robot-main/build/robot_description
[0.883s] -- Install configuration: ""
[0.884s] -- Up-to-date: /home/kvasik/ros2_ws/src/my_robot-main/install/robot_description/share/robot_description//urdf
[0.884s] -- Up-to-date: /home/kvasik/ros2_ws/src/my_robot-main/install/robot_description/share/robot_description//urdf/gazebo.urdf.xacro
[0.884s] -- Up-to-date: /home/kvasik/ros2_ws/src/my_robot-main/install/robot_description/share/robot_description//urdf/robot.urdf
[0.885s] -- Up-to-date: /home/kvasik/ros2_ws/src/my_robot-main/install/robot_description/share/robot_description//urdf/robot.urdf.xacro
[0.885s] -- Up-to-date: /home/kvasik/ros2_ws/src/my_robot-main/install/robot_description/share/ament_index/resource_index/package_run_dependencies/robot_description
[0.885s] -- Installing: /home/kvasik/ros2_ws/src/my_robot-main/install/robot_description/share/ament_index/resource_index/parent_prefix_path/robot_description
[0.885s] -- Up-to-date: /home/kvasik/ros2_ws/src/my_robot-main/install/robot_description/share/robot_description/environment/ament_prefix_path.sh
[0.886s] -- Installing: /home/kvasik/ros2_ws/src/my_robot-main/install/robot_description/share/robot_description/environment/ament_prefix_path.dsv
[0.886s] -- Up-to-date: /home/kvasik/ros2_ws/src/my_robot-main/install/robot_description/share/robot_description/environment/path.sh
[0.886s] -- Installing: /home/kvasik/ros2_ws/src/my_robot-main/install/robot_description/share/robot_description/environment/path.dsv
[0.886s] -- Up-to-date: /home/kvasik/ros2_ws/src/my_robot-main/install/robot_description/share/robot_description/local_setup.bash
[0.886s] -- Up-to-date: /home/kvasik/ros2_ws/src/my_robot-main/install/robot_description/share/robot_description/local_setup.sh
[0.887s] -- Up-to-date: /home/kvasik/ros2_ws/src/my_robot-main/install/robot_description/share/robot_description/local_setup.zsh
[0.887s] -- Installing: /home/kvasik/ros2_ws/src/my_robot-main/install/robot_description/share/robot_description/local_setup.dsv
[0.887s] -- Installing: /home/kvasik/ros2_ws/src/my_robot-main/install/robot_description/share/robot_description/package.dsv
[0.887s] -- Up-to-date: /home/kvasik/ros2_ws/src/my_robot-main/install/robot_description/share/ament_index/resource_index/packages/robot_description
[0.887s] -- Up-to-date: /home/kvasik/ros2_ws/src/my_robot-main/install/robot_description/share/robot_description/cmake/robot_descriptionConfig.cmake
[0.888s] -- Up-to-date: /home/kvasik/ros2_ws/src/my_robot-main/install/robot_description/share/robot_description/cmake/robot_descriptionConfig-version.cmake
[0.888s] -- Installing: /home/kvasik/ros2_ws/src/my_robot-main/install/robot_description/share/robot_description/package.xml
[1.106s] Invoked command in '/home/kvasik/ros2_ws/src/my_robot-main/build/robot_description' returned '0': CMAKE_PREFIX_PATH=${CMAKE_PREFIX_PATH}:/home/kvasik/ros2_ws/src/robot_walking/install/robot_walking:/home/kvasik/ros2_ws/install/third_learning_tf2_py:/home/kvasik/ros2_ws/install/text_to_cmd_vel:/home/kvasik/ros2_ws/install/service_full_name:/home/kvasik/ros2_ws/install/py_pubsub:/home/kvasik/ros2_ws/install/my_package:/home/kvasik/ros2_ws/install/move_to_goal:/home/kvasik/ros2_ws/install/learning_tf2_py:/home/kvasik/ros2_ws/install/kvasik:/home/kvasik/ros2_ws/install/action_turtle_commands_server:/opt/ros/humble /usr/bin/cmake --install /home/kvasik/ros2_ws/src/my_robot-main/build/robot_description
