[0.361s] Invoking command in '/home/kvasik/ros2_ws/src/my_robot-main/build/robot_bringup': CMAKE_PREFIX_PATH=${CMAKE_PREFIX_PATH}:/home/kvasik/ros2_ws/install/third_learning_tf2_py:/home/kvasik/ros2_ws/install/text_to_cmd_vel:/home/kvasik/ros2_ws/install/service_full_name:/home/kvasik/ros2_ws/install/py_pubsub:/home/kvasik/ros2_ws/install/my_package:/home/kvasik/ros2_ws/install/move_to_goal:/home/kvasik/ros2_ws/install/learning_tf2_py:/home/kvasik/ros2_ws/install/kvasik:/home/kvasik/ros2_ws/install/action_turtle_commands_server:/opt/ros/humble /usr/bin/cmake --build /home/kvasik/ros2_ws/src/my_robot-main/build/robot_bringup -- -j8 -l8
[0.442s] Invoked command in '/home/kvasik/ros2_ws/src/my_robot-main/build/robot_bringup' returned '0': CMAKE_PREFIX_PATH=${CMAKE_PREFIX_PATH}:/home/kvasik/ros2_ws/install/third_learning_tf2_py:/home/kvasik/ros2_ws/install/text_to_cmd_vel:/home/kvasik/ros2_ws/install/service_full_name:/home/kvasik/ros2_ws/install/py_pubsub:/home/kvasik/ros2_ws/install/my_package:/home/kvasik/ros2_ws/install/move_to_goal:/home/kvasik/ros2_ws/install/learning_tf2_py:/home/kvasik/ros2_ws/install/kvasik:/home/kvasik/ros2_ws/install/action_turtle_commands_server:/opt/ros/humble /usr/bin/cmake --build /home/kvasik/ros2_ws/src/my_robot-main/build/robot_bringup -- -j8 -l8
[0.515s] Invoking command in '/home/kvasik/ros2_ws/src/my_robot-main/build/robot_bringup': CMAKE_PREFIX_PATH=${CMAKE_PREFIX_PATH}:/home/kvasik/ros2_ws/install/third_learning_tf2_py:/home/kvasik/ros2_ws/install/text_to_cmd_vel:/home/kvasik/ros2_ws/install/service_full_name:/home/kvasik/ros2_ws/install/py_pubsub:/home/kvasik/ros2_ws/install/my_package:/home/kvasik/ros2_ws/install/move_to_goal:/home/kvasik/ros2_ws/install/learning_tf2_py:/home/kvasik/ros2_ws/install/kvasik:/home/kvasik/ros2_ws/install/action_turtle_commands_server:/opt/ros/humble /usr/bin/cmake --install /home/kvasik/ros2_ws/src/my_robot-main/build/robot_bringup
[0.532s] -- Install configuration: ""
[0.533s] -- Up-to-date: /home/kvasik/ros2_ws/src/my_robot-main/install/robot_bringup/share/robot_bringup/launch
[0.534s] -- Up-to-date: /home/kvasik/ros2_ws/src/my_robot-main/install/robot_bringup/share/robot_bringup/launch/diff_drive.launch.py
[0.535s] -- Up-to-date: /home/kvasik/ros2_ws/src/my_robot-main/install/robot_bringup/share/robot_bringup/config
[0.536s] -- Up-to-date: /home/kvasik/ros2_ws/src/my_robot-main/install/robot_bringup/share/robot_bringup/config/diff_drive.rviz
[0.536s] -- Up-to-date: /home/kvasik/ros2_ws/src/my_robot-main/install/robot_bringup/share/robot_bringup/config/robot_bridge.yaml
[0.537s] -- Up-to-date: /home/kvasik/ros2_ws/src/my_robot-main/install/robot_bringup/share/ament_index/resource_index/package_run_dependencies/robot_bringup
[0.537s] -- Up-to-date: /home/kvasik/ros2_ws/src/my_robot-main/install/robot_bringup/share/ament_index/resource_index/parent_prefix_path/robot_bringup
[0.538s] -- Up-to-date: /home/kvasik/ros2_ws/src/my_robot-main/install/robot_bringup/share/robot_bringup/environment/ament_prefix_path.sh
[0.538s] -- Up-to-date: /home/kvasik/ros2_ws/src/my_robot-main/install/robot_bringup/share/robot_bringup/environment/ament_prefix_path.dsv
[0.538s] -- Up-to-date: /home/kvasik/ros2_ws/src/my_robot-main/install/robot_bringup/share/robot_bringup/environment/path.sh
[0.538s] -- Up-to-date: /home/kvasik/ros2_ws/src/my_robot-main/install/robot_bringup/share/robot_bringup/environment/path.dsv
[0.538s] -- Up-to-date: /home/kvasik/ros2_ws/src/my_robot-main/install/robot_bringup/share/robot_bringup/local_setup.bash
[0.539s] -- Up-to-date: /home/kvasik/ros2_ws/src/my_robot-main/install/robot_bringup/share/robot_bringup/local_setup.sh
[0.540s] -- Up-to-date: /home/kvasik/ros2_ws/src/my_robot-main/install/robot_bringup/share/robot_bringup/local_setup.zsh
[0.540s] -- Up-to-date: /home/kvasik/ros2_ws/src/my_robot-main/install/robot_bringup/share/robot_bringup/local_setup.dsv
[0.540s] -- Installing: /home/kvasik/ros2_ws/src/my_robot-main/install/robot_bringup/share/robot_bringup/package.dsv
[0.543s] -- Up-to-date: /home/kvasik/ros2_ws/src/my_robot-main/install/robot_bringup/share/ament_index/resource_index/packages/robot_bringup
[0.543s] -- Up-to-date: /home/kvasik/ros2_ws/src/my_robot-main/install/robot_bringup/share/robot_bringup/cmake/robot_bringupConfig.cmake
[0.543s] -- Up-to-date: /home/kvasik/ros2_ws/src/my_robot-main/install/robot_bringup/share/robot_bringup/cmake/robot_bringupConfig-version.cmake
[0.543s] -- Up-to-date: /home/kvasik/ros2_ws/src/my_robot-main/install/robot_bringup/share/robot_bringup/package.xml
[0.656s] Invoked command in '/home/kvasik/ros2_ws/src/my_robot-main/build/robot_bringup' returned '0': CMAKE_PREFIX_PATH=${CMAKE_PREFIX_PATH}:/home/kvasik/ros2_ws/install/third_learning_tf2_py:/home/kvasik/ros2_ws/install/text_to_cmd_vel:/home/kvasik/ros2_ws/install/service_full_name:/home/kvasik/ros2_ws/install/py_pubsub:/home/kvasik/ros2_ws/install/my_package:/home/kvasik/ros2_ws/install/move_to_goal:/home/kvasik/ros2_ws/install/learning_tf2_py:/home/kvasik/ros2_ws/install/kvasik:/home/kvasik/ros2_ws/install/action_turtle_commands_server:/opt/ros/humble /usr/bin/cmake --install /home/kvasik/ros2_ws/src/my_robot-main/build/robot_bringup
