[2.710s] DEBUG:colcon:Command line arguments: ['/usr/bin/colcon', 'build']
[2.710s] DEBUG:colcon:Parsed command line arguments: Namespace(log_base=None, log_level=None, verb_name='build', build_base='build', install_base='install', merge_install=False, symlink_install=False, test_result_base=None, continue_on_error=False, executor='parallel', parallel_workers=8, event_handlers=None, ignore_user_meta=False, metas=['./colcon.meta'], base_paths=['.'], packages_ignore=None, packages_ignore_regex=None, paths=None, packages_up_to=None, packages_up_to_regex=None, packages_above=None, packages_above_and_dependencies=None, packages_above_depth=None, packages_select_by_dep=None, packages_skip_by_dep=None, packages_skip_up_to=None, packages_select_build_failed=False, packages_skip_build_finished=False, packages_select_test_failures=False, packages_skip_test_passed=False, packages_select=None, packages_skip=None, packages_select_regex=None, packages_skip_regex=None, packages_start=None, packages_end=None, allow_overriding=[], cmake_args=None, cmake_target=None, cmake_target_skip_unavailable=False, cmake_clean_cache=False, cmake_clean_first=False, cmake_force_configure=False, ament_cmake_args=None, catkin_cmake_args=None, catkin_skip_building_tests=False, verb_parser=<colcon_defaults.argument_parser.defaults.DefaultArgumentsDecorator object at 0x7f73a74f72e0>, verb_extension=<colcon_core.verb.build.BuildVerb object at 0x7f73a74f6680>, main=<bound method BuildVerb.main of <colcon_core.verb.build.BuildVerb object at 0x7f73a74f6680>>)
[2.824s] Level 1:colcon.colcon_core.package_discovery:discover_packages(colcon_meta) check parameters
[2.824s] Level 1:colcon.colcon_core.package_discovery:discover_packages(recursive) check parameters
[2.824s] Level 1:colcon.colcon_core.package_discovery:discover_packages(ignore) check parameters
[2.824s] Level 1:colcon.colcon_core.package_discovery:discover_packages(path) check parameters
[2.825s] Level 1:colcon.colcon_core.package_discovery:discover_packages(colcon_meta) discover
[2.825s] Level 1:colcon.colcon_core.package_discovery:discover_packages(recursive) discover
[2.825s] INFO:colcon.colcon_core.package_discovery:Crawling recursively for packages in '/home/kvasik/ros2_ws/src/robot_walking'
[2.825s] Level 1:colcon.colcon_core.package_identification:_identify(.) by extensions ['ignore', 'ignore_ament_install']
[2.825s] Level 1:colcon.colcon_core.package_identification:_identify(.) by extension 'ignore'
[2.825s] Level 1:colcon.colcon_core.package_identification:_identify(.) by extension 'ignore_ament_install'
[2.825s] Level 1:colcon.colcon_core.package_identification:_identify(.) by extensions ['colcon_pkg']
[2.825s] Level 1:colcon.colcon_core.package_identification:_identify(.) by extension 'colcon_pkg'
[2.826s] Level 1:colcon.colcon_core.package_identification:_identify(.) by extensions ['colcon_meta']
[2.826s] Level 1:colcon.colcon_core.package_identification:_identify(.) by extension 'colcon_meta'
[2.826s] Level 1:colcon.colcon_core.package_identification:_identify(.) by extensions ['ros']
[2.826s] Level 1:colcon.colcon_core.package_identification:_identify(.) by extension 'ros'
[2.848s] DEBUG:colcon.colcon_core.package_identification:Package '.' with type 'ros.ament_python' and name 'robot_walking'
[2.849s] Level 1:colcon.colcon_core.package_discovery:discover_packages(recursive) using defaults
[2.849s] Level 1:colcon.colcon_core.package_discovery:discover_packages(ignore) discover
[2.849s] Level 1:colcon.colcon_core.package_discovery:discover_packages(ignore) using defaults
[2.849s] Level 1:colcon.colcon_core.package_discovery:discover_packages(path) discover
[2.849s] Level 1:colcon.colcon_core.package_discovery:discover_packages(path) using defaults
[3.112s] Level 1:colcon.colcon_core.package_discovery:discover_packages(prefix_path) check parameters
[3.112s] Level 1:colcon.colcon_core.package_discovery:discover_packages(prefix_path) discover
[3.202s] DEBUG:colcon.colcon_installed_package_information.package_discovery:Found 3 installed packages in /home/kvasik/ros2_ws/src/my_robot-main/install
[3.245s] DEBUG:colcon.colcon_installed_package_information.package_discovery:Found 1 installed packages in /home/kvasik/ros2_ws/src/robot_walking/install
[3.285s] DEBUG:colcon.colcon_installed_package_information.package_discovery:Found 27 installed packages in /home/kvasik/ros2_ws/install
[3.329s] DEBUG:colcon.colcon_installed_package_information.package_discovery:Found 300 installed packages in /opt/ros/humble
[3.332s] Level 1:colcon.colcon_core.package_discovery:discover_packages(prefix_path) using defaults
[3.535s] Level 5:colcon.colcon_core.verb:set package 'robot_walking' build argument 'cmake_args' from command line to 'None'
[3.535s] Level 5:colcon.colcon_core.verb:set package 'robot_walking' build argument 'cmake_target' from command line to 'None'
[3.535s] Level 5:colcon.colcon_core.verb:set package 'robot_walking' build argument 'cmake_target_skip_unavailable' from command line to 'False'
[3.535s] Level 5:colcon.colcon_core.verb:set package 'robot_walking' build argument 'cmake_clean_cache' from command line to 'False'
[3.535s] Level 5:colcon.colcon_core.verb:set package 'robot_walking' build argument 'cmake_clean_first' from command line to 'False'
[3.535s] Level 5:colcon.colcon_core.verb:set package 'robot_walking' build argument 'cmake_force_configure' from command line to 'False'
[3.535s] Level 5:colcon.colcon_core.verb:set package 'robot_walking' build argument 'ament_cmake_args' from command line to 'None'
[3.535s] Level 5:colcon.colcon_core.verb:set package 'robot_walking' build argument 'catkin_cmake_args' from command line to 'None'
[3.535s] Level 5:colcon.colcon_core.verb:set package 'robot_walking' build argument 'catkin_skip_building_tests' from command line to 'False'
[3.535s] DEBUG:colcon.colcon_core.verb:Building package 'robot_walking' with the following arguments: {'ament_cmake_args': None, 'build_base': '/home/kvasik/ros2_ws/src/robot_walking/build/robot_walking', 'catkin_cmake_args': None, 'catkin_skip_building_tests': False, 'cmake_args': None, 'cmake_clean_cache': False, 'cmake_clean_first': False, 'cmake_force_configure': False, 'cmake_target': None, 'cmake_target_skip_unavailable': False, 'install_base': '/home/kvasik/ros2_ws/src/robot_walking/install/robot_walking', 'merge_install': False, 'path': '/home/kvasik/ros2_ws/src/robot_walking', 'symlink_install': False, 'test_result_base': None}
[3.574s] INFO:colcon.colcon_core.executor:Executing jobs using 'parallel' executor
[3.614s] DEBUG:colcon.colcon_parallel_executor.executor.parallel:run_until_complete
[3.614s] INFO:colcon.colcon_ros.task.ament_python.build:Building ROS package in '/home/kvasik/ros2_ws/src/robot_walking' with build type 'ament_python'
[3.615s] Level 1:colcon.colcon_core.shell:create_environment_hook('robot_walking', 'ament_prefix_path')
[3.660s] INFO:colcon.colcon_core.plugin_system:Skipping extension 'colcon_core.shell.bat': Not used on non-Windows systems
[3.661s] INFO:colcon.colcon_core.shell:Creating environment hook '/home/kvasik/ros2_ws/src/robot_walking/install/robot_walking/share/robot_walking/hook/ament_prefix_path.ps1'
[3.662s] INFO:colcon.colcon_core.shell:Creating environment descriptor '/home/kvasik/ros2_ws/src/robot_walking/install/robot_walking/share/robot_walking/hook/ament_prefix_path.dsv'
[3.662s] INFO:colcon.colcon_core.shell:Creating environment hook '/home/kvasik/ros2_ws/src/robot_walking/install/robot_walking/share/robot_walking/hook/ament_prefix_path.sh'
[3.707s] INFO:colcon.colcon_core.shell:Skip shell extension 'powershell' for command environment: Not usable outside of PowerShell
[3.707s] DEBUG:colcon.colcon_core.shell:Skip shell extension 'dsv' for command environment
[4.553s] INFO:colcon.colcon_core.task.python.build:Building Python package in '/home/kvasik/ros2_ws/src/robot_walking'
[4.623s] INFO:colcon.colcon_core.shell:Skip shell extension 'powershell' for command environment: Not usable outside of PowerShell
[4.624s] DEBUG:colcon.colcon_core.shell:Skip shell extension 'dsv' for command environment
[5.647s] DEBUG:colcon.colcon_core.event_handler.log_command:Invoking command in '/home/kvasik/ros2_ws/src/robot_walking': PYTHONPATH=/home/kvasik/ros2_ws/src/robot_walking/build/robot_walking/prefix_override:/home/kvasik/ros2_ws/src/robot_walking/install/robot_walking/lib/python3.10/site-packages:${PYTHONPATH} /usr/bin/python3 setup.py egg_info --egg-base build/robot_walking build --build-base /home/kvasik/ros2_ws/src/robot_walking/build/robot_walking/build install --record /home/kvasik/ros2_ws/src/robot_walking/build/robot_walking/install.log --single-version-externally-managed
[6.308s] DEBUG:colcon.colcon_core.event_handler.log_command:Invoked command in '/home/kvasik/ros2_ws/src/robot_walking' returned '0': PYTHONPATH=/home/kvasik/ros2_ws/src/robot_walking/build/robot_walking/prefix_override:/home/kvasik/ros2_ws/src/robot_walking/install/robot_walking/lib/python3.10/site-packages:${PYTHONPATH} /usr/bin/python3 setup.py egg_info --egg-base build/robot_walking build --build-base /home/kvasik/ros2_ws/src/robot_walking/build/robot_walking/build install --record /home/kvasik/ros2_ws/src/robot_walking/build/robot_walking/install.log --single-version-externally-managed
[6.353s] Level 1:colcon.colcon_core.environment:checking '/home/kvasik/ros2_ws/src/robot_walking/install/robot_walking' for CMake module files
[6.354s] Level 1:colcon.colcon_core.environment:checking '/home/kvasik/ros2_ws/src/robot_walking/install/robot_walking' for CMake config files
[6.355s] Level 1:colcon.colcon_core.environment:checking '/home/kvasik/ros2_ws/src/robot_walking/install/robot_walking/lib'
[6.355s] Level 1:colcon.colcon_core.environment:checking '/home/kvasik/ros2_ws/src/robot_walking/install/robot_walking/bin'
[6.355s] Level 1:colcon.colcon_core.environment:checking '/home/kvasik/ros2_ws/src/robot_walking/install/robot_walking/lib/pkgconfig/robot_walking.pc'
[6.356s] Level 1:colcon.colcon_core.environment:checking '/home/kvasik/ros2_ws/src/robot_walking/install/robot_walking/lib/python3.10/site-packages'
[6.356s] Level 1:colcon.colcon_core.shell:create_environment_hook('robot_walking', 'pythonpath')
[6.398s] INFO:colcon.colcon_core.shell:Creating environment hook '/home/kvasik/ros2_ws/src/robot_walking/install/robot_walking/share/robot_walking/hook/pythonpath.ps1'
[6.399s] INFO:colcon.colcon_core.shell:Creating environment descriptor '/home/kvasik/ros2_ws/src/robot_walking/install/robot_walking/share/robot_walking/hook/pythonpath.dsv'
[6.400s] INFO:colcon.colcon_core.shell:Creating environment hook '/home/kvasik/ros2_ws/src/robot_walking/install/robot_walking/share/robot_walking/hook/pythonpath.sh'
[6.400s] Level 1:colcon.colcon_core.environment:checking '/home/kvasik/ros2_ws/src/robot_walking/install/robot_walking/bin'
[6.401s] Level 1:colcon.colcon_core.environment:create_environment_scripts_only(robot_walking)
[6.443s] INFO:colcon.colcon_core.shell:Creating package script '/home/kvasik/ros2_ws/src/robot_walking/install/robot_walking/share/robot_walking/package.ps1'
[6.444s] INFO:colcon.colcon_core.shell:Creating package descriptor '/home/kvasik/ros2_ws/src/robot_walking/install/robot_walking/share/robot_walking/package.dsv'
[6.445s] INFO:colcon.colcon_core.shell:Creating package script '/home/kvasik/ros2_ws/src/robot_walking/install/robot_walking/share/robot_walking/package.sh'
[6.447s] INFO:colcon.colcon_core.shell:Creating package script '/home/kvasik/ros2_ws/src/robot_walking/install/robot_walking/share/robot_walking/package.bash'
[6.448s] INFO:colcon.colcon_core.shell:Creating package script '/home/kvasik/ros2_ws/src/robot_walking/install/robot_walking/share/robot_walking/package.zsh'
[6.449s] Level 1:colcon.colcon_core.environment:create_file_with_runtime_dependencies(/home/kvasik/ros2_ws/src/robot_walking/install/robot_walking/share/colcon-core/packages/robot_walking)
[6.449s] DEBUG:colcon.colcon_parallel_executor.executor.parallel:closing loop
[6.450s] DEBUG:colcon.colcon_parallel_executor.executor.parallel:loop closed
[6.450s] DEBUG:colcon.colcon_parallel_executor.executor.parallel:run_until_complete finished with '0'
[6.450s] DEBUG:colcon.colcon_core.event_reactor:joining thread
[6.513s] INFO:colcon.colcon_core.plugin_system:Skipping extension 'colcon_notification.desktop_notification.terminal_notifier': Not used on non-Darwin systems
[6.513s] INFO:colcon.colcon_core.plugin_system:Skipping extension 'colcon_notification.desktop_notification.win32': Not used on non-Windows systems
[6.513s] INFO:colcon.colcon_notification.desktop_notification:Sending desktop notification using 'notify2'
[6.534s] DEBUG:colcon.colcon_core.event_reactor:joined thread
[6.580s] INFO:colcon.colcon_core.shell:Creating prefix script '/home/kvasik/ros2_ws/src/robot_walking/install/local_setup.ps1'
[6.582s] INFO:colcon.colcon_core.shell:Creating prefix util module '/home/kvasik/ros2_ws/src/robot_walking/install/_local_setup_util_ps1.py'
[6.584s] INFO:colcon.colcon_core.shell:Creating prefix chain script '/home/kvasik/ros2_ws/src/robot_walking/install/setup.ps1'
[6.633s] INFO:colcon.colcon_core.shell:Creating prefix script '/home/kvasik/ros2_ws/src/robot_walking/install/local_setup.sh'
[6.634s] INFO:colcon.colcon_core.shell:Creating prefix util module '/home/kvasik/ros2_ws/src/robot_walking/install/_local_setup_util_sh.py'
[6.635s] INFO:colcon.colcon_core.shell:Creating prefix chain script '/home/kvasik/ros2_ws/src/robot_walking/install/setup.sh'
[6.682s] INFO:colcon.colcon_core.shell:Creating prefix script '/home/kvasik/ros2_ws/src/robot_walking/install/local_setup.bash'
[6.683s] INFO:colcon.colcon_core.shell:Creating prefix chain script '/home/kvasik/ros2_ws/src/robot_walking/install/setup.bash'
[6.731s] INFO:colcon.colcon_core.shell:Creating prefix script '/home/kvasik/ros2_ws/src/robot_walking/install/local_setup.zsh'
[6.732s] INFO:colcon.colcon_core.shell:Creating prefix chain script '/home/kvasik/ros2_ws/src/robot_walking/install/setup.zsh'
