running egg_info
creating build/robot_walking/robot_walking.egg-info
writing build/robot_walking/robot_walking.egg-info/PKG-INFO
writing dependency_links to build/robot_walking/robot_walking.egg-info/dependency_links.txt
writing entry points to build/robot_walking/robot_walking.egg-info/entry_points.txt
writing requirements to build/robot_walking/robot_walking.egg-info/requires.txt
writing top-level names to build/robot_walking/robot_walking.egg-info/top_level.txt
writing manifest file 'build/robot_walking/robot_walking.egg-info/SOURCES.txt'
reading manifest file 'build/robot_walking/robot_walking.egg-info/SOURCES.txt'
writing manifest file 'build/robot_walking/robot_walking.egg-info/SOURCES.txt'
running build
running build_py
creating /home/kvasik/ros2_ws/src/robot_walking/build/robot_walking/build
creating /home/kvasik/ros2_ws/src/robot_walking/build/robot_walking/build/lib
creating /home/kvasik/ros2_ws/src/robot_walking/build/robot_walking/build/lib/robot_walking
copying robot_walking/robot_walking.py -> /home/kvasik/ros2_ws/src/robot_walking/build/robot_walking/build/lib/robot_walking
copying robot_walking/unique_robot_walking.py -> /home/kvasik/ros2_ws/src/robot_walking/build/robot_walking/build/lib/robot_walking
copying robot_walking/__init__.py -> /home/kvasik/ros2_ws/src/robot_walking/build/robot_walking/build/lib/robot_walking
copying robot_walking/depth_robot_walking.py -> /home/kvasik/ros2_ws/src/robot_walking/build/robot_walking/build/lib/robot_walking
running install
running install_lib
creating /home/kvasik/ros2_ws/src/robot_walking/install/robot_walking/lib/python3.10/site-packages/robot_walking
copying /home/kvasik/ros2_ws/src/robot_walking/build/robot_walking/build/lib/robot_walking/robot_walking.py -> /home/kvasik/ros2_ws/src/robot_walking/install/robot_walking/lib/python3.10/site-packages/robot_walking
copying /home/kvasik/ros2_ws/src/robot_walking/build/robot_walking/build/lib/robot_walking/unique_robot_walking.py -> /home/kvasik/ros2_ws/src/robot_walking/install/robot_walking/lib/python3.10/site-packages/robot_walking
copying /home/kvasik/ros2_ws/src/robot_walking/build/robot_walking/build/lib/robot_walking/__init__.py -> /home/kvasik/ros2_ws/src/robot_walking/install/robot_walking/lib/python3.10/site-packages/robot_walking
copying /home/kvasik/ros2_ws/src/robot_walking/build/robot_walking/build/lib/robot_walking/depth_robot_walking.py -> /home/kvasik/ros2_ws/src/robot_walking/install/robot_walking/lib/python3.10/site-packages/robot_walking
byte-compiling /home/kvasik/ros2_ws/src/robot_walking/install/robot_walking/lib/python3.10/site-packages/robot_walking/robot_walking.py to robot_walking.cpython-310.pyc
byte-compiling /home/kvasik/ros2_ws/src/robot_walking/install/robot_walking/lib/python3.10/site-packages/robot_walking/unique_robot_walking.py to unique_robot_walking.cpython-310.pyc
byte-compiling /home/kvasik/ros2_ws/src/robot_walking/install/robot_walking/lib/python3.10/site-packages/robot_walking/__init__.py to __init__.cpython-310.pyc
byte-compiling /home/kvasik/ros2_ws/src/robot_walking/install/robot_walking/lib/python3.10/site-packages/robot_walking/depth_robot_walking.py to depth_robot_walking.cpython-310.pyc
running install_data
creating /home/kvasik/ros2_ws/src/robot_walking/install/robot_walking/share/ament_index
creating /home/kvasik/ros2_ws/src/robot_walking/install/robot_walking/share/ament_index/resource_index
creating /home/kvasik/ros2_ws/src/robot_walking/install/robot_walking/share/ament_index/resource_index/packages
copying resource/robot_walking -> /home/kvasik/ros2_ws/src/robot_walking/install/robot_walking/share/ament_index/resource_index/packages
copying package.xml -> /home/kvasik/ros2_ws/src/robot_walking/install/robot_walking/share/robot_walking
running install_egg_info
Copying build/robot_walking/robot_walking.egg-info to /home/kvasik/ros2_ws/src/robot_walking/install/robot_walking/lib/python3.10/site-packages/robot_walking-0.0.0-py3.10.egg-info
running install_scripts
Installing forward_walking = robot_walking.forward_walking:maindepth_robot_walking script to /home/kvasik/ros2_ws/src/robot_walking/install/robot_walking/lib/robot_walking
Installing robot_walking script to /home/kvasik/ros2_ws/src/robot_walking/install/robot_walking/lib/robot_walking
Installing unique_robot_walking script to /home/kvasik/ros2_ws/src/robot_walking/install/robot_walking/lib/robot_walking
writing list of installed files to '/home/kvasik/ros2_ws/src/robot_walking/build/robot_walking/install.log'
