[1.937s] Invoking command in '/home/kvasik/ros2_ws/src/robot_walking': PYTHONPATH=/home/kvasik/ros2_ws/src/robot_walking/build/robot_walking/prefix_override:/home/kvasik/ros2_ws/src/robot_walking/install/robot_walking/lib/python3.10/site-packages:${PYTHONPATH} /usr/bin/python3 setup.py egg_info --egg-base build/robot_walking build --build-base /home/kvasik/ros2_ws/src/robot_walking/build/robot_walking/build install --record /home/kvasik/ros2_ws/src/robot_walking/build/robot_walking/install.log --single-version-externally-managed
[2.526s] running egg_info
[2.527s] creating build/robot_walking/robot_walking.egg-info
[2.527s] writing build/robot_walking/robot_walking.egg-info/PKG-INFO
[2.528s] writing dependency_links to build/robot_walking/robot_walking.egg-info/dependency_links.txt
[2.528s] writing entry points to build/robot_walking/robot_walking.egg-info/entry_points.txt
[2.528s] writing requirements to build/robot_walking/robot_walking.egg-info/requires.txt
[2.528s] writing top-level names to build/robot_walking/robot_walking.egg-info/top_level.txt
[2.529s] writing manifest file 'build/robot_walking/robot_walking.egg-info/SOURCES.txt'
[2.532s] reading manifest file 'build/robot_walking/robot_walking.egg-info/SOURCES.txt'
[2.533s] writing manifest file 'build/robot_walking/robot_walking.egg-info/SOURCES.txt'
[2.534s] running build
[2.534s] running build_py
[2.534s] creating /home/kvasik/ros2_ws/src/robot_walking/build/robot_walking/build
[2.534s] creating /home/kvasik/ros2_ws/src/robot_walking/build/robot_walking/build/lib
[2.534s] creating /home/kvasik/ros2_ws/src/robot_walking/build/robot_walking/build/lib/robot_walking
[2.534s] copying robot_walking/robot_walking.py -> /home/kvasik/ros2_ws/src/robot_walking/build/robot_walking/build/lib/robot_walking
[2.535s] copying robot_walking/unique_robot_walking.py -> /home/kvasik/ros2_ws/src/robot_walking/build/robot_walking/build/lib/robot_walking
[2.535s] copying robot_walking/__init__.py -> /home/kvasik/ros2_ws/src/robot_walking/build/robot_walking/build/lib/robot_walking
[2.535s] copying robot_walking/depth_robot_walking.py -> /home/kvasik/ros2_ws/src/robot_walking/build/robot_walking/build/lib/robot_walking
[2.535s] running install
[2.536s] running install_lib
[2.537s] creating /home/kvasik/ros2_ws/src/robot_walking/install/robot_walking/lib/python3.10/site-packages/robot_walking
[2.537s] copying /home/kvasik/ros2_ws/src/robot_walking/build/robot_walking/build/lib/robot_walking/robot_walking.py -> /home/kvasik/ros2_ws/src/robot_walking/install/robot_walking/lib/python3.10/site-packages/robot_walking
[2.537s] copying /home/kvasik/ros2_ws/src/robot_walking/build/robot_walking/build/lib/robot_walking/unique_robot_walking.py -> /home/kvasik/ros2_ws/src/robot_walking/install/robot_walking/lib/python3.10/site-packages/robot_walking
[2.538s] copying /home/kvasik/ros2_ws/src/robot_walking/build/robot_walking/build/lib/robot_walking/__init__.py -> /home/kvasik/ros2_ws/src/robot_walking/install/robot_walking/lib/python3.10/site-packages/robot_walking
[2.538s] copying /home/kvasik/ros2_ws/src/robot_walking/build/robot_walking/build/lib/robot_walking/depth_robot_walking.py -> /home/kvasik/ros2_ws/src/robot_walking/install/robot_walking/lib/python3.10/site-packages/robot_walking
[2.539s] byte-compiling /home/kvasik/ros2_ws/src/robot_walking/install/robot_walking/lib/python3.10/site-packages/robot_walking/robot_walking.py to robot_walking.cpython-310.pyc
[2.540s] byte-compiling /home/kvasik/ros2_ws/src/robot_walking/install/robot_walking/lib/python3.10/site-packages/robot_walking/unique_robot_walking.py to unique_robot_walking.cpython-310.pyc
[2.540s] byte-compiling /home/kvasik/ros2_ws/src/robot_walking/install/robot_walking/lib/python3.10/site-packages/robot_walking/__init__.py to __init__.cpython-310.pyc
[2.541s] byte-compiling /home/kvasik/ros2_ws/src/robot_walking/install/robot_walking/lib/python3.10/site-packages/robot_walking/depth_robot_walking.py to depth_robot_walking.cpython-310.pyc
[2.541s] running install_data
[2.543s] creating /home/kvasik/ros2_ws/src/robot_walking/install/robot_walking/share/ament_index
[2.543s] creating /home/kvasik/ros2_ws/src/robot_walking/install/robot_walking/share/ament_index/resource_index
[2.544s] creating /home/kvasik/ros2_ws/src/robot_walking/install/robot_walking/share/ament_index/resource_index/packages
[2.544s] copying resource/robot_walking -> /home/kvasik/ros2_ws/src/robot_walking/install/robot_walking/share/ament_index/resource_index/packages
[2.544s] copying package.xml -> /home/kvasik/ros2_ws/src/robot_walking/install/robot_walking/share/robot_walking
[2.544s] running install_egg_info
[2.547s] Copying build/robot_walking/robot_walking.egg-info to /home/kvasik/ros2_ws/src/robot_walking/install/robot_walking/lib/python3.10/site-packages/robot_walking-0.0.0-py3.10.egg-info
[2.548s] running install_scripts
[2.583s] Installing forward_walking = robot_walking.forward_walking:maindepth_robot_walking script to /home/kvasik/ros2_ws/src/robot_walking/install/robot_walking/lib/robot_walking
[2.583s] Installing robot_walking script to /home/kvasik/ros2_ws/src/robot_walking/install/robot_walking/lib/robot_walking
[2.584s] Installing unique_robot_walking script to /home/kvasik/ros2_ws/src/robot_walking/install/robot_walking/lib/robot_walking
[2.584s] writing list of installed files to '/home/kvasik/ros2_ws/src/robot_walking/build/robot_walking/install.log'
[2.637s] Invoked command in '/home/kvasik/ros2_ws/src/robot_walking' returned '0': PYTHONPATH=/home/kvasik/ros2_ws/src/robot_walking/build/robot_walking/prefix_override:/home/kvasik/ros2_ws/src/robot_walking/install/robot_walking/lib/python3.10/site-packages:${PYTHONPATH} /usr/bin/python3 setup.py egg_info --egg-base build/robot_walking build --build-base /home/kvasik/ros2_ws/src/robot_walking/build/robot_walking/build install --record /home/kvasik/ros2_ws/src/robot_walking/build/robot_walking/install.log --single-version-externally-managed
