[1.313s] DEBUG:colcon:Command line arguments: ['/usr/bin/colcon', 'build']
[1.313s] DEBUG:colcon:Parsed command line arguments: Namespace(log_base=None, log_level=None, verb_name='build', build_base='build', install_base='install', merge_install=False, symlink_install=False, test_result_base=None, continue_on_error=False, executor='parallel', parallel_workers=8, event_handlers=None, ignore_user_meta=False, metas=['./colcon.meta'], base_paths=['.'], packages_ignore=None, packages_ignore_regex=None, paths=None, packages_up_to=None, packages_up_to_regex=None, packages_above=None, packages_above_and_dependencies=None, packages_above_depth=None, packages_select_by_dep=None, packages_skip_by_dep=None, packages_skip_up_to=None, packages_select_build_failed=False, packages_skip_build_finished=False, packages_select_test_failures=False, packages_skip_test_passed=False, packages_select=None, packages_skip=None, packages_select_regex=None, packages_skip_regex=None, packages_start=None, packages_end=None, allow_overriding=[], cmake_args=None, cmake_target=None, cmake_target_skip_unavailable=False, cmake_clean_cache=False, cmake_clean_first=False, cmake_force_configure=False, ament_cmake_args=None, catkin_cmake_args=None, catkin_skip_building_tests=False, verb_parser=<colcon_defaults.argument_parser.defaults.DefaultArgumentsDecorator object at 0x7f1fce147f10>, verb_extension=<colcon_core.verb.build.BuildVerb object at 0x7f1fce144910>, main=<bound method BuildVerb.main of <colcon_core.verb.build.BuildVerb object at 0x7f1fce144910>>)
[1.371s] Level 1:colcon.colcon_core.package_discovery:discover_packages(colcon_meta) check parameters
[1.371s] Level 1:colcon.colcon_core.package_discovery:discover_packages(recursive) check parameters
[1.371s] Level 1:colcon.colcon_core.package_discovery:discover_packages(ignore) check parameters
[1.371s] Level 1:colcon.colcon_core.package_discovery:discover_packages(path) check parameters
[1.371s] Level 1:colcon.colcon_core.package_discovery:discover_packages(colcon_meta) discover
[1.371s] Level 1:colcon.colcon_core.package_discovery:discover_packages(recursive) discover
[1.371s] INFO:colcon.colcon_core.package_discovery:Crawling recursively for packages in '/home/kvasik/ros2_ws/src/my_robot-main'
[1.372s] Level 1:colcon.colcon_core.package_identification:_identify(.) by extensions ['ignore', 'ignore_ament_install']
[1.372s] Level 1:colcon.colcon_core.package_identification:_identify(.) by extension 'ignore'
[1.372s] Level 1:colcon.colcon_core.package_identification:_identify(.) by extension 'ignore_ament_install'
[1.372s] Level 1:colcon.colcon_core.package_identification:_identify(.) by extensions ['colcon_pkg']
[1.372s] Level 1:colcon.colcon_core.package_identification:_identify(.) by extension 'colcon_pkg'
[1.372s] Level 1:colcon.colcon_core.package_identification:_identify(.) by extensions ['colcon_meta']
[1.372s] Level 1:colcon.colcon_core.package_identification:_identify(.) by extension 'colcon_meta'
[1.372s] Level 1:colcon.colcon_core.package_identification:_identify(.) by extensions ['ros']
[1.372s] Level 1:colcon.colcon_core.package_identification:_identify(.) by extension 'ros'
[1.384s] Level 1:colcon.colcon_core.package_identification:_identify(.) by extensions ['cmake', 'python']
[1.384s] Level 1:colcon.colcon_core.package_identification:_identify(.) by extension 'cmake'
[1.384s] Level 1:colcon.colcon_core.package_identification:_identify(.) by extension 'python'
[1.384s] Level 1:colcon.colcon_core.package_identification:_identify(.) by extensions ['python_setup_py']
[1.384s] Level 1:colcon.colcon_core.package_identification:_identify(.) by extension 'python_setup_py'
[1.384s] Level 1:colcon.colcon_core.package_identification:_identify(build) by extensions ['ignore', 'ignore_ament_install']
[1.384s] Level 1:colcon.colcon_core.package_identification:_identify(build) by extension 'ignore'
[1.384s] Level 1:colcon.colcon_core.package_identification:_identify(build) ignored
[1.385s] Level 1:colcon.colcon_core.package_identification:_identify(install) by extensions ['ignore', 'ignore_ament_install']
[1.385s] Level 1:colcon.colcon_core.package_identification:_identify(install) by extension 'ignore'
[1.385s] Level 1:colcon.colcon_core.package_identification:_identify(install) ignored
[1.385s] Level 1:colcon.colcon_core.package_identification:_identify(log) by extensions ['ignore', 'ignore_ament_install']
[1.385s] Level 1:colcon.colcon_core.package_identification:_identify(log) by extension 'ignore'
[1.385s] Level 1:colcon.colcon_core.package_identification:_identify(log) ignored
[1.385s] Level 1:colcon.colcon_core.package_identification:_identify(robot_app) by extensions ['ignore', 'ignore_ament_install']
[1.385s] Level 1:colcon.colcon_core.package_identification:_identify(robot_app) by extension 'ignore'
[1.385s] Level 1:colcon.colcon_core.package_identification:_identify(robot_app) by extension 'ignore_ament_install'
[1.385s] Level 1:colcon.colcon_core.package_identification:_identify(robot_app) by extensions ['colcon_pkg']
[1.385s] Level 1:colcon.colcon_core.package_identification:_identify(robot_app) by extension 'colcon_pkg'
[1.385s] Level 1:colcon.colcon_core.package_identification:_identify(robot_app) by extensions ['colcon_meta']
[1.385s] Level 1:colcon.colcon_core.package_identification:_identify(robot_app) by extension 'colcon_meta'
[1.386s] Level 1:colcon.colcon_core.package_identification:_identify(robot_app) by extensions ['ros']
[1.386s] Level 1:colcon.colcon_core.package_identification:_identify(robot_app) by extension 'ros'
[1.388s] DEBUG:colcon.colcon_core.package_identification:Package 'robot_app' with type 'ros.ament_cmake' and name 'robot_app'
[1.388s] Level 1:colcon.colcon_core.package_identification:_identify(robot_bringup) by extensions ['ignore', 'ignore_ament_install']
[1.388s] Level 1:colcon.colcon_core.package_identification:_identify(robot_bringup) by extension 'ignore'
[1.388s] Level 1:colcon.colcon_core.package_identification:_identify(robot_bringup) by extension 'ignore_ament_install'
[1.388s] Level 1:colcon.colcon_core.package_identification:_identify(robot_bringup) by extensions ['colcon_pkg']
[1.388s] Level 1:colcon.colcon_core.package_identification:_identify(robot_bringup) by extension 'colcon_pkg'
[1.388s] Level 1:colcon.colcon_core.package_identification:_identify(robot_bringup) by extensions ['colcon_meta']
[1.388s] Level 1:colcon.colcon_core.package_identification:_identify(robot_bringup) by extension 'colcon_meta'
[1.389s] Level 1:colcon.colcon_core.package_identification:_identify(robot_bringup) by extensions ['ros']
[1.389s] Level 1:colcon.colcon_core.package_identification:_identify(robot_bringup) by extension 'ros'
[1.389s] DEBUG:colcon.colcon_core.package_identification:Package 'robot_bringup' with type 'ros.ament_cmake' and name 'robot_bringup'
[1.389s] Level 1:colcon.colcon_core.package_identification:_identify(robot_description) by extensions ['ignore', 'ignore_ament_install']
[1.389s] Level 1:colcon.colcon_core.package_identification:_identify(robot_description) by extension 'ignore'
[1.389s] Level 1:colcon.colcon_core.package_identification:_identify(robot_description) by extension 'ignore_ament_install'
[1.389s] Level 1:colcon.colcon_core.package_identification:_identify(robot_description) by extensions ['colcon_pkg']
[1.389s] Level 1:colcon.colcon_core.package_identification:_identify(robot_description) by extension 'colcon_pkg'
[1.389s] Level 1:colcon.colcon_core.package_identification:_identify(robot_description) by extensions ['colcon_meta']
[1.389s] Level 1:colcon.colcon_core.package_identification:_identify(robot_description) by extension 'colcon_meta'
[1.389s] Level 1:colcon.colcon_core.package_identification:_identify(robot_description) by extensions ['ros']
[1.389s] Level 1:colcon.colcon_core.package_identification:_identify(robot_description) by extension 'ros'
[1.390s] DEBUG:colcon.colcon_core.package_identification:Package 'robot_description' with type 'ros.ament_cmake' and name 'robot_description'
[1.390s] Level 1:colcon.colcon_core.package_discovery:discover_packages(recursive) using defaults
[1.390s] Level 1:colcon.colcon_core.package_discovery:discover_packages(ignore) discover
[1.390s] Level 1:colcon.colcon_core.package_discovery:discover_packages(ignore) using defaults
[1.390s] Level 1:colcon.colcon_core.package_discovery:discover_packages(path) discover
[1.390s] Level 1:colcon.colcon_core.package_discovery:discover_packages(path) using defaults
[1.507s] Level 1:colcon.colcon_core.package_discovery:discover_packages(prefix_path) check parameters
[1.507s] Level 1:colcon.colcon_core.package_discovery:discover_packages(prefix_path) discover
[1.562s] DEBUG:colcon.colcon_installed_package_information.package_discovery:Found 3 installed packages in /home/kvasik/ros2_ws/src/my_robot-main/install
[1.582s] DEBUG:colcon.colcon_installed_package_information.package_discovery:Found 1 installed packages in /home/kvasik/ros2_ws/src/robot_walking/install
[1.602s] DEBUG:colcon.colcon_installed_package_information.package_discovery:Found 27 installed packages in /home/kvasik/ros2_ws/install
[1.622s] DEBUG:colcon.colcon_installed_package_information.package_discovery:Found 284 installed packages in /opt/ros/humble
[1.624s] Level 1:colcon.colcon_core.package_discovery:discover_packages(prefix_path) using defaults
[1.732s] Level 5:colcon.colcon_core.verb:set package 'robot_app' build argument 'cmake_args' from command line to 'None'
[1.732s] Level 5:colcon.colcon_core.verb:set package 'robot_app' build argument 'cmake_target' from command line to 'None'
[1.732s] Level 5:colcon.colcon_core.verb:set package 'robot_app' build argument 'cmake_target_skip_unavailable' from command line to 'False'
[1.732s] Level 5:colcon.colcon_core.verb:set package 'robot_app' build argument 'cmake_clean_cache' from command line to 'False'
[1.732s] Level 5:colcon.colcon_core.verb:set package 'robot_app' build argument 'cmake_clean_first' from command line to 'False'
[1.732s] Level 5:colcon.colcon_core.verb:set package 'robot_app' build argument 'cmake_force_configure' from command line to 'False'
[1.732s] Level 5:colcon.colcon_core.verb:set package 'robot_app' build argument 'ament_cmake_args' from command line to 'None'
[1.732s] Level 5:colcon.colcon_core.verb:set package 'robot_app' build argument 'catkin_cmake_args' from command line to 'None'
[1.732s] Level 5:colcon.colcon_core.verb:set package 'robot_app' build argument 'catkin_skip_building_tests' from command line to 'False'
[1.732s] DEBUG:colcon.colcon_core.verb:Building package 'robot_app' with the following arguments: {'ament_cmake_args': None, 'build_base': '/home/kvasik/ros2_ws/src/my_robot-main/build/robot_app', 'catkin_cmake_args': None, 'catkin_skip_building_tests': False, 'cmake_args': None, 'cmake_clean_cache': False, 'cmake_clean_first': False, 'cmake_force_configure': False, 'cmake_target': None, 'cmake_target_skip_unavailable': False, 'install_base': '/home/kvasik/ros2_ws/src/my_robot-main/install/robot_app', 'merge_install': False, 'path': '/home/kvasik/ros2_ws/src/my_robot-main/robot_app', 'symlink_install': False, 'test_result_base': None}
[1.751s] Level 5:colcon.colcon_core.verb:set package 'robot_bringup' build argument 'cmake_args' from command line to 'None'
[1.751s] Level 5:colcon.colcon_core.verb:set package 'robot_bringup' build argument 'cmake_target' from command line to 'None'
[1.752s] Level 5:colcon.colcon_core.verb:set package 'robot_bringup' build argument 'cmake_target_skip_unavailable' from command line to 'False'
[1.752s] Level 5:colcon.colcon_core.verb:set package 'robot_bringup' build argument 'cmake_clean_cache' from command line to 'False'
[1.752s] Level 5:colcon.colcon_core.verb:set package 'robot_bringup' build argument 'cmake_clean_first' from command line to 'False'
[1.752s] Level 5:colcon.colcon_core.verb:set package 'robot_bringup' build argument 'cmake_force_configure' from command line to 'False'
[1.752s] Level 5:colcon.colcon_core.verb:set package 'robot_bringup' build argument 'ament_cmake_args' from command line to 'None'
[1.752s] Level 5:colcon.colcon_core.verb:set package 'robot_bringup' build argument 'catkin_cmake_args' from command line to 'None'
[1.752s] Level 5:colcon.colcon_core.verb:set package 'robot_bringup' build argument 'catkin_skip_building_tests' from command line to 'False'
[1.752s] DEBUG:colcon.colcon_core.verb:Building package 'robot_bringup' with the following arguments: {'ament_cmake_args': None, 'build_base': '/home/kvasik/ros2_ws/src/my_robot-main/build/robot_bringup', 'catkin_cmake_args': None, 'catkin_skip_building_tests': False, 'cmake_args': None, 'cmake_clean_cache': False, 'cmake_clean_first': False, 'cmake_force_configure': False, 'cmake_target': None, 'cmake_target_skip_unavailable': False, 'install_base': '/home/kvasik/ros2_ws/src/my_robot-main/install/robot_bringup', 'merge_install': False, 'path': '/home/kvasik/ros2_ws/src/my_robot-main/robot_bringup', 'symlink_install': False, 'test_result_base': None}
[1.771s] Level 5:colcon.colcon_core.verb:set package 'robot_description' build argument 'cmake_args' from command line to 'None'
[1.771s] Level 5:colcon.colcon_core.verb:set package 'robot_description' build argument 'cmake_target' from command line to 'None'
[1.771s] Level 5:colcon.colcon_core.verb:set package 'robot_description' build argument 'cmake_target_skip_unavailable' from command line to 'False'
[1.771s] Level 5:colcon.colcon_core.verb:set package 'robot_description' build argument 'cmake_clean_cache' from command line to 'False'
[1.771s] Level 5:colcon.colcon_core.verb:set package 'robot_description' build argument 'cmake_clean_first' from command line to 'False'
[1.771s] Level 5:colcon.colcon_core.verb:set package 'robot_description' build argument 'cmake_force_configure' from command line to 'False'
[1.771s] Level 5:colcon.colcon_core.verb:set package 'robot_description' build argument 'ament_cmake_args' from command line to 'None'
[1.771s] Level 5:colcon.colcon_core.verb:set package 'robot_description' build argument 'catkin_cmake_args' from command line to 'None'
[1.771s] Level 5:colcon.colcon_core.verb:set package 'robot_description' build argument 'catkin_skip_building_tests' from command line to 'False'
[1.771s] DEBUG:colcon.colcon_core.verb:Building package 'robot_description' with the following arguments: {'ament_cmake_args': None, 'build_base': '/home/kvasik/ros2_ws/src/my_robot-main/build/robot_description', 'catkin_cmake_args': None, 'catkin_skip_building_tests': False, 'cmake_args': None, 'cmake_clean_cache': False, 'cmake_clean_first': False, 'cmake_force_configure': False, 'cmake_target': None, 'cmake_target_skip_unavailable': False, 'install_base': '/home/kvasik/ros2_ws/src/my_robot-main/install/robot_description', 'merge_install': False, 'path': '/home/kvasik/ros2_ws/src/my_robot-main/robot_description', 'symlink_install': False, 'test_result_base': None}
[1.790s] INFO:colcon.colcon_core.executor:Executing jobs using 'parallel' executor
[1.810s] DEBUG:colcon.colcon_parallel_executor.executor.parallel:run_until_complete
[1.811s] INFO:colcon.colcon_ros.task.ament_cmake.build:Building ROS package in '/home/kvasik/ros2_ws/src/my_robot-main/robot_app' with build type 'ament_cmake'
[1.811s] INFO:colcon.colcon_cmake.task.cmake.build:Building CMake package in '/home/kvasik/ros2_ws/src/my_robot-main/robot_app'
[1.832s] INFO:colcon.colcon_core.plugin_system:Skipping extension 'colcon_core.shell.bat': Not used on non-Windows systems
[1.833s] INFO:colcon.colcon_core.shell:Skip shell extension 'powershell' for command environment: Not usable outside of PowerShell
[1.833s] DEBUG:colcon.colcon_core.shell:Skip shell extension 'dsv' for command environment
[1.935s] INFO:colcon.colcon_ros.task.ament_cmake.build:Building ROS package in '/home/kvasik/ros2_ws/src/my_robot-main/robot_bringup' with build type 'ament_cmake'
[1.935s] INFO:colcon.colcon_cmake.task.cmake.build:Building CMake package in '/home/kvasik/ros2_ws/src/my_robot-main/robot_bringup'
[1.956s] INFO:colcon.colcon_core.shell:Skip shell extension 'powershell' for command environment: Not usable outside of PowerShell
[1.956s] DEBUG:colcon.colcon_core.shell:Skip shell extension 'dsv' for command environment
[2.059s] INFO:colcon.colcon_ros.task.ament_cmake.build:Building ROS package in '/home/kvasik/ros2_ws/src/my_robot-main/robot_description' with build type 'ament_cmake'
[2.060s] INFO:colcon.colcon_cmake.task.cmake.build:Building CMake package in '/home/kvasik/ros2_ws/src/my_robot-main/robot_description'
[2.080s] INFO:colcon.colcon_core.shell:Skip shell extension 'powershell' for command environment: Not usable outside of PowerShell
[2.080s] DEBUG:colcon.colcon_core.shell:Skip shell extension 'dsv' for command environment
[2.192s] DEBUG:colcon.colcon_core.event_handler.log_command:Invoking command in '/home/kvasik/ros2_ws/src/my_robot-main/build/robot_app': CMAKE_PREFIX_PATH=${CMAKE_PREFIX_PATH}:/home/kvasik/ros2_ws/src/robot_walking/install/robot_walking:/home/kvasik/ros2_ws/install/third_learning_tf2_py:/home/kvasik/ros2_ws/install/text_to_cmd_vel:/home/kvasik/ros2_ws/install/service_full_name:/home/kvasik/ros2_ws/install/py_pubsub:/home/kvasik/ros2_ws/install/my_package:/home/kvasik/ros2_ws/install/move_to_goal:/home/kvasik/ros2_ws/install/learning_tf2_py:/home/kvasik/ros2_ws/install/kvasik:/home/kvasik/ros2_ws/install/action_turtle_commands_server:/opt/ros/humble /usr/bin/cmake --build /home/kvasik/ros2_ws/src/my_robot-main/build/robot_app -- -j8 -l8
[2.196s] DEBUG:colcon.colcon_core.event_handler.log_command:Invoking command in '/home/kvasik/ros2_ws/src/my_robot-main/build/robot_bringup': CMAKE_PREFIX_PATH=${CMAKE_PREFIX_PATH}:/home/kvasik/ros2_ws/src/robot_walking/install/robot_walking:/home/kvasik/ros2_ws/install/third_learning_tf2_py:/home/kvasik/ros2_ws/install/text_to_cmd_vel:/home/kvasik/ros2_ws/install/service_full_name:/home/kvasik/ros2_ws/install/py_pubsub:/home/kvasik/ros2_ws/install/my_package:/home/kvasik/ros2_ws/install/move_to_goal:/home/kvasik/ros2_ws/install/learning_tf2_py:/home/kvasik/ros2_ws/install/kvasik:/home/kvasik/ros2_ws/install/action_turtle_commands_server:/opt/ros/humble /usr/bin/cmake --build /home/kvasik/ros2_ws/src/my_robot-main/build/robot_bringup -- -j8 -l8
[2.202s] DEBUG:colcon.colcon_core.event_handler.log_command:Invoking command in '/home/kvasik/ros2_ws/src/my_robot-main/build/robot_description': CMAKE_PREFIX_PATH=${CMAKE_PREFIX_PATH}:/home/kvasik/ros2_ws/src/robot_walking/install/robot_walking:/home/kvasik/ros2_ws/install/third_learning_tf2_py:/home/kvasik/ros2_ws/install/text_to_cmd_vel:/home/kvasik/ros2_ws/install/service_full_name:/home/kvasik/ros2_ws/install/py_pubsub:/home/kvasik/ros2_ws/install/my_package:/home/kvasik/ros2_ws/install/move_to_goal:/home/kvasik/ros2_ws/install/learning_tf2_py:/home/kvasik/ros2_ws/install/kvasik:/home/kvasik/ros2_ws/install/action_turtle_commands_server:/opt/ros/humble /usr/bin/cmake --build /home/kvasik/ros2_ws/src/my_robot-main/build/robot_description -- -j8 -l8
[2.257s] DEBUG:colcon.colcon_core.event_handler.log_command:Invoked command in '/home/kvasik/ros2_ws/src/my_robot-main/build/robot_app' returned '0': CMAKE_PREFIX_PATH=${CMAKE_PREFIX_PATH}:/home/kvasik/ros2_ws/src/robot_walking/install/robot_walking:/home/kvasik/ros2_ws/install/third_learning_tf2_py:/home/kvasik/ros2_ws/install/text_to_cmd_vel:/home/kvasik/ros2_ws/install/service_full_name:/home/kvasik/ros2_ws/install/py_pubsub:/home/kvasik/ros2_ws/install/my_package:/home/kvasik/ros2_ws/install/move_to_goal:/home/kvasik/ros2_ws/install/learning_tf2_py:/home/kvasik/ros2_ws/install/kvasik:/home/kvasik/ros2_ws/install/action_turtle_commands_server:/opt/ros/humble /usr/bin/cmake --build /home/kvasik/ros2_ws/src/my_robot-main/build/robot_app -- -j8 -l8
[2.261s] DEBUG:colcon.colcon_core.event_handler.log_command:Invoked command in '/home/kvasik/ros2_ws/src/my_robot-main/build/robot_description' returned '0': CMAKE_PREFIX_PATH=${CMAKE_PREFIX_PATH}:/home/kvasik/ros2_ws/src/robot_walking/install/robot_walking:/home/kvasik/ros2_ws/install/third_learning_tf2_py:/home/kvasik/ros2_ws/install/text_to_cmd_vel:/home/kvasik/ros2_ws/install/service_full_name:/home/kvasik/ros2_ws/install/py_pubsub:/home/kvasik/ros2_ws/install/my_package:/home/kvasik/ros2_ws/install/move_to_goal:/home/kvasik/ros2_ws/install/learning_tf2_py:/home/kvasik/ros2_ws/install/kvasik:/home/kvasik/ros2_ws/install/action_turtle_commands_server:/opt/ros/humble /usr/bin/cmake --build /home/kvasik/ros2_ws/src/my_robot-main/build/robot_description -- -j8 -l8
[2.273s] DEBUG:colcon.colcon_core.event_handler.log_command:Invoked command in '/home/kvasik/ros2_ws/src/my_robot-main/build/robot_bringup' returned '0': CMAKE_PREFIX_PATH=${CMAKE_PREFIX_PATH}:/home/kvasik/ros2_ws/src/robot_walking/install/robot_walking:/home/kvasik/ros2_ws/install/third_learning_tf2_py:/home/kvasik/ros2_ws/install/text_to_cmd_vel:/home/kvasik/ros2_ws/install/service_full_name:/home/kvasik/ros2_ws/install/py_pubsub:/home/kvasik/ros2_ws/install/my_package:/home/kvasik/ros2_ws/install/move_to_goal:/home/kvasik/ros2_ws/install/learning_tf2_py:/home/kvasik/ros2_ws/install/kvasik:/home/kvasik/ros2_ws/install/action_turtle_commands_server:/opt/ros/humble /usr/bin/cmake --build /home/kvasik/ros2_ws/src/my_robot-main/build/robot_bringup -- -j8 -l8
[2.313s] DEBUG:colcon.colcon_core.event_handler.log_command:Invoking command in '/home/kvasik/ros2_ws/src/my_robot-main/build/robot_app': CMAKE_PREFIX_PATH=${CMAKE_PREFIX_PATH}:/home/kvasik/ros2_ws/src/robot_walking/install/robot_walking:/home/kvasik/ros2_ws/install/third_learning_tf2_py:/home/kvasik/ros2_ws/install/text_to_cmd_vel:/home/kvasik/ros2_ws/install/service_full_name:/home/kvasik/ros2_ws/install/py_pubsub:/home/kvasik/ros2_ws/install/my_package:/home/kvasik/ros2_ws/install/move_to_goal:/home/kvasik/ros2_ws/install/learning_tf2_py:/home/kvasik/ros2_ws/install/kvasik:/home/kvasik/ros2_ws/install/action_turtle_commands_server:/opt/ros/humble /usr/bin/cmake --install /home/kvasik/ros2_ws/src/my_robot-main/build/robot_app
[2.316s] DEBUG:colcon.colcon_core.event_handler.log_command:Invoking command in '/home/kvasik/ros2_ws/src/my_robot-main/build/robot_bringup': CMAKE_PREFIX_PATH=${CMAKE_PREFIX_PATH}:/home/kvasik/ros2_ws/src/robot_walking/install/robot_walking:/home/kvasik/ros2_ws/install/third_learning_tf2_py:/home/kvasik/ros2_ws/install/text_to_cmd_vel:/home/kvasik/ros2_ws/install/service_full_name:/home/kvasik/ros2_ws/install/py_pubsub:/home/kvasik/ros2_ws/install/my_package:/home/kvasik/ros2_ws/install/move_to_goal:/home/kvasik/ros2_ws/install/learning_tf2_py:/home/kvasik/ros2_ws/install/kvasik:/home/kvasik/ros2_ws/install/action_turtle_commands_server:/opt/ros/humble /usr/bin/cmake --install /home/kvasik/ros2_ws/src/my_robot-main/build/robot_bringup
[2.318s] DEBUG:colcon.colcon_core.event_handler.log_command:Invoking command in '/home/kvasik/ros2_ws/src/my_robot-main/build/robot_description': CMAKE_PREFIX_PATH=${CMAKE_PREFIX_PATH}:/home/kvasik/ros2_ws/src/robot_walking/install/robot_walking:/home/kvasik/ros2_ws/install/third_learning_tf2_py:/home/kvasik/ros2_ws/install/text_to_cmd_vel:/home/kvasik/ros2_ws/install/service_full_name:/home/kvasik/ros2_ws/install/py_pubsub:/home/kvasik/ros2_ws/install/my_package:/home/kvasik/ros2_ws/install/move_to_goal:/home/kvasik/ros2_ws/install/learning_tf2_py:/home/kvasik/ros2_ws/install/kvasik:/home/kvasik/ros2_ws/install/action_turtle_commands_server:/opt/ros/humble /usr/bin/cmake --install /home/kvasik/ros2_ws/src/my_robot-main/build/robot_description
[2.329s] Level 1:colcon.colcon_core.environment:create_environment_scripts_only(robot_app)
[2.334s] DEBUG:colcon.colcon_core.event_handler.log_command:Invoked command in '/home/kvasik/ros2_ws/src/my_robot-main/build/robot_app' returned '0': CMAKE_PREFIX_PATH=${CMAKE_PREFIX_PATH}:/home/kvasik/ros2_ws/src/robot_walking/install/robot_walking:/home/kvasik/ros2_ws/install/third_learning_tf2_py:/home/kvasik/ros2_ws/install/text_to_cmd_vel:/home/kvasik/ros2_ws/install/service_full_name:/home/kvasik/ros2_ws/install/py_pubsub:/home/kvasik/ros2_ws/install/my_package:/home/kvasik/ros2_ws/install/move_to_goal:/home/kvasik/ros2_ws/install/learning_tf2_py:/home/kvasik/ros2_ws/install/kvasik:/home/kvasik/ros2_ws/install/action_turtle_commands_server:/opt/ros/humble /usr/bin/cmake --install /home/kvasik/ros2_ws/src/my_robot-main/build/robot_app
[2.360s] Level 1:colcon.colcon_core.environment:checking '/home/kvasik/ros2_ws/src/my_robot-main/install/robot_app' for CMake module files
[2.361s] Level 1:colcon.colcon_core.environment:checking '/home/kvasik/ros2_ws/src/my_robot-main/install/robot_app' for CMake config files
[2.361s] Level 1:colcon.colcon_core.shell:create_environment_hook('robot_app', 'cmake_prefix_path')
[2.381s] INFO:colcon.colcon_core.shell:Creating environment hook '/home/kvasik/ros2_ws/src/my_robot-main/install/robot_app/share/robot_app/hook/cmake_prefix_path.ps1'
[2.382s] INFO:colcon.colcon_core.shell:Creating environment descriptor '/home/kvasik/ros2_ws/src/my_robot-main/install/robot_app/share/robot_app/hook/cmake_prefix_path.dsv'
[2.382s] INFO:colcon.colcon_core.shell:Creating environment hook '/home/kvasik/ros2_ws/src/my_robot-main/install/robot_app/share/robot_app/hook/cmake_prefix_path.sh'
[2.383s] Level 1:colcon.colcon_core.environment:checking '/home/kvasik/ros2_ws/src/my_robot-main/install/robot_app/bin'
[2.383s] Level 1:colcon.colcon_core.environment:checking '/home/kvasik/ros2_ws/src/my_robot-main/install/robot_app/lib/pkgconfig/robot_app.pc'
[2.384s] Level 1:colcon.colcon_core.environment:checking '/home/kvasik/ros2_ws/src/my_robot-main/install/robot_app/lib/python3.10/site-packages'
[2.384s] Level 1:colcon.colcon_core.environment:checking '/home/kvasik/ros2_ws/src/my_robot-main/install/robot_app/bin'
[2.406s] INFO:colcon.colcon_core.shell:Creating package script '/home/kvasik/ros2_ws/src/my_robot-main/install/robot_app/share/robot_app/package.ps1'
[2.407s] INFO:colcon.colcon_core.shell:Creating package descriptor '/home/kvasik/ros2_ws/src/my_robot-main/install/robot_app/share/robot_app/package.dsv'
[2.408s] INFO:colcon.colcon_core.shell:Creating package script '/home/kvasik/ros2_ws/src/my_robot-main/install/robot_app/share/robot_app/package.sh'
[2.409s] INFO:colcon.colcon_core.shell:Creating package script '/home/kvasik/ros2_ws/src/my_robot-main/install/robot_app/share/robot_app/package.bash'
[2.409s] INFO:colcon.colcon_core.shell:Creating package script '/home/kvasik/ros2_ws/src/my_robot-main/install/robot_app/share/robot_app/package.zsh'
[2.410s] Level 1:colcon.colcon_core.environment:create_file_with_runtime_dependencies(/home/kvasik/ros2_ws/src/my_robot-main/install/robot_app/share/colcon-core/packages/robot_app)
[2.412s] Level 1:colcon.colcon_core.environment:create_environment_scripts_only(robot_bringup)
[2.413s] DEBUG:colcon.colcon_core.event_handler.log_command:Invoked command in '/home/kvasik/ros2_ws/src/my_robot-main/build/robot_bringup' returned '0': CMAKE_PREFIX_PATH=${CMAKE_PREFIX_PATH}:/home/kvasik/ros2_ws/src/robot_walking/install/robot_walking:/home/kvasik/ros2_ws/install/third_learning_tf2_py:/home/kvasik/ros2_ws/install/text_to_cmd_vel:/home/kvasik/ros2_ws/install/service_full_name:/home/kvasik/ros2_ws/install/py_pubsub:/home/kvasik/ros2_ws/install/my_package:/home/kvasik/ros2_ws/install/move_to_goal:/home/kvasik/ros2_ws/install/learning_tf2_py:/home/kvasik/ros2_ws/install/kvasik:/home/kvasik/ros2_ws/install/action_turtle_commands_server:/opt/ros/humble /usr/bin/cmake --install /home/kvasik/ros2_ws/src/my_robot-main/build/robot_bringup
[2.436s] Level 1:colcon.colcon_core.environment:checking '/home/kvasik/ros2_ws/src/my_robot-main/install/robot_bringup' for CMake module files
[2.437s] Level 1:colcon.colcon_core.environment:checking '/home/kvasik/ros2_ws/src/my_robot-main/install/robot_bringup' for CMake config files
[2.437s] Level 1:colcon.colcon_core.shell:create_environment_hook('robot_bringup', 'cmake_prefix_path')
[2.461s] INFO:colcon.colcon_core.shell:Creating environment hook '/home/kvasik/ros2_ws/src/my_robot-main/install/robot_bringup/share/robot_bringup/hook/cmake_prefix_path.ps1'
[2.462s] INFO:colcon.colcon_core.shell:Creating environment descriptor '/home/kvasik/ros2_ws/src/my_robot-main/install/robot_bringup/share/robot_bringup/hook/cmake_prefix_path.dsv'
[2.462s] INFO:colcon.colcon_core.shell:Creating environment hook '/home/kvasik/ros2_ws/src/my_robot-main/install/robot_bringup/share/robot_bringup/hook/cmake_prefix_path.sh'
[2.463s] Level 1:colcon.colcon_core.environment:checking '/home/kvasik/ros2_ws/src/my_robot-main/install/robot_bringup/bin'
[2.463s] Level 1:colcon.colcon_core.environment:checking '/home/kvasik/ros2_ws/src/my_robot-main/install/robot_bringup/lib/pkgconfig/robot_bringup.pc'
[2.463s] Level 1:colcon.colcon_core.environment:checking '/home/kvasik/ros2_ws/src/my_robot-main/install/robot_bringup/lib/python3.10/site-packages'
[2.463s] Level 1:colcon.colcon_core.environment:checking '/home/kvasik/ros2_ws/src/my_robot-main/install/robot_bringup/bin'
[2.486s] INFO:colcon.colcon_core.shell:Creating package script '/home/kvasik/ros2_ws/src/my_robot-main/install/robot_bringup/share/robot_bringup/package.ps1'
[2.486s] INFO:colcon.colcon_core.shell:Creating package descriptor '/home/kvasik/ros2_ws/src/my_robot-main/install/robot_bringup/share/robot_bringup/package.dsv'
[2.487s] INFO:colcon.colcon_core.shell:Creating package script '/home/kvasik/ros2_ws/src/my_robot-main/install/robot_bringup/share/robot_bringup/package.sh'
[2.488s] INFO:colcon.colcon_core.shell:Creating package script '/home/kvasik/ros2_ws/src/my_robot-main/install/robot_bringup/share/robot_bringup/package.bash'
[2.488s] INFO:colcon.colcon_core.shell:Creating package script '/home/kvasik/ros2_ws/src/my_robot-main/install/robot_bringup/share/robot_bringup/package.zsh'
[2.488s] Level 1:colcon.colcon_core.environment:create_file_with_runtime_dependencies(/home/kvasik/ros2_ws/src/my_robot-main/install/robot_bringup/share/colcon-core/packages/robot_bringup)
[2.489s] Level 1:colcon.colcon_core.environment:create_environment_scripts_only(robot_description)
[2.490s] DEBUG:colcon.colcon_core.event_handler.log_command:Invoked command in '/home/kvasik/ros2_ws/src/my_robot-main/build/robot_description' returned '0': CMAKE_PREFIX_PATH=${CMAKE_PREFIX_PATH}:/home/kvasik/ros2_ws/src/robot_walking/install/robot_walking:/home/kvasik/ros2_ws/install/third_learning_tf2_py:/home/kvasik/ros2_ws/install/text_to_cmd_vel:/home/kvasik/ros2_ws/install/service_full_name:/home/kvasik/ros2_ws/install/py_pubsub:/home/kvasik/ros2_ws/install/my_package:/home/kvasik/ros2_ws/install/move_to_goal:/home/kvasik/ros2_ws/install/learning_tf2_py:/home/kvasik/ros2_ws/install/kvasik:/home/kvasik/ros2_ws/install/action_turtle_commands_server:/opt/ros/humble /usr/bin/cmake --install /home/kvasik/ros2_ws/src/my_robot-main/build/robot_description
[2.514s] Level 1:colcon.colcon_core.environment:checking '/home/kvasik/ros2_ws/src/my_robot-main/install/robot_description' for CMake module files
[2.514s] Level 1:colcon.colcon_core.environment:checking '/home/kvasik/ros2_ws/src/my_robot-main/install/robot_description' for CMake config files
[2.515s] Level 1:colcon.colcon_core.shell:create_environment_hook('robot_description', 'cmake_prefix_path')
[2.538s] INFO:colcon.colcon_core.shell:Creating environment hook '/home/kvasik/ros2_ws/src/my_robot-main/install/robot_description/share/robot_description/hook/cmake_prefix_path.ps1'
[2.538s] INFO:colcon.colcon_core.shell:Creating environment descriptor '/home/kvasik/ros2_ws/src/my_robot-main/install/robot_description/share/robot_description/hook/cmake_prefix_path.dsv'
[2.539s] INFO:colcon.colcon_core.shell:Creating environment hook '/home/kvasik/ros2_ws/src/my_robot-main/install/robot_description/share/robot_description/hook/cmake_prefix_path.sh'
[2.540s] Level 1:colcon.colcon_core.environment:checking '/home/kvasik/ros2_ws/src/my_robot-main/install/robot_description/bin'
[2.540s] Level 1:colcon.colcon_core.environment:checking '/home/kvasik/ros2_ws/src/my_robot-main/install/robot_description/lib/pkgconfig/robot_description.pc'
[2.540s] Level 1:colcon.colcon_core.environment:checking '/home/kvasik/ros2_ws/src/my_robot-main/install/robot_description/lib/python3.10/site-packages'
[2.540s] Level 1:colcon.colcon_core.environment:checking '/home/kvasik/ros2_ws/src/my_robot-main/install/robot_description/bin'
[2.563s] INFO:colcon.colcon_core.shell:Creating package script '/home/kvasik/ros2_ws/src/my_robot-main/install/robot_description/share/robot_description/package.ps1'
[2.563s] INFO:colcon.colcon_core.shell:Creating package descriptor '/home/kvasik/ros2_ws/src/my_robot-main/install/robot_description/share/robot_description/package.dsv'
[2.564s] INFO:colcon.colcon_core.shell:Creating package script '/home/kvasik/ros2_ws/src/my_robot-main/install/robot_description/share/robot_description/package.sh'
[2.564s] INFO:colcon.colcon_core.shell:Creating package script '/home/kvasik/ros2_ws/src/my_robot-main/install/robot_description/share/robot_description/package.bash'
[2.564s] INFO:colcon.colcon_core.shell:Creating package script '/home/kvasik/ros2_ws/src/my_robot-main/install/robot_description/share/robot_description/package.zsh'
[2.565s] Level 1:colcon.colcon_core.environment:create_file_with_runtime_dependencies(/home/kvasik/ros2_ws/src/my_robot-main/install/robot_description/share/colcon-core/packages/robot_description)
[2.588s] Level 1:colcon.colcon_core.environment:create_environment_scripts_only(robot_app)
[2.611s] Level 1:colcon.colcon_core.environment:checking '/home/kvasik/ros2_ws/src/my_robot-main/install/robot_app' for CMake module files
[2.613s] Level 1:colcon.colcon_core.environment:checking '/home/kvasik/ros2_ws/src/my_robot-main/install/robot_app' for CMake config files
[2.613s] Level 1:colcon.colcon_core.shell:create_environment_hook('robot_app', 'cmake_prefix_path')
[2.636s] INFO:colcon.colcon_core.shell:Creating environment hook '/home/kvasik/ros2_ws/src/my_robot-main/install/robot_app/share/robot_app/hook/cmake_prefix_path.ps1'
[2.636s] INFO:colcon.colcon_core.shell:Creating environment descriptor '/home/kvasik/ros2_ws/src/my_robot-main/install/robot_app/share/robot_app/hook/cmake_prefix_path.dsv'
[2.637s] INFO:colcon.colcon_core.shell:Creating environment hook '/home/kvasik/ros2_ws/src/my_robot-main/install/robot_app/share/robot_app/hook/cmake_prefix_path.sh'
[2.637s] Level 1:colcon.colcon_core.environment:checking '/home/kvasik/ros2_ws/src/my_robot-main/install/robot_app/bin'
[2.638s] Level 1:colcon.colcon_core.environment:checking '/home/kvasik/ros2_ws/src/my_robot-main/install/robot_app/lib/pkgconfig/robot_app.pc'
[2.638s] Level 1:colcon.colcon_core.environment:checking '/home/kvasik/ros2_ws/src/my_robot-main/install/robot_app/lib/python3.10/site-packages'
[2.638s] Level 1:colcon.colcon_core.environment:checking '/home/kvasik/ros2_ws/src/my_robot-main/install/robot_app/bin'
[2.662s] INFO:colcon.colcon_core.shell:Creating package script '/home/kvasik/ros2_ws/src/my_robot-main/install/robot_app/share/robot_app/package.ps1'
[2.662s] INFO:colcon.colcon_core.shell:Creating package descriptor '/home/kvasik/ros2_ws/src/my_robot-main/install/robot_app/share/robot_app/package.dsv'
[2.663s] INFO:colcon.colcon_core.shell:Creating package script '/home/kvasik/ros2_ws/src/my_robot-main/install/robot_app/share/robot_app/package.sh'
[2.663s] INFO:colcon.colcon_core.shell:Creating package script '/home/kvasik/ros2_ws/src/my_robot-main/install/robot_app/share/robot_app/package.bash'
[2.664s] INFO:colcon.colcon_core.shell:Creating package script '/home/kvasik/ros2_ws/src/my_robot-main/install/robot_app/share/robot_app/package.zsh'
[2.664s] Level 1:colcon.colcon_core.environment:create_file_with_runtime_dependencies(/home/kvasik/ros2_ws/src/my_robot-main/install/robot_app/share/colcon-core/packages/robot_app)
[2.689s] Level 1:colcon.colcon_core.environment:create_environment_scripts_only(robot_bringup)
[2.712s] Level 1:colcon.colcon_core.environment:checking '/home/kvasik/ros2_ws/src/my_robot-main/install/robot_bringup' for CMake module files
[2.713s] Level 1:colcon.colcon_core.environment:checking '/home/kvasik/ros2_ws/src/my_robot-main/install/robot_bringup' for CMake config files
[2.713s] Level 1:colcon.colcon_core.shell:create_environment_hook('robot_bringup', 'cmake_prefix_path')
[2.736s] INFO:colcon.colcon_core.shell:Creating environment hook '/home/kvasik/ros2_ws/src/my_robot-main/install/robot_bringup/share/robot_bringup/hook/cmake_prefix_path.ps1'
[2.736s] INFO:colcon.colcon_core.shell:Creating environment descriptor '/home/kvasik/ros2_ws/src/my_robot-main/install/robot_bringup/share/robot_bringup/hook/cmake_prefix_path.dsv'
[2.737s] INFO:colcon.colcon_core.shell:Creating environment hook '/home/kvasik/ros2_ws/src/my_robot-main/install/robot_bringup/share/robot_bringup/hook/cmake_prefix_path.sh'
[2.737s] Level 1:colcon.colcon_core.environment:checking '/home/kvasik/ros2_ws/src/my_robot-main/install/robot_bringup/bin'
[2.737s] Level 1:colcon.colcon_core.environment:checking '/home/kvasik/ros2_ws/src/my_robot-main/install/robot_bringup/lib/pkgconfig/robot_bringup.pc'
[2.737s] Level 1:colcon.colcon_core.environment:checking '/home/kvasik/ros2_ws/src/my_robot-main/install/robot_bringup/lib/python3.10/site-packages'
[2.738s] Level 1:colcon.colcon_core.environment:checking '/home/kvasik/ros2_ws/src/my_robot-main/install/robot_bringup/bin'
[2.760s] INFO:colcon.colcon_core.shell:Creating package script '/home/kvasik/ros2_ws/src/my_robot-main/install/robot_bringup/share/robot_bringup/package.ps1'
[2.761s] INFO:colcon.colcon_core.shell:Creating package descriptor '/home/kvasik/ros2_ws/src/my_robot-main/install/robot_bringup/share/robot_bringup/package.dsv'
[2.761s] INFO:colcon.colcon_core.shell:Creating package script '/home/kvasik/ros2_ws/src/my_robot-main/install/robot_bringup/share/robot_bringup/package.sh'
[2.761s] INFO:colcon.colcon_core.shell:Creating package script '/home/kvasik/ros2_ws/src/my_robot-main/install/robot_bringup/share/robot_bringup/package.bash'
[2.762s] INFO:colcon.colcon_core.shell:Creating package script '/home/kvasik/ros2_ws/src/my_robot-main/install/robot_bringup/share/robot_bringup/package.zsh'
[2.762s] Level 1:colcon.colcon_core.environment:create_file_with_runtime_dependencies(/home/kvasik/ros2_ws/src/my_robot-main/install/robot_bringup/share/colcon-core/packages/robot_bringup)
[2.786s] Level 1:colcon.colcon_core.environment:create_environment_scripts_only(robot_description)
[2.808s] Level 1:colcon.colcon_core.environment:checking '/home/kvasik/ros2_ws/src/my_robot-main/install/robot_description' for CMake module files
[2.809s] Level 1:colcon.colcon_core.environment:checking '/home/kvasik/ros2_ws/src/my_robot-main/install/robot_description' for CMake config files
[2.809s] Level 1:colcon.colcon_core.shell:create_environment_hook('robot_description', 'cmake_prefix_path')
[2.831s] INFO:colcon.colcon_core.shell:Creating environment hook '/home/kvasik/ros2_ws/src/my_robot-main/install/robot_description/share/robot_description/hook/cmake_prefix_path.ps1'
[2.832s] INFO:colcon.colcon_core.shell:Creating environment descriptor '/home/kvasik/ros2_ws/src/my_robot-main/install/robot_description/share/robot_description/hook/cmake_prefix_path.dsv'
[2.832s] INFO:colcon.colcon_core.shell:Creating environment hook '/home/kvasik/ros2_ws/src/my_robot-main/install/robot_description/share/robot_description/hook/cmake_prefix_path.sh'
[2.833s] Level 1:colcon.colcon_core.environment:checking '/home/kvasik/ros2_ws/src/my_robot-main/install/robot_description/bin'
[2.833s] Level 1:colcon.colcon_core.environment:checking '/home/kvasik/ros2_ws/src/my_robot-main/install/robot_description/lib/pkgconfig/robot_description.pc'
[2.833s] Level 1:colcon.colcon_core.environment:checking '/home/kvasik/ros2_ws/src/my_robot-main/install/robot_description/lib/python3.10/site-packages'
[2.833s] Level 1:colcon.colcon_core.environment:checking '/home/kvasik/ros2_ws/src/my_robot-main/install/robot_description/bin'
[2.855s] INFO:colcon.colcon_core.shell:Creating package script '/home/kvasik/ros2_ws/src/my_robot-main/install/robot_description/share/robot_description/package.ps1'
[2.856s] INFO:colcon.colcon_core.shell:Creating package descriptor '/home/kvasik/ros2_ws/src/my_robot-main/install/robot_description/share/robot_description/package.dsv'
[2.857s] INFO:colcon.colcon_core.shell:Creating package script '/home/kvasik/ros2_ws/src/my_robot-main/install/robot_description/share/robot_description/package.sh'
[2.857s] INFO:colcon.colcon_core.shell:Creating package script '/home/kvasik/ros2_ws/src/my_robot-main/install/robot_description/share/robot_description/package.bash'
[2.857s] INFO:colcon.colcon_core.shell:Creating package script '/home/kvasik/ros2_ws/src/my_robot-main/install/robot_description/share/robot_description/package.zsh'
[2.858s] Level 1:colcon.colcon_core.environment:create_file_with_runtime_dependencies(/home/kvasik/ros2_ws/src/my_robot-main/install/robot_description/share/colcon-core/packages/robot_description)
[2.858s] DEBUG:colcon.colcon_parallel_executor.executor.parallel:closing loop
[2.858s] DEBUG:colcon.colcon_parallel_executor.executor.parallel:loop closed
[2.858s] DEBUG:colcon.colcon_parallel_executor.executor.parallel:run_until_complete finished with '0'
[2.858s] DEBUG:colcon.colcon_core.event_reactor:joining thread
[2.932s] INFO:colcon.colcon_core.plugin_system:Skipping extension 'colcon_notification.desktop_notification.terminal_notifier': Not used on non-Darwin systems
[2.932s] INFO:colcon.colcon_core.plugin_system:Skipping extension 'colcon_notification.desktop_notification.win32': Not used on non-Windows systems
[2.933s] INFO:colcon.colcon_notification.desktop_notification:Sending desktop notification using 'notify2'
[2.964s] DEBUG:colcon.colcon_core.event_reactor:joined thread
[2.986s] INFO:colcon.colcon_core.shell:Creating prefix script '/home/kvasik/ros2_ws/src/my_robot-main/install/local_setup.ps1'
[2.988s] INFO:colcon.colcon_core.shell:Creating prefix util module '/home/kvasik/ros2_ws/src/my_robot-main/install/_local_setup_util_ps1.py'
[2.989s] INFO:colcon.colcon_core.shell:Creating prefix chain script '/home/kvasik/ros2_ws/src/my_robot-main/install/setup.ps1'
[3.032s] INFO:colcon.colcon_core.shell:Creating prefix script '/home/kvasik/ros2_ws/src/my_robot-main/install/local_setup.sh'
[3.033s] INFO:colcon.colcon_core.shell:Creating prefix util module '/home/kvasik/ros2_ws/src/my_robot-main/install/_local_setup_util_sh.py'
[3.033s] INFO:colcon.colcon_core.shell:Creating prefix chain script '/home/kvasik/ros2_ws/src/my_robot-main/install/setup.sh'
[3.057s] INFO:colcon.colcon_core.shell:Creating prefix script '/home/kvasik/ros2_ws/src/my_robot-main/install/local_setup.bash'
[3.058s] INFO:colcon.colcon_core.shell:Creating prefix chain script '/home/kvasik/ros2_ws/src/my_robot-main/install/setup.bash'
[3.081s] INFO:colcon.colcon_core.shell:Creating prefix script '/home/kvasik/ros2_ws/src/my_robot-main/install/local_setup.zsh'
[3.081s] INFO:colcon.colcon_core.shell:Creating prefix chain script '/home/kvasik/ros2_ws/src/my_robot-main/install/setup.zsh'
