[0.404s] Invoking command in '/home/kvasik/ros2_ws/src/my_robot-main/build/robot_app': CMAKE_PREFIX_PATH=${CMAKE_PREFIX_PATH}:/home/kvasik/ros2_ws/install/third_learning_tf2_py:/home/kvasik/ros2_ws/install/text_to_cmd_vel:/home/kvasik/ros2_ws/install/service_full_name:/home/kvasik/ros2_ws/install/py_pubsub:/home/kvasik/ros2_ws/install/my_package:/home/kvasik/ros2_ws/install/move_to_goal:/home/kvasik/ros2_ws/install/learning_tf2_py:/home/kvasik/ros2_ws/install/kvasik:/home/kvasik/ros2_ws/install/action_turtle_commands_server:/opt/ros/humble /usr/bin/cmake /home/kvasik/ros2_ws/src/my_robot-main/robot_app -DCMAKE_INSTALL_PREFIX=/home/kvasik/ros2_ws/src/my_robot-main/install/robot_app
[0.515s] -- The C compiler identification is GNU 11.4.0
[0.621s] -- The CXX compiler identification is GNU 11.4.0
[0.636s] -- Detecting C compiler ABI info
[0.770s] -- Detecting C compiler ABI info - done
[0.783s] -- Check for working C compiler: /usr/bin/cc - skipped
[0.784s] -- Detecting C compile features
[0.784s] -- Detecting C compile features - done
[0.789s] -- Detecting CXX compiler ABI info
[0.947s] -- Detecting CXX compiler ABI info - done
[0.961s] -- Check for working CXX compiler: /usr/bin/c++ - skipped
[0.962s] -- Detecting CXX compile features
[0.962s] -- Detecting CXX compile features - done
[0.972s] -- Found ament_cmake: 1.3.5 (/opt/ros/humble/share/ament_cmake/cmake)
[1.368s] -- Found Python3: /usr/bin/python3.10 (found version "3.10.12") found components: Interpreter 
[1.727s] -- Configuring done
[1.735s] -- Generating done
[1.738s] -- Build files have been written to: /home/kvasik/ros2_ws/src/my_robot-main/build/robot_app
[1.748s] Invoked command in '/home/kvasik/ros2_ws/src/my_robot-main/build/robot_app' returned '0': CMAKE_PREFIX_PATH=${CMAKE_PREFIX_PATH}:/home/kvasik/ros2_ws/install/third_learning_tf2_py:/home/kvasik/ros2_ws/install/text_to_cmd_vel:/home/kvasik/ros2_ws/install/service_full_name:/home/kvasik/ros2_ws/install/py_pubsub:/home/kvasik/ros2_ws/install/my_package:/home/kvasik/ros2_ws/install/move_to_goal:/home/kvasik/ros2_ws/install/learning_tf2_py:/home/kvasik/ros2_ws/install/kvasik:/home/kvasik/ros2_ws/install/action_turtle_commands_server:/opt/ros/humble /usr/bin/cmake /home/kvasik/ros2_ws/src/my_robot-main/robot_app -DCMAKE_INSTALL_PREFIX=/home/kvasik/ros2_ws/src/my_robot-main/install/robot_app
[1.751s] Invoking command in '/home/kvasik/ros2_ws/src/my_robot-main/build/robot_app': CMAKE_PREFIX_PATH=${CMAKE_PREFIX_PATH}:/home/kvasik/ros2_ws/install/third_learning_tf2_py:/home/kvasik/ros2_ws/install/text_to_cmd_vel:/home/kvasik/ros2_ws/install/service_full_name:/home/kvasik/ros2_ws/install/py_pubsub:/home/kvasik/ros2_ws/install/my_package:/home/kvasik/ros2_ws/install/move_to_goal:/home/kvasik/ros2_ws/install/learning_tf2_py:/home/kvasik/ros2_ws/install/kvasik:/home/kvasik/ros2_ws/install/action_turtle_commands_server:/opt/ros/humble /usr/bin/cmake --build /home/kvasik/ros2_ws/src/my_robot-main/build/robot_app -- -j8 -l8
[1.850s] Invoked command in '/home/kvasik/ros2_ws/src/my_robot-main/build/robot_app' returned '0': CMAKE_PREFIX_PATH=${CMAKE_PREFIX_PATH}:/home/kvasik/ros2_ws/install/third_learning_tf2_py:/home/kvasik/ros2_ws/install/text_to_cmd_vel:/home/kvasik/ros2_ws/install/service_full_name:/home/kvasik/ros2_ws/install/py_pubsub:/home/kvasik/ros2_ws/install/my_package:/home/kvasik/ros2_ws/install/move_to_goal:/home/kvasik/ros2_ws/install/learning_tf2_py:/home/kvasik/ros2_ws/install/kvasik:/home/kvasik/ros2_ws/install/action_turtle_commands_server:/opt/ros/humble /usr/bin/cmake --build /home/kvasik/ros2_ws/src/my_robot-main/build/robot_app -- -j8 -l8
[1.917s] Invoking command in '/home/kvasik/ros2_ws/src/my_robot-main/build/robot_app': CMAKE_PREFIX_PATH=${CMAKE_PREFIX_PATH}:/home/kvasik/ros2_ws/install/third_learning_tf2_py:/home/kvasik/ros2_ws/install/text_to_cmd_vel:/home/kvasik/ros2_ws/install/service_full_name:/home/kvasik/ros2_ws/install/py_pubsub:/home/kvasik/ros2_ws/install/my_package:/home/kvasik/ros2_ws/install/move_to_goal:/home/kvasik/ros2_ws/install/learning_tf2_py:/home/kvasik/ros2_ws/install/kvasik:/home/kvasik/ros2_ws/install/action_turtle_commands_server:/opt/ros/humble /usr/bin/cmake --install /home/kvasik/ros2_ws/src/my_robot-main/build/robot_app
[1.931s] -- Install configuration: ""
[1.932s] -- Installing: /home/kvasik/ros2_ws/src/my_robot-main/install/robot_app/share/ament_index/resource_index/package_run_dependencies/robot_app
[1.932s] -- Installing: /home/kvasik/ros2_ws/src/my_robot-main/install/robot_app/share/ament_index/resource_index/parent_prefix_path/robot_app
[1.933s] -- Installing: /home/kvasik/ros2_ws/src/my_robot-main/install/robot_app/share/robot_app/environment/ament_prefix_path.sh
[1.933s] -- Installing: /home/kvasik/ros2_ws/src/my_robot-main/install/robot_app/share/robot_app/environment/ament_prefix_path.dsv
[1.933s] -- Installing: /home/kvasik/ros2_ws/src/my_robot-main/install/robot_app/share/robot_app/environment/path.sh
[1.934s] -- Installing: /home/kvasik/ros2_ws/src/my_robot-main/install/robot_app/share/robot_app/environment/path.dsv
[1.934s] -- Installing: /home/kvasik/ros2_ws/src/my_robot-main/install/robot_app/share/robot_app/local_setup.bash
[1.934s] -- Installing: /home/kvasik/ros2_ws/src/my_robot-main/install/robot_app/share/robot_app/local_setup.sh
[1.935s] -- Installing: /home/kvasik/ros2_ws/src/my_robot-main/install/robot_app/share/robot_app/local_setup.zsh
[1.935s] -- Installing: /home/kvasik/ros2_ws/src/my_robot-main/install/robot_app/share/robot_app/local_setup.dsv
[1.935s] -- Installing: /home/kvasik/ros2_ws/src/my_robot-main/install/robot_app/share/robot_app/package.dsv
[1.936s] -- Installing: /home/kvasik/ros2_ws/src/my_robot-main/install/robot_app/share/ament_index/resource_index/packages/robot_app
[1.936s] -- Installing: /home/kvasik/ros2_ws/src/my_robot-main/install/robot_app/share/robot_app/cmake/robot_appConfig.cmake
[1.937s] -- Installing: /home/kvasik/ros2_ws/src/my_robot-main/install/robot_app/share/robot_app/cmake/robot_appConfig-version.cmake
[1.937s] -- Installing: /home/kvasik/ros2_ws/src/my_robot-main/install/robot_app/share/robot_app/package.xml
[1.942s] Invoked command in '/home/kvasik/ros2_ws/src/my_robot-main/build/robot_app' returned '0': CMAKE_PREFIX_PATH=${CMAKE_PREFIX_PATH}:/home/kvasik/ros2_ws/install/third_learning_tf2_py:/home/kvasik/ros2_ws/install/text_to_cmd_vel:/home/kvasik/ros2_ws/install/service_full_name:/home/kvasik/ros2_ws/install/py_pubsub:/home/kvasik/ros2_ws/install/my_package:/home/kvasik/ros2_ws/install/move_to_goal:/home/kvasik/ros2_ws/install/learning_tf2_py:/home/kvasik/ros2_ws/install/kvasik:/home/kvasik/ros2_ws/install/action_turtle_commands_server:/opt/ros/humble /usr/bin/cmake --install /home/kvasik/ros2_ws/src/my_robot-main/build/robot_app
