[0.154s] Invoking command in '/home/kvasik/ros2_ws/src/my_robot-main/build/robot_description': CMAKE_PREFIX_PATH=${CMAKE_PREFIX_PATH}:/home/kvasik/ros2_ws/install/third_learning_tf2_py:/home/kvasik/ros2_ws/install/text_to_cmd_vel:/home/kvasik/ros2_ws/install/service_full_name:/home/kvasik/ros2_ws/install/py_pubsub:/home/kvasik/ros2_ws/install/my_package:/home/kvasik/ros2_ws/install/move_to_goal:/home/kvasik/ros2_ws/install/learning_tf2_py:/home/kvasik/ros2_ws/install/kvasik:/home/kvasik/ros2_ws/install/action_turtle_commands_server:/opt/ros/humble /usr/bin/cmake /home/kvasik/ros2_ws/src/my_robot-main/robot_description -DCMAKE_INSTALL_PREFIX=/home/kvasik/ros2_ws/src/my_robot-main/install/robot_description
[0.261s] -- The C compiler identification is GNU 11.4.0
[0.372s] -- The CXX compiler identification is GNU 11.4.0
[0.385s] -- Detecting C compiler ABI info
[0.522s] -- Detecting C compiler ABI info - done
[0.535s] -- Check for working C compiler: /usr/bin/cc - skipped
[0.535s] -- Detecting C compile features
[0.536s] -- Detecting C compile features - done
[0.541s] -- Detecting CXX compiler ABI info
[0.701s] -- Detecting CXX compiler ABI info - done
[0.723s] -- Check for working CXX compiler: /usr/bin/c++ - skipped
[0.723s] -- Detecting CXX compile features
[0.724s] -- Detecting CXX compile features - done
[0.735s] -- Found ament_cmake: 1.3.5 (/opt/ros/humble/share/ament_cmake/cmake)
[1.130s] -- Found Python3: /usr/bin/python3.10 (found version "3.10.12") found components: Interpreter 
[1.417s] -- Found ament_lint_auto: 0.12.8 (/opt/ros/humble/share/ament_lint_auto/cmake)
[1.559s] -- Configuring done
[1.564s] -- Generating done
[1.565s] -- Build files have been written to: /home/kvasik/ros2_ws/src/my_robot-main/build/robot_description
[1.574s] Invoked command in '/home/kvasik/ros2_ws/src/my_robot-main/build/robot_description' returned '0': CMAKE_PREFIX_PATH=${CMAKE_PREFIX_PATH}:/home/kvasik/ros2_ws/install/third_learning_tf2_py:/home/kvasik/ros2_ws/install/text_to_cmd_vel:/home/kvasik/ros2_ws/install/service_full_name:/home/kvasik/ros2_ws/install/py_pubsub:/home/kvasik/ros2_ws/install/my_package:/home/kvasik/ros2_ws/install/move_to_goal:/home/kvasik/ros2_ws/install/learning_tf2_py:/home/kvasik/ros2_ws/install/kvasik:/home/kvasik/ros2_ws/install/action_turtle_commands_server:/opt/ros/humble /usr/bin/cmake /home/kvasik/ros2_ws/src/my_robot-main/robot_description -DCMAKE_INSTALL_PREFIX=/home/kvasik/ros2_ws/src/my_robot-main/install/robot_description
[1.576s] Invoking command in '/home/kvasik/ros2_ws/src/my_robot-main/build/robot_description': CMAKE_PREFIX_PATH=${CMAKE_PREFIX_PATH}:/home/kvasik/ros2_ws/install/third_learning_tf2_py:/home/kvasik/ros2_ws/install/text_to_cmd_vel:/home/kvasik/ros2_ws/install/service_full_name:/home/kvasik/ros2_ws/install/py_pubsub:/home/kvasik/ros2_ws/install/my_package:/home/kvasik/ros2_ws/install/move_to_goal:/home/kvasik/ros2_ws/install/learning_tf2_py:/home/kvasik/ros2_ws/install/kvasik:/home/kvasik/ros2_ws/install/action_turtle_commands_server:/opt/ros/humble /usr/bin/cmake --build /home/kvasik/ros2_ws/src/my_robot-main/build/robot_description -- -j8 -l8
[1.657s] Invoked command in '/home/kvasik/ros2_ws/src/my_robot-main/build/robot_description' returned '0': CMAKE_PREFIX_PATH=${CMAKE_PREFIX_PATH}:/home/kvasik/ros2_ws/install/third_learning_tf2_py:/home/kvasik/ros2_ws/install/text_to_cmd_vel:/home/kvasik/ros2_ws/install/service_full_name:/home/kvasik/ros2_ws/install/py_pubsub:/home/kvasik/ros2_ws/install/my_package:/home/kvasik/ros2_ws/install/move_to_goal:/home/kvasik/ros2_ws/install/learning_tf2_py:/home/kvasik/ros2_ws/install/kvasik:/home/kvasik/ros2_ws/install/action_turtle_commands_server:/opt/ros/humble /usr/bin/cmake --build /home/kvasik/ros2_ws/src/my_robot-main/build/robot_description -- -j8 -l8
[1.801s] Invoking command in '/home/kvasik/ros2_ws/src/my_robot-main/build/robot_description': CMAKE_PREFIX_PATH=${CMAKE_PREFIX_PATH}:/home/kvasik/ros2_ws/install/third_learning_tf2_py:/home/kvasik/ros2_ws/install/text_to_cmd_vel:/home/kvasik/ros2_ws/install/service_full_name:/home/kvasik/ros2_ws/install/py_pubsub:/home/kvasik/ros2_ws/install/my_package:/home/kvasik/ros2_ws/install/move_to_goal:/home/kvasik/ros2_ws/install/learning_tf2_py:/home/kvasik/ros2_ws/install/kvasik:/home/kvasik/ros2_ws/install/action_turtle_commands_server:/opt/ros/humble /usr/bin/cmake --install /home/kvasik/ros2_ws/src/my_robot-main/build/robot_description
[1.818s] -- Install configuration: ""
[1.818s] -- Installing: /home/kvasik/ros2_ws/src/my_robot-main/install/robot_description/share/robot_description//urdf
[1.818s] -- Installing: /home/kvasik/ros2_ws/src/my_robot-main/install/robot_description/share/robot_description//urdf/gazebo.urdf.xacro
[1.818s] -- Installing: /home/kvasik/ros2_ws/src/my_robot-main/install/robot_description/share/robot_description//urdf/robot.urdf.xacro
[1.819s] -- Installing: /home/kvasik/ros2_ws/src/my_robot-main/install/robot_description/share/ament_index/resource_index/package_run_dependencies/robot_description
[1.819s] -- Installing: /home/kvasik/ros2_ws/src/my_robot-main/install/robot_description/share/ament_index/resource_index/parent_prefix_path/robot_description
[1.820s] -- Installing: /home/kvasik/ros2_ws/src/my_robot-main/install/robot_description/share/robot_description/environment/ament_prefix_path.sh
[1.820s] -- Installing: /home/kvasik/ros2_ws/src/my_robot-main/install/robot_description/share/robot_description/environment/ament_prefix_path.dsv
[1.820s] -- Installing: /home/kvasik/ros2_ws/src/my_robot-main/install/robot_description/share/robot_description/environment/path.sh
[1.821s] -- Installing: /home/kvasik/ros2_ws/src/my_robot-main/install/robot_description/share/robot_description/environment/path.dsv
[1.821s] -- Installing: /home/kvasik/ros2_ws/src/my_robot-main/install/robot_description/share/robot_description/local_setup.bash
[1.821s] -- Installing: /home/kvasik/ros2_ws/src/my_robot-main/install/robot_description/share/robot_description/local_setup.sh
[1.822s] -- Installing: /home/kvasik/ros2_ws/src/my_robot-main/install/robot_description/share/robot_description/local_setup.zsh
[1.822s] -- Installing: /home/kvasik/ros2_ws/src/my_robot-main/install/robot_description/share/robot_description/local_setup.dsv
[1.823s] -- Installing: /home/kvasik/ros2_ws/src/my_robot-main/install/robot_description/share/robot_description/package.dsv
[1.823s] -- Installing: /home/kvasik/ros2_ws/src/my_robot-main/install/robot_description/share/ament_index/resource_index/packages/robot_description
[1.824s] -- Installing: /home/kvasik/ros2_ws/src/my_robot-main/install/robot_description/share/robot_description/cmake/robot_descriptionConfig.cmake
[1.824s] -- Installing: /home/kvasik/ros2_ws/src/my_robot-main/install/robot_description/share/robot_description/cmake/robot_descriptionConfig-version.cmake
[1.824s] -- Installing: /home/kvasik/ros2_ws/src/my_robot-main/install/robot_description/share/robot_description/package.xml
[1.829s] Invoked command in '/home/kvasik/ros2_ws/src/my_robot-main/build/robot_description' returned '0': CMAKE_PREFIX_PATH=${CMAKE_PREFIX_PATH}:/home/kvasik/ros2_ws/install/third_learning_tf2_py:/home/kvasik/ros2_ws/install/text_to_cmd_vel:/home/kvasik/ros2_ws/install/service_full_name:/home/kvasik/ros2_ws/install/py_pubsub:/home/kvasik/ros2_ws/install/my_package:/home/kvasik/ros2_ws/install/move_to_goal:/home/kvasik/ros2_ws/install/learning_tf2_py:/home/kvasik/ros2_ws/install/kvasik:/home/kvasik/ros2_ws/install/action_turtle_commands_server:/opt/ros/humble /usr/bin/cmake --install /home/kvasik/ros2_ws/src/my_robot-main/build/robot_description
