[2.144s] DEBUG:colcon:Command line arguments: ['/usr/bin/colcon', 'build']
[2.144s] DEBUG:colcon:Parsed command line arguments: Namespace(log_base=None, log_level=None, verb_name='build', build_base='build', install_base='install', merge_install=False, symlink_install=False, test_result_base=None, continue_on_error=False, executor='parallel', parallel_workers=8, event_handlers=None, ignore_user_meta=False, metas=['./colcon.meta'], base_paths=['.'], packages_ignore=None, packages_ignore_regex=None, paths=None, packages_up_to=None, packages_up_to_regex=None, packages_above=None, packages_above_and_dependencies=None, packages_above_depth=None, packages_select_by_dep=None, packages_skip_by_dep=None, packages_skip_up_to=None, packages_select_build_failed=False, packages_skip_build_finished=False, packages_select_test_failures=False, packages_skip_test_passed=False, packages_select=None, packages_skip=None, packages_select_regex=None, packages_skip_regex=None, packages_start=None, packages_end=None, allow_overriding=[], cmake_args=None, cmake_target=None, cmake_target_skip_unavailable=False, cmake_clean_cache=False, cmake_clean_first=False, cmake_force_configure=False, ament_cmake_args=None, catkin_cmake_args=None, catkin_skip_building_tests=False, verb_parser=<colcon_defaults.argument_parser.defaults.DefaultArgumentsDecorator object at 0x7f377431f0a0>, verb_extension=<colcon_core.verb.build.BuildVerb object at 0x7f377431c520>, main=<bound method BuildVerb.main of <colcon_core.verb.build.BuildVerb object at 0x7f377431c520>>)
[2.237s] Level 1:colcon.colcon_core.package_discovery:discover_packages(colcon_meta) check parameters
[2.237s] Level 1:colcon.colcon_core.package_discovery:discover_packages(recursive) check parameters
[2.237s] Level 1:colcon.colcon_core.package_discovery:discover_packages(ignore) check parameters
[2.237s] Level 1:colcon.colcon_core.package_discovery:discover_packages(path) check parameters
[2.237s] Level 1:colcon.colcon_core.package_discovery:discover_packages(colcon_meta) discover
[2.237s] Level 1:colcon.colcon_core.package_discovery:discover_packages(recursive) discover
[2.237s] INFO:colcon.colcon_core.package_discovery:Crawling recursively for packages in '/home/kvasik/ros2_ws/src/my_robot-main'
[2.237s] Level 1:colcon.colcon_core.package_identification:_identify(.) by extensions ['ignore', 'ignore_ament_install']
[2.237s] Level 1:colcon.colcon_core.package_identification:_identify(.) by extension 'ignore'
[2.237s] Level 1:colcon.colcon_core.package_identification:_identify(.) by extension 'ignore_ament_install'
[2.238s] Level 1:colcon.colcon_core.package_identification:_identify(.) by extensions ['colcon_pkg']
[2.238s] Level 1:colcon.colcon_core.package_identification:_identify(.) by extension 'colcon_pkg'
[2.238s] Level 1:colcon.colcon_core.package_identification:_identify(.) by extensions ['colcon_meta']
[2.238s] Level 1:colcon.colcon_core.package_identification:_identify(.) by extension 'colcon_meta'
[2.238s] Level 1:colcon.colcon_core.package_identification:_identify(.) by extensions ['ros']
[2.238s] Level 1:colcon.colcon_core.package_identification:_identify(.) by extension 'ros'
[2.256s] Level 1:colcon.colcon_core.package_identification:_identify(.) by extensions ['cmake', 'python']
[2.256s] Level 1:colcon.colcon_core.package_identification:_identify(.) by extension 'cmake'
[2.257s] Level 1:colcon.colcon_core.package_identification:_identify(.) by extension 'python'
[2.257s] Level 1:colcon.colcon_core.package_identification:_identify(.) by extensions ['python_setup_py']
[2.257s] Level 1:colcon.colcon_core.package_identification:_identify(.) by extension 'python_setup_py'
[2.257s] Level 1:colcon.colcon_core.package_identification:_identify(build) by extensions ['ignore', 'ignore_ament_install']
[2.257s] Level 1:colcon.colcon_core.package_identification:_identify(build) by extension 'ignore'
[2.257s] Level 1:colcon.colcon_core.package_identification:_identify(build) ignored
[2.257s] Level 1:colcon.colcon_core.package_identification:_identify(install) by extensions ['ignore', 'ignore_ament_install']
[2.258s] Level 1:colcon.colcon_core.package_identification:_identify(install) by extension 'ignore'
[2.258s] Level 1:colcon.colcon_core.package_identification:_identify(install) ignored
[2.258s] Level 1:colcon.colcon_core.package_identification:_identify(log) by extensions ['ignore', 'ignore_ament_install']
[2.258s] Level 1:colcon.colcon_core.package_identification:_identify(log) by extension 'ignore'
[2.258s] Level 1:colcon.colcon_core.package_identification:_identify(log) ignored
[2.258s] Level 1:colcon.colcon_core.package_identification:_identify(robot_app) by extensions ['ignore', 'ignore_ament_install']
[2.258s] Level 1:colcon.colcon_core.package_identification:_identify(robot_app) by extension 'ignore'
[2.258s] Level 1:colcon.colcon_core.package_identification:_identify(robot_app) by extension 'ignore_ament_install'
[2.258s] Level 1:colcon.colcon_core.package_identification:_identify(robot_app) by extensions ['colcon_pkg']
[2.258s] Level 1:colcon.colcon_core.package_identification:_identify(robot_app) by extension 'colcon_pkg'
[2.258s] Level 1:colcon.colcon_core.package_identification:_identify(robot_app) by extensions ['colcon_meta']
[2.259s] Level 1:colcon.colcon_core.package_identification:_identify(robot_app) by extension 'colcon_meta'
[2.259s] Level 1:colcon.colcon_core.package_identification:_identify(robot_app) by extensions ['ros']
[2.259s] Level 1:colcon.colcon_core.package_identification:_identify(robot_app) by extension 'ros'
[2.262s] DEBUG:colcon.colcon_core.package_identification:Package 'robot_app' with type 'ros.ament_cmake' and name 'robot_app'
[2.263s] Level 1:colcon.colcon_core.package_identification:_identify(robot_bringup) by extensions ['ignore', 'ignore_ament_install']
[2.263s] Level 1:colcon.colcon_core.package_identification:_identify(robot_bringup) by extension 'ignore'
[2.263s] Level 1:colcon.colcon_core.package_identification:_identify(robot_bringup) by extension 'ignore_ament_install'
[2.263s] Level 1:colcon.colcon_core.package_identification:_identify(robot_bringup) by extensions ['colcon_pkg']
[2.263s] Level 1:colcon.colcon_core.package_identification:_identify(robot_bringup) by extension 'colcon_pkg'
[2.263s] Level 1:colcon.colcon_core.package_identification:_identify(robot_bringup) by extensions ['colcon_meta']
[2.263s] Level 1:colcon.colcon_core.package_identification:_identify(robot_bringup) by extension 'colcon_meta'
[2.263s] Level 1:colcon.colcon_core.package_identification:_identify(robot_bringup) by extensions ['ros']
[2.263s] Level 1:colcon.colcon_core.package_identification:_identify(robot_bringup) by extension 'ros'
[2.264s] DEBUG:colcon.colcon_core.package_identification:Package 'robot_bringup' with type 'ros.ament_cmake' and name 'robot_bringup'
[2.264s] Level 1:colcon.colcon_core.package_identification:_identify(robot_description) by extensions ['ignore', 'ignore_ament_install']
[2.264s] Level 1:colcon.colcon_core.package_identification:_identify(robot_description) by extension 'ignore'
[2.264s] Level 1:colcon.colcon_core.package_identification:_identify(robot_description) by extension 'ignore_ament_install'
[2.264s] Level 1:colcon.colcon_core.package_identification:_identify(robot_description) by extensions ['colcon_pkg']
[2.264s] Level 1:colcon.colcon_core.package_identification:_identify(robot_description) by extension 'colcon_pkg'
[2.264s] Level 1:colcon.colcon_core.package_identification:_identify(robot_description) by extensions ['colcon_meta']
[2.265s] Level 1:colcon.colcon_core.package_identification:_identify(robot_description) by extension 'colcon_meta'
[2.265s] Level 1:colcon.colcon_core.package_identification:_identify(robot_description) by extensions ['ros']
[2.265s] Level 1:colcon.colcon_core.package_identification:_identify(robot_description) by extension 'ros'
[2.265s] DEBUG:colcon.colcon_core.package_identification:Package 'robot_description' with type 'ros.ament_cmake' and name 'robot_description'
[2.265s] Level 1:colcon.colcon_core.package_discovery:discover_packages(recursive) using defaults
[2.265s] Level 1:colcon.colcon_core.package_discovery:discover_packages(ignore) discover
[2.266s] Level 1:colcon.colcon_core.package_discovery:discover_packages(ignore) using defaults
[2.266s] Level 1:colcon.colcon_core.package_discovery:discover_packages(path) discover
[2.266s] Level 1:colcon.colcon_core.package_discovery:discover_packages(path) using defaults
[2.449s] Level 1:colcon.colcon_core.package_discovery:discover_packages(prefix_path) check parameters
[2.449s] Level 1:colcon.colcon_core.package_discovery:discover_packages(prefix_path) discover
[2.534s] DEBUG:colcon.colcon_installed_package_information.package_discovery:Found 3 installed packages in /home/kvasik/ros2_ws/src/my_robot-main/install
[2.566s] DEBUG:colcon.colcon_installed_package_information.package_discovery:Found 27 installed packages in /home/kvasik/ros2_ws/install
[2.599s] DEBUG:colcon.colcon_installed_package_information.package_discovery:Found 280 installed packages in /opt/ros/humble
[2.601s] Level 1:colcon.colcon_core.package_discovery:discover_packages(prefix_path) using defaults
[2.773s] Level 5:colcon.colcon_core.verb:set package 'robot_app' build argument 'cmake_args' from command line to 'None'
[2.773s] Level 5:colcon.colcon_core.verb:set package 'robot_app' build argument 'cmake_target' from command line to 'None'
[2.774s] Level 5:colcon.colcon_core.verb:set package 'robot_app' build argument 'cmake_target_skip_unavailable' from command line to 'False'
[2.774s] Level 5:colcon.colcon_core.verb:set package 'robot_app' build argument 'cmake_clean_cache' from command line to 'False'
[2.774s] Level 5:colcon.colcon_core.verb:set package 'robot_app' build argument 'cmake_clean_first' from command line to 'False'
[2.774s] Level 5:colcon.colcon_core.verb:set package 'robot_app' build argument 'cmake_force_configure' from command line to 'False'
[2.774s] Level 5:colcon.colcon_core.verb:set package 'robot_app' build argument 'ament_cmake_args' from command line to 'None'
[2.774s] Level 5:colcon.colcon_core.verb:set package 'robot_app' build argument 'catkin_cmake_args' from command line to 'None'
[2.774s] Level 5:colcon.colcon_core.verb:set package 'robot_app' build argument 'catkin_skip_building_tests' from command line to 'False'
[2.774s] DEBUG:colcon.colcon_core.verb:Building package 'robot_app' with the following arguments: {'ament_cmake_args': None, 'build_base': '/home/kvasik/ros2_ws/src/my_robot-main/build/robot_app', 'catkin_cmake_args': None, 'catkin_skip_building_tests': False, 'cmake_args': None, 'cmake_clean_cache': False, 'cmake_clean_first': False, 'cmake_force_configure': False, 'cmake_target': None, 'cmake_target_skip_unavailable': False, 'install_base': '/home/kvasik/ros2_ws/src/my_robot-main/install/robot_app', 'merge_install': False, 'path': '/home/kvasik/ros2_ws/src/my_robot-main/robot_app', 'symlink_install': False, 'test_result_base': None}
[2.807s] Level 5:colcon.colcon_core.verb:set package 'robot_bringup' build argument 'cmake_args' from command line to 'None'
[2.807s] Level 5:colcon.colcon_core.verb:set package 'robot_bringup' build argument 'cmake_target' from command line to 'None'
[2.807s] Level 5:colcon.colcon_core.verb:set package 'robot_bringup' build argument 'cmake_target_skip_unavailable' from command line to 'False'
[2.807s] Level 5:colcon.colcon_core.verb:set package 'robot_bringup' build argument 'cmake_clean_cache' from command line to 'False'
[2.807s] Level 5:colcon.colcon_core.verb:set package 'robot_bringup' build argument 'cmake_clean_first' from command line to 'False'
[2.807s] Level 5:colcon.colcon_core.verb:set package 'robot_bringup' build argument 'cmake_force_configure' from command line to 'False'
[2.807s] Level 5:colcon.colcon_core.verb:set package 'robot_bringup' build argument 'ament_cmake_args' from command line to 'None'
[2.807s] Level 5:colcon.colcon_core.verb:set package 'robot_bringup' build argument 'catkin_cmake_args' from command line to 'None'
[2.807s] Level 5:colcon.colcon_core.verb:set package 'robot_bringup' build argument 'catkin_skip_building_tests' from command line to 'False'
[2.808s] DEBUG:colcon.colcon_core.verb:Building package 'robot_bringup' with the following arguments: {'ament_cmake_args': None, 'build_base': '/home/kvasik/ros2_ws/src/my_robot-main/build/robot_bringup', 'catkin_cmake_args': None, 'catkin_skip_building_tests': False, 'cmake_args': None, 'cmake_clean_cache': False, 'cmake_clean_first': False, 'cmake_force_configure': False, 'cmake_target': None, 'cmake_target_skip_unavailable': False, 'install_base': '/home/kvasik/ros2_ws/src/my_robot-main/install/robot_bringup', 'merge_install': False, 'path': '/home/kvasik/ros2_ws/src/my_robot-main/robot_bringup', 'symlink_install': False, 'test_result_base': None}
[2.838s] Level 5:colcon.colcon_core.verb:set package 'robot_description' build argument 'cmake_args' from command line to 'None'
[2.838s] Level 5:colcon.colcon_core.verb:set package 'robot_description' build argument 'cmake_target' from command line to 'None'
[2.838s] Level 5:colcon.colcon_core.verb:set package 'robot_description' build argument 'cmake_target_skip_unavailable' from command line to 'False'
[2.839s] Level 5:colcon.colcon_core.verb:set package 'robot_description' build argument 'cmake_clean_cache' from command line to 'False'
[2.839s] Level 5:colcon.colcon_core.verb:set package 'robot_description' build argument 'cmake_clean_first' from command line to 'False'
[2.839s] Level 5:colcon.colcon_core.verb:set package 'robot_description' build argument 'cmake_force_configure' from command line to 'False'
[2.839s] Level 5:colcon.colcon_core.verb:set package 'robot_description' build argument 'ament_cmake_args' from command line to 'None'
[2.839s] Level 5:colcon.colcon_core.verb:set package 'robot_description' build argument 'catkin_cmake_args' from command line to 'None'
[2.839s] Level 5:colcon.colcon_core.verb:set package 'robot_description' build argument 'catkin_skip_building_tests' from command line to 'False'
[2.839s] DEBUG:colcon.colcon_core.verb:Building package 'robot_description' with the following arguments: {'ament_cmake_args': None, 'build_base': '/home/kvasik/ros2_ws/src/my_robot-main/build/robot_description', 'catkin_cmake_args': None, 'catkin_skip_building_tests': False, 'cmake_args': None, 'cmake_clean_cache': False, 'cmake_clean_first': False, 'cmake_force_configure': False, 'cmake_target': None, 'cmake_target_skip_unavailable': False, 'install_base': '/home/kvasik/ros2_ws/src/my_robot-main/install/robot_description', 'merge_install': False, 'path': '/home/kvasik/ros2_ws/src/my_robot-main/robot_description', 'symlink_install': False, 'test_result_base': None}
[2.869s] INFO:colcon.colcon_core.executor:Executing jobs using 'parallel' executor
[2.901s] DEBUG:colcon.colcon_parallel_executor.executor.parallel:run_until_complete
[2.902s] INFO:colcon.colcon_ros.task.ament_cmake.build:Building ROS package in '/home/kvasik/ros2_ws/src/my_robot-main/robot_app' with build type 'ament_cmake'
[2.902s] INFO:colcon.colcon_cmake.task.cmake.build:Building CMake package in '/home/kvasik/ros2_ws/src/my_robot-main/robot_app'
[2.937s] INFO:colcon.colcon_core.plugin_system:Skipping extension 'colcon_core.shell.bat': Not used on non-Windows systems
[2.937s] INFO:colcon.colcon_core.shell:Skip shell extension 'powershell' for command environment: Not usable outside of PowerShell
[2.937s] DEBUG:colcon.colcon_core.shell:Skip shell extension 'dsv' for command environment
[3.073s] INFO:colcon.colcon_ros.task.ament_cmake.build:Building ROS package in '/home/kvasik/ros2_ws/src/my_robot-main/robot_bringup' with build type 'ament_cmake'
[3.073s] INFO:colcon.colcon_cmake.task.cmake.build:Building CMake package in '/home/kvasik/ros2_ws/src/my_robot-main/robot_bringup'
[3.107s] INFO:colcon.colcon_core.shell:Skip shell extension 'powershell' for command environment: Not usable outside of PowerShell
[3.107s] DEBUG:colcon.colcon_core.shell:Skip shell extension 'dsv' for command environment
[3.243s] INFO:colcon.colcon_ros.task.ament_cmake.build:Building ROS package in '/home/kvasik/ros2_ws/src/my_robot-main/robot_description' with build type 'ament_cmake'
[3.243s] INFO:colcon.colcon_cmake.task.cmake.build:Building CMake package in '/home/kvasik/ros2_ws/src/my_robot-main/robot_description'
[3.277s] INFO:colcon.colcon_core.shell:Skip shell extension 'powershell' for command environment: Not usable outside of PowerShell
[3.277s] DEBUG:colcon.colcon_core.shell:Skip shell extension 'dsv' for command environment
[3.427s] DEBUG:colcon.colcon_core.event_handler.log_command:Invoking command in '/home/kvasik/ros2_ws/src/my_robot-main/build/robot_app': CMAKE_PREFIX_PATH=${CMAKE_PREFIX_PATH}:/home/kvasik/ros2_ws/install/third_learning_tf2_py:/home/kvasik/ros2_ws/install/text_to_cmd_vel:/home/kvasik/ros2_ws/install/service_full_name:/home/kvasik/ros2_ws/install/py_pubsub:/home/kvasik/ros2_ws/install/my_package:/home/kvasik/ros2_ws/install/move_to_goal:/home/kvasik/ros2_ws/install/learning_tf2_py:/home/kvasik/ros2_ws/install/kvasik:/home/kvasik/ros2_ws/install/action_turtle_commands_server:/opt/ros/humble /usr/bin/cmake --build /home/kvasik/ros2_ws/src/my_robot-main/build/robot_app -- -j8 -l8
[3.436s] DEBUG:colcon.colcon_core.event_handler.log_command:Invoking command in '/home/kvasik/ros2_ws/src/my_robot-main/build/robot_bringup': CMAKE_PREFIX_PATH=${CMAKE_PREFIX_PATH}:/home/kvasik/ros2_ws/install/third_learning_tf2_py:/home/kvasik/ros2_ws/install/text_to_cmd_vel:/home/kvasik/ros2_ws/install/service_full_name:/home/kvasik/ros2_ws/install/py_pubsub:/home/kvasik/ros2_ws/install/my_package:/home/kvasik/ros2_ws/install/move_to_goal:/home/kvasik/ros2_ws/install/learning_tf2_py:/home/kvasik/ros2_ws/install/kvasik:/home/kvasik/ros2_ws/install/action_turtle_commands_server:/opt/ros/humble /usr/bin/cmake --build /home/kvasik/ros2_ws/src/my_robot-main/build/robot_bringup -- -j8 -l8
[3.443s] DEBUG:colcon.colcon_core.event_handler.log_command:Invoking command in '/home/kvasik/ros2_ws/src/my_robot-main/build/robot_description': CMAKE_PREFIX_PATH=${CMAKE_PREFIX_PATH}:/home/kvasik/ros2_ws/install/third_learning_tf2_py:/home/kvasik/ros2_ws/install/text_to_cmd_vel:/home/kvasik/ros2_ws/install/service_full_name:/home/kvasik/ros2_ws/install/py_pubsub:/home/kvasik/ros2_ws/install/my_package:/home/kvasik/ros2_ws/install/move_to_goal:/home/kvasik/ros2_ws/install/learning_tf2_py:/home/kvasik/ros2_ws/install/kvasik:/home/kvasik/ros2_ws/install/action_turtle_commands_server:/opt/ros/humble /usr/bin/cmake --build /home/kvasik/ros2_ws/src/my_robot-main/build/robot_description -- -j8 -l8
[3.518s] DEBUG:colcon.colcon_core.event_handler.log_command:Invoked command in '/home/kvasik/ros2_ws/src/my_robot-main/build/robot_bringup' returned '0': CMAKE_PREFIX_PATH=${CMAKE_PREFIX_PATH}:/home/kvasik/ros2_ws/install/third_learning_tf2_py:/home/kvasik/ros2_ws/install/text_to_cmd_vel:/home/kvasik/ros2_ws/install/service_full_name:/home/kvasik/ros2_ws/install/py_pubsub:/home/kvasik/ros2_ws/install/my_package:/home/kvasik/ros2_ws/install/move_to_goal:/home/kvasik/ros2_ws/install/learning_tf2_py:/home/kvasik/ros2_ws/install/kvasik:/home/kvasik/ros2_ws/install/action_turtle_commands_server:/opt/ros/humble /usr/bin/cmake --build /home/kvasik/ros2_ws/src/my_robot-main/build/robot_bringup -- -j8 -l8
[3.522s] DEBUG:colcon.colcon_core.event_handler.log_command:Invoked command in '/home/kvasik/ros2_ws/src/my_robot-main/build/robot_app' returned '0': CMAKE_PREFIX_PATH=${CMAKE_PREFIX_PATH}:/home/kvasik/ros2_ws/install/third_learning_tf2_py:/home/kvasik/ros2_ws/install/text_to_cmd_vel:/home/kvasik/ros2_ws/install/service_full_name:/home/kvasik/ros2_ws/install/py_pubsub:/home/kvasik/ros2_ws/install/my_package:/home/kvasik/ros2_ws/install/move_to_goal:/home/kvasik/ros2_ws/install/learning_tf2_py:/home/kvasik/ros2_ws/install/kvasik:/home/kvasik/ros2_ws/install/action_turtle_commands_server:/opt/ros/humble /usr/bin/cmake --build /home/kvasik/ros2_ws/src/my_robot-main/build/robot_app -- -j8 -l8
[3.551s] DEBUG:colcon.colcon_core.event_handler.log_command:Invoked command in '/home/kvasik/ros2_ws/src/my_robot-main/build/robot_description' returned '0': CMAKE_PREFIX_PATH=${CMAKE_PREFIX_PATH}:/home/kvasik/ros2_ws/install/third_learning_tf2_py:/home/kvasik/ros2_ws/install/text_to_cmd_vel:/home/kvasik/ros2_ws/install/service_full_name:/home/kvasik/ros2_ws/install/py_pubsub:/home/kvasik/ros2_ws/install/my_package:/home/kvasik/ros2_ws/install/move_to_goal:/home/kvasik/ros2_ws/install/learning_tf2_py:/home/kvasik/ros2_ws/install/kvasik:/home/kvasik/ros2_ws/install/action_turtle_commands_server:/opt/ros/humble /usr/bin/cmake --build /home/kvasik/ros2_ws/src/my_robot-main/build/robot_description -- -j8 -l8
[3.586s] DEBUG:colcon.colcon_core.event_handler.log_command:Invoking command in '/home/kvasik/ros2_ws/src/my_robot-main/build/robot_bringup': CMAKE_PREFIX_PATH=${CMAKE_PREFIX_PATH}:/home/kvasik/ros2_ws/install/third_learning_tf2_py:/home/kvasik/ros2_ws/install/text_to_cmd_vel:/home/kvasik/ros2_ws/install/service_full_name:/home/kvasik/ros2_ws/install/py_pubsub:/home/kvasik/ros2_ws/install/my_package:/home/kvasik/ros2_ws/install/move_to_goal:/home/kvasik/ros2_ws/install/learning_tf2_py:/home/kvasik/ros2_ws/install/kvasik:/home/kvasik/ros2_ws/install/action_turtle_commands_server:/opt/ros/humble /usr/bin/cmake --install /home/kvasik/ros2_ws/src/my_robot-main/build/robot_bringup
[3.590s] DEBUG:colcon.colcon_core.event_handler.log_command:Invoking command in '/home/kvasik/ros2_ws/src/my_robot-main/build/robot_app': CMAKE_PREFIX_PATH=${CMAKE_PREFIX_PATH}:/home/kvasik/ros2_ws/install/third_learning_tf2_py:/home/kvasik/ros2_ws/install/text_to_cmd_vel:/home/kvasik/ros2_ws/install/service_full_name:/home/kvasik/ros2_ws/install/py_pubsub:/home/kvasik/ros2_ws/install/my_package:/home/kvasik/ros2_ws/install/move_to_goal:/home/kvasik/ros2_ws/install/learning_tf2_py:/home/kvasik/ros2_ws/install/kvasik:/home/kvasik/ros2_ws/install/action_turtle_commands_server:/opt/ros/humble /usr/bin/cmake --install /home/kvasik/ros2_ws/src/my_robot-main/build/robot_app
[3.607s] Level 1:colcon.colcon_core.environment:create_environment_scripts_only(robot_bringup)
[3.612s] DEBUG:colcon.colcon_core.event_handler.log_command:Invoking command in '/home/kvasik/ros2_ws/src/my_robot-main/build/robot_description': CMAKE_PREFIX_PATH=${CMAKE_PREFIX_PATH}:/home/kvasik/ros2_ws/install/third_learning_tf2_py:/home/kvasik/ros2_ws/install/text_to_cmd_vel:/home/kvasik/ros2_ws/install/service_full_name:/home/kvasik/ros2_ws/install/py_pubsub:/home/kvasik/ros2_ws/install/my_package:/home/kvasik/ros2_ws/install/move_to_goal:/home/kvasik/ros2_ws/install/learning_tf2_py:/home/kvasik/ros2_ws/install/kvasik:/home/kvasik/ros2_ws/install/action_turtle_commands_server:/opt/ros/humble /usr/bin/cmake --install /home/kvasik/ros2_ws/src/my_robot-main/build/robot_description
[3.616s] DEBUG:colcon.colcon_core.event_handler.log_command:Invoked command in '/home/kvasik/ros2_ws/src/my_robot-main/build/robot_bringup' returned '0': CMAKE_PREFIX_PATH=${CMAKE_PREFIX_PATH}:/home/kvasik/ros2_ws/install/third_learning_tf2_py:/home/kvasik/ros2_ws/install/text_to_cmd_vel:/home/kvasik/ros2_ws/install/service_full_name:/home/kvasik/ros2_ws/install/py_pubsub:/home/kvasik/ros2_ws/install/my_package:/home/kvasik/ros2_ws/install/move_to_goal:/home/kvasik/ros2_ws/install/learning_tf2_py:/home/kvasik/ros2_ws/install/kvasik:/home/kvasik/ros2_ws/install/action_turtle_commands_server:/opt/ros/humble /usr/bin/cmake --install /home/kvasik/ros2_ws/src/my_robot-main/build/robot_bringup
[3.656s] Level 1:colcon.colcon_core.environment:checking '/home/kvasik/ros2_ws/src/my_robot-main/install/robot_bringup' for CMake module files
[3.656s] Level 1:colcon.colcon_core.environment:checking '/home/kvasik/ros2_ws/src/my_robot-main/install/robot_bringup' for CMake config files
[3.657s] Level 1:colcon.colcon_core.shell:create_environment_hook('robot_bringup', 'cmake_prefix_path')
[3.691s] INFO:colcon.colcon_core.shell:Creating environment hook '/home/kvasik/ros2_ws/src/my_robot-main/install/robot_bringup/share/robot_bringup/hook/cmake_prefix_path.ps1'
[3.692s] INFO:colcon.colcon_core.shell:Creating environment descriptor '/home/kvasik/ros2_ws/src/my_robot-main/install/robot_bringup/share/robot_bringup/hook/cmake_prefix_path.dsv'
[3.692s] INFO:colcon.colcon_core.shell:Creating environment hook '/home/kvasik/ros2_ws/src/my_robot-main/install/robot_bringup/share/robot_bringup/hook/cmake_prefix_path.sh'
[3.694s] Level 1:colcon.colcon_core.environment:checking '/home/kvasik/ros2_ws/src/my_robot-main/install/robot_bringup/bin'
[3.694s] Level 1:colcon.colcon_core.environment:checking '/home/kvasik/ros2_ws/src/my_robot-main/install/robot_bringup/lib/pkgconfig/robot_bringup.pc'
[3.694s] Level 1:colcon.colcon_core.environment:checking '/home/kvasik/ros2_ws/src/my_robot-main/install/robot_bringup/lib/python3.10/site-packages'
[3.695s] Level 1:colcon.colcon_core.environment:checking '/home/kvasik/ros2_ws/src/my_robot-main/install/robot_bringup/bin'
[3.729s] INFO:colcon.colcon_core.shell:Creating package script '/home/kvasik/ros2_ws/src/my_robot-main/install/robot_bringup/share/robot_bringup/package.ps1'
[3.731s] INFO:colcon.colcon_core.shell:Creating package descriptor '/home/kvasik/ros2_ws/src/my_robot-main/install/robot_bringup/share/robot_bringup/package.dsv'
[3.732s] INFO:colcon.colcon_core.shell:Creating package script '/home/kvasik/ros2_ws/src/my_robot-main/install/robot_bringup/share/robot_bringup/package.sh'
[3.733s] INFO:colcon.colcon_core.shell:Creating package script '/home/kvasik/ros2_ws/src/my_robot-main/install/robot_bringup/share/robot_bringup/package.bash'
[3.735s] INFO:colcon.colcon_core.shell:Creating package script '/home/kvasik/ros2_ws/src/my_robot-main/install/robot_bringup/share/robot_bringup/package.zsh'
[3.736s] Level 1:colcon.colcon_core.environment:create_file_with_runtime_dependencies(/home/kvasik/ros2_ws/src/my_robot-main/install/robot_bringup/share/colcon-core/packages/robot_bringup)
[3.740s] Level 1:colcon.colcon_core.environment:create_environment_scripts_only(robot_app)
[3.741s] DEBUG:colcon.colcon_core.event_handler.log_command:Invoked command in '/home/kvasik/ros2_ws/src/my_robot-main/build/robot_app' returned '0': CMAKE_PREFIX_PATH=${CMAKE_PREFIX_PATH}:/home/kvasik/ros2_ws/install/third_learning_tf2_py:/home/kvasik/ros2_ws/install/text_to_cmd_vel:/home/kvasik/ros2_ws/install/service_full_name:/home/kvasik/ros2_ws/install/py_pubsub:/home/kvasik/ros2_ws/install/my_package:/home/kvasik/ros2_ws/install/move_to_goal:/home/kvasik/ros2_ws/install/learning_tf2_py:/home/kvasik/ros2_ws/install/kvasik:/home/kvasik/ros2_ws/install/action_turtle_commands_server:/opt/ros/humble /usr/bin/cmake --install /home/kvasik/ros2_ws/src/my_robot-main/build/robot_app
[3.775s] Level 1:colcon.colcon_core.environment:checking '/home/kvasik/ros2_ws/src/my_robot-main/install/robot_app' for CMake module files
[3.776s] Level 1:colcon.colcon_core.environment:checking '/home/kvasik/ros2_ws/src/my_robot-main/install/robot_app' for CMake config files
[3.776s] Level 1:colcon.colcon_core.shell:create_environment_hook('robot_app', 'cmake_prefix_path')
[3.809s] INFO:colcon.colcon_core.shell:Creating environment hook '/home/kvasik/ros2_ws/src/my_robot-main/install/robot_app/share/robot_app/hook/cmake_prefix_path.ps1'
[3.810s] INFO:colcon.colcon_core.shell:Creating environment descriptor '/home/kvasik/ros2_ws/src/my_robot-main/install/robot_app/share/robot_app/hook/cmake_prefix_path.dsv'
[3.811s] INFO:colcon.colcon_core.shell:Creating environment hook '/home/kvasik/ros2_ws/src/my_robot-main/install/robot_app/share/robot_app/hook/cmake_prefix_path.sh'
[3.812s] Level 1:colcon.colcon_core.environment:checking '/home/kvasik/ros2_ws/src/my_robot-main/install/robot_app/bin'
[3.812s] Level 1:colcon.colcon_core.environment:checking '/home/kvasik/ros2_ws/src/my_robot-main/install/robot_app/lib/pkgconfig/robot_app.pc'
[3.812s] Level 1:colcon.colcon_core.environment:checking '/home/kvasik/ros2_ws/src/my_robot-main/install/robot_app/lib/python3.10/site-packages'
[3.812s] Level 1:colcon.colcon_core.environment:checking '/home/kvasik/ros2_ws/src/my_robot-main/install/robot_app/bin'
[3.847s] INFO:colcon.colcon_core.shell:Creating package script '/home/kvasik/ros2_ws/src/my_robot-main/install/robot_app/share/robot_app/package.ps1'
[3.848s] INFO:colcon.colcon_core.shell:Creating package descriptor '/home/kvasik/ros2_ws/src/my_robot-main/install/robot_app/share/robot_app/package.dsv'
[3.849s] INFO:colcon.colcon_core.shell:Creating package script '/home/kvasik/ros2_ws/src/my_robot-main/install/robot_app/share/robot_app/package.sh'
[3.850s] INFO:colcon.colcon_core.shell:Creating package script '/home/kvasik/ros2_ws/src/my_robot-main/install/robot_app/share/robot_app/package.bash'
[3.850s] INFO:colcon.colcon_core.shell:Creating package script '/home/kvasik/ros2_ws/src/my_robot-main/install/robot_app/share/robot_app/package.zsh'
[3.851s] Level 1:colcon.colcon_core.environment:create_file_with_runtime_dependencies(/home/kvasik/ros2_ws/src/my_robot-main/install/robot_app/share/colcon-core/packages/robot_app)
[3.853s] Level 1:colcon.colcon_core.environment:create_environment_scripts_only(robot_description)
[3.854s] DEBUG:colcon.colcon_core.event_handler.log_command:Invoked command in '/home/kvasik/ros2_ws/src/my_robot-main/build/robot_description' returned '0': CMAKE_PREFIX_PATH=${CMAKE_PREFIX_PATH}:/home/kvasik/ros2_ws/install/third_learning_tf2_py:/home/kvasik/ros2_ws/install/text_to_cmd_vel:/home/kvasik/ros2_ws/install/service_full_name:/home/kvasik/ros2_ws/install/py_pubsub:/home/kvasik/ros2_ws/install/my_package:/home/kvasik/ros2_ws/install/move_to_goal:/home/kvasik/ros2_ws/install/learning_tf2_py:/home/kvasik/ros2_ws/install/kvasik:/home/kvasik/ros2_ws/install/action_turtle_commands_server:/opt/ros/humble /usr/bin/cmake --install /home/kvasik/ros2_ws/src/my_robot-main/build/robot_description
[3.888s] Level 1:colcon.colcon_core.environment:checking '/home/kvasik/ros2_ws/src/my_robot-main/install/robot_description' for CMake module files
[3.889s] Level 1:colcon.colcon_core.environment:checking '/home/kvasik/ros2_ws/src/my_robot-main/install/robot_description' for CMake config files
[3.889s] Level 1:colcon.colcon_core.shell:create_environment_hook('robot_description', 'cmake_prefix_path')
[3.922s] INFO:colcon.colcon_core.shell:Creating environment hook '/home/kvasik/ros2_ws/src/my_robot-main/install/robot_description/share/robot_description/hook/cmake_prefix_path.ps1'
[3.923s] INFO:colcon.colcon_core.shell:Creating environment descriptor '/home/kvasik/ros2_ws/src/my_robot-main/install/robot_description/share/robot_description/hook/cmake_prefix_path.dsv'
[3.924s] INFO:colcon.colcon_core.shell:Creating environment hook '/home/kvasik/ros2_ws/src/my_robot-main/install/robot_description/share/robot_description/hook/cmake_prefix_path.sh'
[3.924s] Level 1:colcon.colcon_core.environment:checking '/home/kvasik/ros2_ws/src/my_robot-main/install/robot_description/bin'
[3.925s] Level 1:colcon.colcon_core.environment:checking '/home/kvasik/ros2_ws/src/my_robot-main/install/robot_description/lib/pkgconfig/robot_description.pc'
[3.925s] Level 1:colcon.colcon_core.environment:checking '/home/kvasik/ros2_ws/src/my_robot-main/install/robot_description/lib/python3.10/site-packages'
[3.925s] Level 1:colcon.colcon_core.environment:checking '/home/kvasik/ros2_ws/src/my_robot-main/install/robot_description/bin'
[3.960s] INFO:colcon.colcon_core.shell:Creating package script '/home/kvasik/ros2_ws/src/my_robot-main/install/robot_description/share/robot_description/package.ps1'
[3.961s] INFO:colcon.colcon_core.shell:Creating package descriptor '/home/kvasik/ros2_ws/src/my_robot-main/install/robot_description/share/robot_description/package.dsv'
[3.962s] INFO:colcon.colcon_core.shell:Creating package script '/home/kvasik/ros2_ws/src/my_robot-main/install/robot_description/share/robot_description/package.sh'
[3.962s] INFO:colcon.colcon_core.shell:Creating package script '/home/kvasik/ros2_ws/src/my_robot-main/install/robot_description/share/robot_description/package.bash'
[3.963s] INFO:colcon.colcon_core.shell:Creating package script '/home/kvasik/ros2_ws/src/my_robot-main/install/robot_description/share/robot_description/package.zsh'
[3.963s] Level 1:colcon.colcon_core.environment:create_file_with_runtime_dependencies(/home/kvasik/ros2_ws/src/my_robot-main/install/robot_description/share/colcon-core/packages/robot_description)
[3.997s] Level 1:colcon.colcon_core.environment:create_environment_scripts_only(robot_bringup)
[4.031s] Level 1:colcon.colcon_core.environment:checking '/home/kvasik/ros2_ws/src/my_robot-main/install/robot_bringup' for CMake module files
[4.032s] Level 1:colcon.colcon_core.environment:checking '/home/kvasik/ros2_ws/src/my_robot-main/install/robot_bringup' for CMake config files
[4.032s] Level 1:colcon.colcon_core.shell:create_environment_hook('robot_bringup', 'cmake_prefix_path')
[4.064s] INFO:colcon.colcon_core.shell:Creating environment hook '/home/kvasik/ros2_ws/src/my_robot-main/install/robot_bringup/share/robot_bringup/hook/cmake_prefix_path.ps1'
[4.065s] INFO:colcon.colcon_core.shell:Creating environment descriptor '/home/kvasik/ros2_ws/src/my_robot-main/install/robot_bringup/share/robot_bringup/hook/cmake_prefix_path.dsv'
[4.065s] INFO:colcon.colcon_core.shell:Creating environment hook '/home/kvasik/ros2_ws/src/my_robot-main/install/robot_bringup/share/robot_bringup/hook/cmake_prefix_path.sh'
[4.066s] Level 1:colcon.colcon_core.environment:checking '/home/kvasik/ros2_ws/src/my_robot-main/install/robot_bringup/bin'
[4.066s] Level 1:colcon.colcon_core.environment:checking '/home/kvasik/ros2_ws/src/my_robot-main/install/robot_bringup/lib/pkgconfig/robot_bringup.pc'
[4.066s] Level 1:colcon.colcon_core.environment:checking '/home/kvasik/ros2_ws/src/my_robot-main/install/robot_bringup/lib/python3.10/site-packages'
[4.067s] Level 1:colcon.colcon_core.environment:checking '/home/kvasik/ros2_ws/src/my_robot-main/install/robot_bringup/bin'
[4.098s] INFO:colcon.colcon_core.shell:Creating package script '/home/kvasik/ros2_ws/src/my_robot-main/install/robot_bringup/share/robot_bringup/package.ps1'
[4.099s] INFO:colcon.colcon_core.shell:Creating package descriptor '/home/kvasik/ros2_ws/src/my_robot-main/install/robot_bringup/share/robot_bringup/package.dsv'
[4.099s] INFO:colcon.colcon_core.shell:Creating package script '/home/kvasik/ros2_ws/src/my_robot-main/install/robot_bringup/share/robot_bringup/package.sh'
[4.100s] INFO:colcon.colcon_core.shell:Creating package script '/home/kvasik/ros2_ws/src/my_robot-main/install/robot_bringup/share/robot_bringup/package.bash'
[4.101s] INFO:colcon.colcon_core.shell:Creating package script '/home/kvasik/ros2_ws/src/my_robot-main/install/robot_bringup/share/robot_bringup/package.zsh'
[4.101s] Level 1:colcon.colcon_core.environment:create_file_with_runtime_dependencies(/home/kvasik/ros2_ws/src/my_robot-main/install/robot_bringup/share/colcon-core/packages/robot_bringup)
[4.137s] Level 1:colcon.colcon_core.environment:create_environment_scripts_only(robot_app)
[4.171s] Level 1:colcon.colcon_core.environment:checking '/home/kvasik/ros2_ws/src/my_robot-main/install/robot_app' for CMake module files
[4.171s] Level 1:colcon.colcon_core.environment:checking '/home/kvasik/ros2_ws/src/my_robot-main/install/robot_app' for CMake config files
[4.172s] Level 1:colcon.colcon_core.shell:create_environment_hook('robot_app', 'cmake_prefix_path')
[4.202s] INFO:colcon.colcon_core.shell:Creating environment hook '/home/kvasik/ros2_ws/src/my_robot-main/install/robot_app/share/robot_app/hook/cmake_prefix_path.ps1'
[4.203s] INFO:colcon.colcon_core.shell:Creating environment descriptor '/home/kvasik/ros2_ws/src/my_robot-main/install/robot_app/share/robot_app/hook/cmake_prefix_path.dsv'
[4.203s] INFO:colcon.colcon_core.shell:Creating environment hook '/home/kvasik/ros2_ws/src/my_robot-main/install/robot_app/share/robot_app/hook/cmake_prefix_path.sh'
[4.204s] Level 1:colcon.colcon_core.environment:checking '/home/kvasik/ros2_ws/src/my_robot-main/install/robot_app/bin'
[4.204s] Level 1:colcon.colcon_core.environment:checking '/home/kvasik/ros2_ws/src/my_robot-main/install/robot_app/lib/pkgconfig/robot_app.pc'
[4.205s] Level 1:colcon.colcon_core.environment:checking '/home/kvasik/ros2_ws/src/my_robot-main/install/robot_app/lib/python3.10/site-packages'
[4.205s] Level 1:colcon.colcon_core.environment:checking '/home/kvasik/ros2_ws/src/my_robot-main/install/robot_app/bin'
[4.239s] INFO:colcon.colcon_core.shell:Creating package script '/home/kvasik/ros2_ws/src/my_robot-main/install/robot_app/share/robot_app/package.ps1'
[4.240s] INFO:colcon.colcon_core.shell:Creating package descriptor '/home/kvasik/ros2_ws/src/my_robot-main/install/robot_app/share/robot_app/package.dsv'
[4.241s] INFO:colcon.colcon_core.shell:Creating package script '/home/kvasik/ros2_ws/src/my_robot-main/install/robot_app/share/robot_app/package.sh'
[4.242s] INFO:colcon.colcon_core.shell:Creating package script '/home/kvasik/ros2_ws/src/my_robot-main/install/robot_app/share/robot_app/package.bash'
[4.242s] INFO:colcon.colcon_core.shell:Creating package script '/home/kvasik/ros2_ws/src/my_robot-main/install/robot_app/share/robot_app/package.zsh'
[4.243s] Level 1:colcon.colcon_core.environment:create_file_with_runtime_dependencies(/home/kvasik/ros2_ws/src/my_robot-main/install/robot_app/share/colcon-core/packages/robot_app)
[4.276s] Level 1:colcon.colcon_core.environment:create_environment_scripts_only(robot_description)
[4.307s] Level 1:colcon.colcon_core.environment:checking '/home/kvasik/ros2_ws/src/my_robot-main/install/robot_description' for CMake module files
[4.308s] Level 1:colcon.colcon_core.environment:checking '/home/kvasik/ros2_ws/src/my_robot-main/install/robot_description' for CMake config files
[4.308s] Level 1:colcon.colcon_core.shell:create_environment_hook('robot_description', 'cmake_prefix_path')
[4.342s] INFO:colcon.colcon_core.shell:Creating environment hook '/home/kvasik/ros2_ws/src/my_robot-main/install/robot_description/share/robot_description/hook/cmake_prefix_path.ps1'
[4.343s] INFO:colcon.colcon_core.shell:Creating environment descriptor '/home/kvasik/ros2_ws/src/my_robot-main/install/robot_description/share/robot_description/hook/cmake_prefix_path.dsv'
[4.344s] INFO:colcon.colcon_core.shell:Creating environment hook '/home/kvasik/ros2_ws/src/my_robot-main/install/robot_description/share/robot_description/hook/cmake_prefix_path.sh'
[4.345s] Level 1:colcon.colcon_core.environment:checking '/home/kvasik/ros2_ws/src/my_robot-main/install/robot_description/bin'
[4.345s] Level 1:colcon.colcon_core.environment:checking '/home/kvasik/ros2_ws/src/my_robot-main/install/robot_description/lib/pkgconfig/robot_description.pc'
[4.345s] Level 1:colcon.colcon_core.environment:checking '/home/kvasik/ros2_ws/src/my_robot-main/install/robot_description/lib/python3.10/site-packages'
[4.345s] Level 1:colcon.colcon_core.environment:checking '/home/kvasik/ros2_ws/src/my_robot-main/install/robot_description/bin'
[4.379s] INFO:colcon.colcon_core.shell:Creating package script '/home/kvasik/ros2_ws/src/my_robot-main/install/robot_description/share/robot_description/package.ps1'
[4.380s] INFO:colcon.colcon_core.shell:Creating package descriptor '/home/kvasik/ros2_ws/src/my_robot-main/install/robot_description/share/robot_description/package.dsv'
[4.381s] INFO:colcon.colcon_core.shell:Creating package script '/home/kvasik/ros2_ws/src/my_robot-main/install/robot_description/share/robot_description/package.sh'
[4.381s] INFO:colcon.colcon_core.shell:Creating package script '/home/kvasik/ros2_ws/src/my_robot-main/install/robot_description/share/robot_description/package.bash'
[4.382s] INFO:colcon.colcon_core.shell:Creating package script '/home/kvasik/ros2_ws/src/my_robot-main/install/robot_description/share/robot_description/package.zsh'
[4.382s] Level 1:colcon.colcon_core.environment:create_file_with_runtime_dependencies(/home/kvasik/ros2_ws/src/my_robot-main/install/robot_description/share/colcon-core/packages/robot_description)
[4.383s] DEBUG:colcon.colcon_parallel_executor.executor.parallel:closing loop
[4.383s] DEBUG:colcon.colcon_parallel_executor.executor.parallel:loop closed
[4.383s] DEBUG:colcon.colcon_parallel_executor.executor.parallel:run_until_complete finished with '0'
[4.383s] DEBUG:colcon.colcon_core.event_reactor:joining thread
[4.425s] INFO:colcon.colcon_core.plugin_system:Skipping extension 'colcon_notification.desktop_notification.terminal_notifier': Not used on non-Darwin systems
[4.425s] INFO:colcon.colcon_core.plugin_system:Skipping extension 'colcon_notification.desktop_notification.win32': Not used on non-Windows systems
[4.425s] INFO:colcon.colcon_notification.desktop_notification:Sending desktop notification using 'notify2'
[4.453s] DEBUG:colcon.colcon_core.event_reactor:joined thread
[4.485s] INFO:colcon.colcon_core.shell:Creating prefix script '/home/kvasik/ros2_ws/src/my_robot-main/install/local_setup.ps1'
[4.486s] INFO:colcon.colcon_core.shell:Creating prefix util module '/home/kvasik/ros2_ws/src/my_robot-main/install/_local_setup_util_ps1.py'
[4.489s] INFO:colcon.colcon_core.shell:Creating prefix chain script '/home/kvasik/ros2_ws/src/my_robot-main/install/setup.ps1'
[4.523s] INFO:colcon.colcon_core.shell:Creating prefix script '/home/kvasik/ros2_ws/src/my_robot-main/install/local_setup.sh'
[4.524s] INFO:colcon.colcon_core.shell:Creating prefix util module '/home/kvasik/ros2_ws/src/my_robot-main/install/_local_setup_util_sh.py'
[4.524s] INFO:colcon.colcon_core.shell:Creating prefix chain script '/home/kvasik/ros2_ws/src/my_robot-main/install/setup.sh'
[4.559s] INFO:colcon.colcon_core.shell:Creating prefix script '/home/kvasik/ros2_ws/src/my_robot-main/install/local_setup.bash'
[4.560s] INFO:colcon.colcon_core.shell:Creating prefix chain script '/home/kvasik/ros2_ws/src/my_robot-main/install/setup.bash'
[4.594s] INFO:colcon.colcon_core.shell:Creating prefix script '/home/kvasik/ros2_ws/src/my_robot-main/install/local_setup.zsh'
[4.594s] INFO:colcon.colcon_core.shell:Creating prefix chain script '/home/kvasik/ros2_ws/src/my_robot-main/install/setup.zsh'
