[0.396s] Invoking command in '/home/kvasik/ros2_ws/src/my_robot-main/build/robot_app': CMAKE_PREFIX_PATH=${CMAKE_PREFIX_PATH}:/home/kvasik/ros2_ws/src/robot_walking/install/robot_walking:/home/kvasik/ros2_ws/install/third_learning_tf2_py:/home/kvasik/ros2_ws/install/text_to_cmd_vel:/home/kvasik/ros2_ws/install/service_full_name:/home/kvasik/ros2_ws/install/py_pubsub:/home/kvasik/ros2_ws/install/my_package:/home/kvasik/ros2_ws/install/move_to_goal:/home/kvasik/ros2_ws/install/learning_tf2_py:/home/kvasik/ros2_ws/install/kvasik:/home/kvasik/ros2_ws/install/action_turtle_commands_server:/opt/ros/humble /usr/bin/cmake --build /home/kvasik/ros2_ws/src/my_robot-main/build/robot_app -- -j8 -l8
[0.490s] Invoked command in '/home/kvasik/ros2_ws/src/my_robot-main/build/robot_app' returned '0': CMAKE_PREFIX_PATH=${CMAKE_PREFIX_PATH}:/home/kvasik/ros2_ws/src/robot_walking/install/robot_walking:/home/kvasik/ros2_ws/install/third_learning_tf2_py:/home/kvasik/ros2_ws/install/text_to_cmd_vel:/home/kvasik/ros2_ws/install/service_full_name:/home/kvasik/ros2_ws/install/py_pubsub:/home/kvasik/ros2_ws/install/my_package:/home/kvasik/ros2_ws/install/move_to_goal:/home/kvasik/ros2_ws/install/learning_tf2_py:/home/kvasik/ros2_ws/install/kvasik:/home/kvasik/ros2_ws/install/action_turtle_commands_server:/opt/ros/humble /usr/bin/cmake --build /home/kvasik/ros2_ws/src/my_robot-main/build/robot_app -- -j8 -l8
[0.537s] Invoking command in '/home/kvasik/ros2_ws/src/my_robot-main/build/robot_app': CMAKE_PREFIX_PATH=${CMAKE_PREFIX_PATH}:/home/kvasik/ros2_ws/src/robot_walking/install/robot_walking:/home/kvasik/ros2_ws/install/third_learning_tf2_py:/home/kvasik/ros2_ws/install/text_to_cmd_vel:/home/kvasik/ros2_ws/install/service_full_name:/home/kvasik/ros2_ws/install/py_pubsub:/home/kvasik/ros2_ws/install/my_package:/home/kvasik/ros2_ws/install/move_to_goal:/home/kvasik/ros2_ws/install/learning_tf2_py:/home/kvasik/ros2_ws/install/kvasik:/home/kvasik/ros2_ws/install/action_turtle_commands_server:/opt/ros/humble /usr/bin/cmake --install /home/kvasik/ros2_ws/src/my_robot-main/build/robot_app
[0.556s] -- Install configuration: ""
[0.557s] -- Up-to-date: /home/kvasik/ros2_ws/src/my_robot-main/install/robot_app/share/ament_index/resource_index/package_run_dependencies/robot_app
[0.557s] -- Up-to-date: /home/kvasik/ros2_ws/src/my_robot-main/install/robot_app/share/ament_index/resource_index/parent_prefix_path/robot_app
[0.557s] -- Up-to-date: /home/kvasik/ros2_ws/src/my_robot-main/install/robot_app/share/robot_app/environment/ament_prefix_path.sh
[0.558s] -- Up-to-date: /home/kvasik/ros2_ws/src/my_robot-main/install/robot_app/share/robot_app/environment/ament_prefix_path.dsv
[0.558s] -- Up-to-date: /home/kvasik/ros2_ws/src/my_robot-main/install/robot_app/share/robot_app/environment/path.sh
[0.558s] -- Up-to-date: /home/kvasik/ros2_ws/src/my_robot-main/install/robot_app/share/robot_app/environment/path.dsv
[0.558s] -- Up-to-date: /home/kvasik/ros2_ws/src/my_robot-main/install/robot_app/share/robot_app/local_setup.bash
[0.558s] -- Up-to-date: /home/kvasik/ros2_ws/src/my_robot-main/install/robot_app/share/robot_app/local_setup.sh
[0.558s] -- Up-to-date: /home/kvasik/ros2_ws/src/my_robot-main/install/robot_app/share/robot_app/local_setup.zsh
[0.559s] -- Up-to-date: /home/kvasik/ros2_ws/src/my_robot-main/install/robot_app/share/robot_app/local_setup.dsv
[0.559s] -- Installing: /home/kvasik/ros2_ws/src/my_robot-main/install/robot_app/share/robot_app/package.dsv
[0.559s] -- Up-to-date: /home/kvasik/ros2_ws/src/my_robot-main/install/robot_app/share/ament_index/resource_index/packages/robot_app
[0.559s] -- Up-to-date: /home/kvasik/ros2_ws/src/my_robot-main/install/robot_app/share/robot_app/cmake/robot_appConfig.cmake
[0.559s] -- Up-to-date: /home/kvasik/ros2_ws/src/my_robot-main/install/robot_app/share/robot_app/cmake/robot_appConfig-version.cmake
[0.560s] -- Up-to-date: /home/kvasik/ros2_ws/src/my_robot-main/install/robot_app/share/robot_app/package.xml
[0.704s] Invoked command in '/home/kvasik/ros2_ws/src/my_robot-main/build/robot_app' returned '0': CMAKE_PREFIX_PATH=${CMAKE_PREFIX_PATH}:/home/kvasik/ros2_ws/src/robot_walking/install/robot_walking:/home/kvasik/ros2_ws/install/third_learning_tf2_py:/home/kvasik/ros2_ws/install/text_to_cmd_vel:/home/kvasik/ros2_ws/install/service_full_name:/home/kvasik/ros2_ws/install/py_pubsub:/home/kvasik/ros2_ws/install/my_package:/home/kvasik/ros2_ws/install/move_to_goal:/home/kvasik/ros2_ws/install/learning_tf2_py:/home/kvasik/ros2_ws/install/kvasik:/home/kvasik/ros2_ws/install/action_turtle_commands_server:/opt/ros/humble /usr/bin/cmake --install /home/kvasik/ros2_ws/src/my_robot-main/build/robot_app
