[2.073s] DEBUG:colcon:Command line arguments: ['/usr/bin/colcon', 'build']
[2.073s] DEBUG:colcon:Parsed command line arguments: Namespace(log_base=None, log_level=None, verb_name='build', build_base='build', install_base='install', merge_install=False, symlink_install=False, test_result_base=None, continue_on_error=False, executor='parallel', parallel_workers=8, event_handlers=None, ignore_user_meta=False, metas=['./colcon.meta'], base_paths=['.'], packages_ignore=None, packages_ignore_regex=None, paths=None, packages_up_to=None, packages_up_to_regex=None, packages_above=None, packages_above_and_dependencies=None, packages_above_depth=None, packages_select_by_dep=None, packages_skip_by_dep=None, packages_skip_up_to=None, packages_select_build_failed=False, packages_skip_build_finished=False, packages_select_test_failures=False, packages_skip_test_passed=False, packages_select=None, packages_skip=None, packages_select_regex=None, packages_skip_regex=None, packages_start=None, packages_end=None, allow_overriding=[], cmake_args=None, cmake_target=None, cmake_target_skip_unavailable=False, cmake_clean_cache=False, cmake_clean_first=False, cmake_force_configure=False, ament_cmake_args=None, catkin_cmake_args=None, catkin_skip_building_tests=False, verb_parser=<colcon_defaults.argument_parser.defaults.DefaultArgumentsDecorator object at 0x7fb1240289a0>, verb_extension=<colcon_core.verb.build.BuildVerb object at 0x7fb12413e2f0>, main=<bound method BuildVerb.main of <colcon_core.verb.build.BuildVerb object at 0x7fb12413e2f0>>)
[2.163s] Level 1:colcon.colcon_core.package_discovery:discover_packages(colcon_meta) check parameters
[2.163s] Level 1:colcon.colcon_core.package_discovery:discover_packages(recursive) check parameters
[2.163s] Level 1:colcon.colcon_core.package_discovery:discover_packages(ignore) check parameters
[2.163s] Level 1:colcon.colcon_core.package_discovery:discover_packages(path) check parameters
[2.163s] Level 1:colcon.colcon_core.package_discovery:discover_packages(colcon_meta) discover
[2.163s] Level 1:colcon.colcon_core.package_discovery:discover_packages(recursive) discover
[2.163s] INFO:colcon.colcon_core.package_discovery:Crawling recursively for packages in '/home/kvasik/ros2_ws/src/my_robot-main'
[2.163s] Level 1:colcon.colcon_core.package_identification:_identify(.) by extensions ['ignore', 'ignore_ament_install']
[2.164s] Level 1:colcon.colcon_core.package_identification:_identify(.) by extension 'ignore'
[2.164s] Level 1:colcon.colcon_core.package_identification:_identify(.) by extension 'ignore_ament_install'
[2.164s] Level 1:colcon.colcon_core.package_identification:_identify(.) by extensions ['colcon_pkg']
[2.164s] Level 1:colcon.colcon_core.package_identification:_identify(.) by extension 'colcon_pkg'
[2.164s] Level 1:colcon.colcon_core.package_identification:_identify(.) by extensions ['colcon_meta']
[2.164s] Level 1:colcon.colcon_core.package_identification:_identify(.) by extension 'colcon_meta'
[2.164s] Level 1:colcon.colcon_core.package_identification:_identify(.) by extensions ['ros']
[2.164s] Level 1:colcon.colcon_core.package_identification:_identify(.) by extension 'ros'
[2.183s] Level 1:colcon.colcon_core.package_identification:_identify(.) by extensions ['cmake', 'python']
[2.183s] Level 1:colcon.colcon_core.package_identification:_identify(.) by extension 'cmake'
[2.183s] Level 1:colcon.colcon_core.package_identification:_identify(.) by extension 'python'
[2.183s] Level 1:colcon.colcon_core.package_identification:_identify(.) by extensions ['python_setup_py']
[2.183s] Level 1:colcon.colcon_core.package_identification:_identify(.) by extension 'python_setup_py'
[2.183s] Level 1:colcon.colcon_core.package_identification:_identify(build) by extensions ['ignore', 'ignore_ament_install']
[2.183s] Level 1:colcon.colcon_core.package_identification:_identify(build) by extension 'ignore'
[2.183s] Level 1:colcon.colcon_core.package_identification:_identify(build) ignored
[2.184s] Level 1:colcon.colcon_core.package_identification:_identify(install) by extensions ['ignore', 'ignore_ament_install']
[2.184s] Level 1:colcon.colcon_core.package_identification:_identify(install) by extension 'ignore'
[2.184s] Level 1:colcon.colcon_core.package_identification:_identify(install) ignored
[2.184s] Level 1:colcon.colcon_core.package_identification:_identify(log) by extensions ['ignore', 'ignore_ament_install']
[2.184s] Level 1:colcon.colcon_core.package_identification:_identify(log) by extension 'ignore'
[2.184s] Level 1:colcon.colcon_core.package_identification:_identify(log) ignored
[2.184s] Level 1:colcon.colcon_core.package_identification:_identify(robot_app) by extensions ['ignore', 'ignore_ament_install']
[2.185s] Level 1:colcon.colcon_core.package_identification:_identify(robot_app) by extension 'ignore'
[2.185s] Level 1:colcon.colcon_core.package_identification:_identify(robot_app) by extension 'ignore_ament_install'
[2.185s] Level 1:colcon.colcon_core.package_identification:_identify(robot_app) by extensions ['colcon_pkg']
[2.185s] Level 1:colcon.colcon_core.package_identification:_identify(robot_app) by extension 'colcon_pkg'
[2.185s] Level 1:colcon.colcon_core.package_identification:_identify(robot_app) by extensions ['colcon_meta']
[2.185s] Level 1:colcon.colcon_core.package_identification:_identify(robot_app) by extension 'colcon_meta'
[2.185s] Level 1:colcon.colcon_core.package_identification:_identify(robot_app) by extensions ['ros']
[2.185s] Level 1:colcon.colcon_core.package_identification:_identify(robot_app) by extension 'ros'
[2.189s] DEBUG:colcon.colcon_core.package_identification:Package 'robot_app' with type 'ros.ament_cmake' and name 'robot_app'
[2.189s] Level 1:colcon.colcon_core.package_identification:_identify(robot_bringup) by extensions ['ignore', 'ignore_ament_install']
[2.189s] Level 1:colcon.colcon_core.package_identification:_identify(robot_bringup) by extension 'ignore'
[2.189s] Level 1:colcon.colcon_core.package_identification:_identify(robot_bringup) by extension 'ignore_ament_install'
[2.189s] Level 1:colcon.colcon_core.package_identification:_identify(robot_bringup) by extensions ['colcon_pkg']
[2.189s] Level 1:colcon.colcon_core.package_identification:_identify(robot_bringup) by extension 'colcon_pkg'
[2.189s] Level 1:colcon.colcon_core.package_identification:_identify(robot_bringup) by extensions ['colcon_meta']
[2.189s] Level 1:colcon.colcon_core.package_identification:_identify(robot_bringup) by extension 'colcon_meta'
[2.189s] Level 1:colcon.colcon_core.package_identification:_identify(robot_bringup) by extensions ['ros']
[2.190s] Level 1:colcon.colcon_core.package_identification:_identify(robot_bringup) by extension 'ros'
[2.190s] DEBUG:colcon.colcon_core.package_identification:Package 'robot_bringup' with type 'ros.ament_cmake' and name 'robot_bringup'
[2.190s] Level 1:colcon.colcon_core.package_identification:_identify(robot_description) by extensions ['ignore', 'ignore_ament_install']
[2.190s] Level 1:colcon.colcon_core.package_identification:_identify(robot_description) by extension 'ignore'
[2.191s] Level 1:colcon.colcon_core.package_identification:_identify(robot_description) by extension 'ignore_ament_install'
[2.191s] Level 1:colcon.colcon_core.package_identification:_identify(robot_description) by extensions ['colcon_pkg']
[2.191s] Level 1:colcon.colcon_core.package_identification:_identify(robot_description) by extension 'colcon_pkg'
[2.191s] Level 1:colcon.colcon_core.package_identification:_identify(robot_description) by extensions ['colcon_meta']
[2.191s] Level 1:colcon.colcon_core.package_identification:_identify(robot_description) by extension 'colcon_meta'
[2.191s] Level 1:colcon.colcon_core.package_identification:_identify(robot_description) by extensions ['ros']
[2.191s] Level 1:colcon.colcon_core.package_identification:_identify(robot_description) by extension 'ros'
[2.192s] DEBUG:colcon.colcon_core.package_identification:Package 'robot_description' with type 'ros.ament_cmake' and name 'robot_description'
[2.192s] Level 1:colcon.colcon_core.package_discovery:discover_packages(recursive) using defaults
[2.192s] Level 1:colcon.colcon_core.package_discovery:discover_packages(ignore) discover
[2.192s] Level 1:colcon.colcon_core.package_discovery:discover_packages(ignore) using defaults
[2.192s] Level 1:colcon.colcon_core.package_discovery:discover_packages(path) discover
[2.192s] Level 1:colcon.colcon_core.package_discovery:discover_packages(path) using defaults
[2.376s] Level 1:colcon.colcon_core.package_discovery:discover_packages(prefix_path) check parameters
[2.376s] Level 1:colcon.colcon_core.package_discovery:discover_packages(prefix_path) discover
[2.461s] DEBUG:colcon.colcon_installed_package_information.package_discovery:Found 3 installed packages in /home/kvasik/ros2_ws/src/my_robot-main/install
[2.492s] DEBUG:colcon.colcon_installed_package_information.package_discovery:Found 1 installed packages in /home/kvasik/ros2_ws/src/robot_walking/install
[2.524s] DEBUG:colcon.colcon_installed_package_information.package_discovery:Found 27 installed packages in /home/kvasik/ros2_ws/install
[2.557s] DEBUG:colcon.colcon_installed_package_information.package_discovery:Found 284 installed packages in /opt/ros/humble
[2.559s] Level 1:colcon.colcon_core.package_discovery:discover_packages(prefix_path) using defaults
[2.727s] Level 5:colcon.colcon_core.verb:set package 'robot_app' build argument 'cmake_args' from command line to 'None'
[2.728s] Level 5:colcon.colcon_core.verb:set package 'robot_app' build argument 'cmake_target' from command line to 'None'
[2.728s] Level 5:colcon.colcon_core.verb:set package 'robot_app' build argument 'cmake_target_skip_unavailable' from command line to 'False'
[2.728s] Level 5:colcon.colcon_core.verb:set package 'robot_app' build argument 'cmake_clean_cache' from command line to 'False'
[2.728s] Level 5:colcon.colcon_core.verb:set package 'robot_app' build argument 'cmake_clean_first' from command line to 'False'
[2.728s] Level 5:colcon.colcon_core.verb:set package 'robot_app' build argument 'cmake_force_configure' from command line to 'False'
[2.728s] Level 5:colcon.colcon_core.verb:set package 'robot_app' build argument 'ament_cmake_args' from command line to 'None'
[2.728s] Level 5:colcon.colcon_core.verb:set package 'robot_app' build argument 'catkin_cmake_args' from command line to 'None'
[2.728s] Level 5:colcon.colcon_core.verb:set package 'robot_app' build argument 'catkin_skip_building_tests' from command line to 'False'
[2.728s] DEBUG:colcon.colcon_core.verb:Building package 'robot_app' with the following arguments: {'ament_cmake_args': None, 'build_base': '/home/kvasik/ros2_ws/src/my_robot-main/build/robot_app', 'catkin_cmake_args': None, 'catkin_skip_building_tests': False, 'cmake_args': None, 'cmake_clean_cache': False, 'cmake_clean_first': False, 'cmake_force_configure': False, 'cmake_target': None, 'cmake_target_skip_unavailable': False, 'install_base': '/home/kvasik/ros2_ws/src/my_robot-main/install/robot_app', 'merge_install': False, 'path': '/home/kvasik/ros2_ws/src/my_robot-main/robot_app', 'symlink_install': False, 'test_result_base': None}
[2.759s] Level 5:colcon.colcon_core.verb:set package 'robot_bringup' build argument 'cmake_args' from command line to 'None'
[2.759s] Level 5:colcon.colcon_core.verb:set package 'robot_bringup' build argument 'cmake_target' from command line to 'None'
[2.759s] Level 5:colcon.colcon_core.verb:set package 'robot_bringup' build argument 'cmake_target_skip_unavailable' from command line to 'False'
[2.759s] Level 5:colcon.colcon_core.verb:set package 'robot_bringup' build argument 'cmake_clean_cache' from command line to 'False'
[2.759s] Level 5:colcon.colcon_core.verb:set package 'robot_bringup' build argument 'cmake_clean_first' from command line to 'False'
[2.759s] Level 5:colcon.colcon_core.verb:set package 'robot_bringup' build argument 'cmake_force_configure' from command line to 'False'
[2.759s] Level 5:colcon.colcon_core.verb:set package 'robot_bringup' build argument 'ament_cmake_args' from command line to 'None'
[2.759s] Level 5:colcon.colcon_core.verb:set package 'robot_bringup' build argument 'catkin_cmake_args' from command line to 'None'
[2.759s] Level 5:colcon.colcon_core.verb:set package 'robot_bringup' build argument 'catkin_skip_building_tests' from command line to 'False'
[2.759s] DEBUG:colcon.colcon_core.verb:Building package 'robot_bringup' with the following arguments: {'ament_cmake_args': None, 'build_base': '/home/kvasik/ros2_ws/src/my_robot-main/build/robot_bringup', 'catkin_cmake_args': None, 'catkin_skip_building_tests': False, 'cmake_args': None, 'cmake_clean_cache': False, 'cmake_clean_first': False, 'cmake_force_configure': False, 'cmake_target': None, 'cmake_target_skip_unavailable': False, 'install_base': '/home/kvasik/ros2_ws/src/my_robot-main/install/robot_bringup', 'merge_install': False, 'path': '/home/kvasik/ros2_ws/src/my_robot-main/robot_bringup', 'symlink_install': False, 'test_result_base': None}
[2.791s] Level 5:colcon.colcon_core.verb:set package 'robot_description' build argument 'cmake_args' from command line to 'None'
[2.791s] Level 5:colcon.colcon_core.verb:set package 'robot_description' build argument 'cmake_target' from command line to 'None'
[2.791s] Level 5:colcon.colcon_core.verb:set package 'robot_description' build argument 'cmake_target_skip_unavailable' from command line to 'False'
[2.791s] Level 5:colcon.colcon_core.verb:set package 'robot_description' build argument 'cmake_clean_cache' from command line to 'False'
[2.791s] Level 5:colcon.colcon_core.verb:set package 'robot_description' build argument 'cmake_clean_first' from command line to 'False'
[2.791s] Level 5:colcon.colcon_core.verb:set package 'robot_description' build argument 'cmake_force_configure' from command line to 'False'
[2.791s] Level 5:colcon.colcon_core.verb:set package 'robot_description' build argument 'ament_cmake_args' from command line to 'None'
[2.791s] Level 5:colcon.colcon_core.verb:set package 'robot_description' build argument 'catkin_cmake_args' from command line to 'None'
[2.791s] Level 5:colcon.colcon_core.verb:set package 'robot_description' build argument 'catkin_skip_building_tests' from command line to 'False'
[2.791s] DEBUG:colcon.colcon_core.verb:Building package 'robot_description' with the following arguments: {'ament_cmake_args': None, 'build_base': '/home/kvasik/ros2_ws/src/my_robot-main/build/robot_description', 'catkin_cmake_args': None, 'catkin_skip_building_tests': False, 'cmake_args': None, 'cmake_clean_cache': False, 'cmake_clean_first': False, 'cmake_force_configure': False, 'cmake_target': None, 'cmake_target_skip_unavailable': False, 'install_base': '/home/kvasik/ros2_ws/src/my_robot-main/install/robot_description', 'merge_install': False, 'path': '/home/kvasik/ros2_ws/src/my_robot-main/robot_description', 'symlink_install': False, 'test_result_base': None}
[2.822s] INFO:colcon.colcon_core.executor:Executing jobs using 'parallel' executor
[2.854s] DEBUG:colcon.colcon_parallel_executor.executor.parallel:run_until_complete
[2.854s] INFO:colcon.colcon_ros.task.ament_cmake.build:Building ROS package in '/home/kvasik/ros2_ws/src/my_robot-main/robot_app' with build type 'ament_cmake'
[2.854s] INFO:colcon.colcon_cmake.task.cmake.build:Building CMake package in '/home/kvasik/ros2_ws/src/my_robot-main/robot_app'
[2.889s] INFO:colcon.colcon_core.plugin_system:Skipping extension 'colcon_core.shell.bat': Not used on non-Windows systems
[2.890s] INFO:colcon.colcon_core.shell:Skip shell extension 'powershell' for command environment: Not usable outside of PowerShell
[2.890s] DEBUG:colcon.colcon_core.shell:Skip shell extension 'dsv' for command environment
[3.053s] INFO:colcon.colcon_ros.task.ament_cmake.build:Building ROS package in '/home/kvasik/ros2_ws/src/my_robot-main/robot_bringup' with build type 'ament_cmake'
[3.053s] INFO:colcon.colcon_cmake.task.cmake.build:Building CMake package in '/home/kvasik/ros2_ws/src/my_robot-main/robot_bringup'
[3.086s] INFO:colcon.colcon_core.shell:Skip shell extension 'powershell' for command environment: Not usable outside of PowerShell
[3.086s] DEBUG:colcon.colcon_core.shell:Skip shell extension 'dsv' for command environment
[3.254s] INFO:colcon.colcon_ros.task.ament_cmake.build:Building ROS package in '/home/kvasik/ros2_ws/src/my_robot-main/robot_description' with build type 'ament_cmake'
[3.254s] INFO:colcon.colcon_cmake.task.cmake.build:Building CMake package in '/home/kvasik/ros2_ws/src/my_robot-main/robot_description'
[3.287s] INFO:colcon.colcon_core.shell:Skip shell extension 'powershell' for command environment: Not usable outside of PowerShell
[3.287s] DEBUG:colcon.colcon_core.shell:Skip shell extension 'dsv' for command environment
[3.462s] DEBUG:colcon.colcon_core.event_handler.log_command:Invoking command in '/home/kvasik/ros2_ws/src/my_robot-main/build/robot_app': CMAKE_PREFIX_PATH=${CMAKE_PREFIX_PATH}:/home/kvasik/ros2_ws/src/robot_walking/install/robot_walking:/home/kvasik/ros2_ws/install/third_learning_tf2_py:/home/kvasik/ros2_ws/install/text_to_cmd_vel:/home/kvasik/ros2_ws/install/service_full_name:/home/kvasik/ros2_ws/install/py_pubsub:/home/kvasik/ros2_ws/install/my_package:/home/kvasik/ros2_ws/install/move_to_goal:/home/kvasik/ros2_ws/install/learning_tf2_py:/home/kvasik/ros2_ws/install/kvasik:/home/kvasik/ros2_ws/install/action_turtle_commands_server:/opt/ros/humble /usr/bin/cmake --build /home/kvasik/ros2_ws/src/my_robot-main/build/robot_app -- -j8 -l8
[3.470s] DEBUG:colcon.colcon_core.event_handler.log_command:Invoking command in '/home/kvasik/ros2_ws/src/my_robot-main/build/robot_bringup': CMAKE_PREFIX_PATH=${CMAKE_PREFIX_PATH}:/home/kvasik/ros2_ws/src/robot_walking/install/robot_walking:/home/kvasik/ros2_ws/install/third_learning_tf2_py:/home/kvasik/ros2_ws/install/text_to_cmd_vel:/home/kvasik/ros2_ws/install/service_full_name:/home/kvasik/ros2_ws/install/py_pubsub:/home/kvasik/ros2_ws/install/my_package:/home/kvasik/ros2_ws/install/move_to_goal:/home/kvasik/ros2_ws/install/learning_tf2_py:/home/kvasik/ros2_ws/install/kvasik:/home/kvasik/ros2_ws/install/action_turtle_commands_server:/opt/ros/humble /usr/bin/cmake --build /home/kvasik/ros2_ws/src/my_robot-main/build/robot_bringup -- -j8 -l8
[3.476s] DEBUG:colcon.colcon_core.event_handler.log_command:Invoking command in '/home/kvasik/ros2_ws/src/my_robot-main/build/robot_description': CMAKE_PREFIX_PATH=${CMAKE_PREFIX_PATH}:/home/kvasik/ros2_ws/src/robot_walking/install/robot_walking:/home/kvasik/ros2_ws/install/third_learning_tf2_py:/home/kvasik/ros2_ws/install/text_to_cmd_vel:/home/kvasik/ros2_ws/install/service_full_name:/home/kvasik/ros2_ws/install/py_pubsub:/home/kvasik/ros2_ws/install/my_package:/home/kvasik/ros2_ws/install/move_to_goal:/home/kvasik/ros2_ws/install/learning_tf2_py:/home/kvasik/ros2_ws/install/kvasik:/home/kvasik/ros2_ws/install/action_turtle_commands_server:/opt/ros/humble /usr/bin/cmake --build /home/kvasik/ros2_ws/src/my_robot-main/build/robot_description -- -j8 -l8
[3.562s] DEBUG:colcon.colcon_core.event_handler.log_command:Invoked command in '/home/kvasik/ros2_ws/src/my_robot-main/build/robot_description' returned '0': CMAKE_PREFIX_PATH=${CMAKE_PREFIX_PATH}:/home/kvasik/ros2_ws/src/robot_walking/install/robot_walking:/home/kvasik/ros2_ws/install/third_learning_tf2_py:/home/kvasik/ros2_ws/install/text_to_cmd_vel:/home/kvasik/ros2_ws/install/service_full_name:/home/kvasik/ros2_ws/install/py_pubsub:/home/kvasik/ros2_ws/install/my_package:/home/kvasik/ros2_ws/install/move_to_goal:/home/kvasik/ros2_ws/install/learning_tf2_py:/home/kvasik/ros2_ws/install/kvasik:/home/kvasik/ros2_ws/install/action_turtle_commands_server:/opt/ros/humble /usr/bin/cmake --build /home/kvasik/ros2_ws/src/my_robot-main/build/robot_description -- -j8 -l8
[3.577s] DEBUG:colcon.colcon_core.event_handler.log_command:Invoked command in '/home/kvasik/ros2_ws/src/my_robot-main/build/robot_app' returned '0': CMAKE_PREFIX_PATH=${CMAKE_PREFIX_PATH}:/home/kvasik/ros2_ws/src/robot_walking/install/robot_walking:/home/kvasik/ros2_ws/install/third_learning_tf2_py:/home/kvasik/ros2_ws/install/text_to_cmd_vel:/home/kvasik/ros2_ws/install/service_full_name:/home/kvasik/ros2_ws/install/py_pubsub:/home/kvasik/ros2_ws/install/my_package:/home/kvasik/ros2_ws/install/move_to_goal:/home/kvasik/ros2_ws/install/learning_tf2_py:/home/kvasik/ros2_ws/install/kvasik:/home/kvasik/ros2_ws/install/action_turtle_commands_server:/opt/ros/humble /usr/bin/cmake --build /home/kvasik/ros2_ws/src/my_robot-main/build/robot_app -- -j8 -l8
[3.586s] DEBUG:colcon.colcon_core.event_handler.log_command:Invoked command in '/home/kvasik/ros2_ws/src/my_robot-main/build/robot_bringup' returned '0': CMAKE_PREFIX_PATH=${CMAKE_PREFIX_PATH}:/home/kvasik/ros2_ws/src/robot_walking/install/robot_walking:/home/kvasik/ros2_ws/install/third_learning_tf2_py:/home/kvasik/ros2_ws/install/text_to_cmd_vel:/home/kvasik/ros2_ws/install/service_full_name:/home/kvasik/ros2_ws/install/py_pubsub:/home/kvasik/ros2_ws/install/my_package:/home/kvasik/ros2_ws/install/move_to_goal:/home/kvasik/ros2_ws/install/learning_tf2_py:/home/kvasik/ros2_ws/install/kvasik:/home/kvasik/ros2_ws/install/action_turtle_commands_server:/opt/ros/humble /usr/bin/cmake --build /home/kvasik/ros2_ws/src/my_robot-main/build/robot_bringup -- -j8 -l8
[3.638s] DEBUG:colcon.colcon_core.event_handler.log_command:Invoking command in '/home/kvasik/ros2_ws/src/my_robot-main/build/robot_description': CMAKE_PREFIX_PATH=${CMAKE_PREFIX_PATH}:/home/kvasik/ros2_ws/src/robot_walking/install/robot_walking:/home/kvasik/ros2_ws/install/third_learning_tf2_py:/home/kvasik/ros2_ws/install/text_to_cmd_vel:/home/kvasik/ros2_ws/install/service_full_name:/home/kvasik/ros2_ws/install/py_pubsub:/home/kvasik/ros2_ws/install/my_package:/home/kvasik/ros2_ws/install/move_to_goal:/home/kvasik/ros2_ws/install/learning_tf2_py:/home/kvasik/ros2_ws/install/kvasik:/home/kvasik/ros2_ws/install/action_turtle_commands_server:/opt/ros/humble /usr/bin/cmake --install /home/kvasik/ros2_ws/src/my_robot-main/build/robot_description
[3.642s] DEBUG:colcon.colcon_core.event_handler.log_command:Invoking command in '/home/kvasik/ros2_ws/src/my_robot-main/build/robot_app': CMAKE_PREFIX_PATH=${CMAKE_PREFIX_PATH}:/home/kvasik/ros2_ws/src/robot_walking/install/robot_walking:/home/kvasik/ros2_ws/install/third_learning_tf2_py:/home/kvasik/ros2_ws/install/text_to_cmd_vel:/home/kvasik/ros2_ws/install/service_full_name:/home/kvasik/ros2_ws/install/py_pubsub:/home/kvasik/ros2_ws/install/my_package:/home/kvasik/ros2_ws/install/move_to_goal:/home/kvasik/ros2_ws/install/learning_tf2_py:/home/kvasik/ros2_ws/install/kvasik:/home/kvasik/ros2_ws/install/action_turtle_commands_server:/opt/ros/humble /usr/bin/cmake --install /home/kvasik/ros2_ws/src/my_robot-main/build/robot_app
[3.644s] DEBUG:colcon.colcon_core.event_handler.log_command:Invoking command in '/home/kvasik/ros2_ws/src/my_robot-main/build/robot_bringup': CMAKE_PREFIX_PATH=${CMAKE_PREFIX_PATH}:/home/kvasik/ros2_ws/src/robot_walking/install/robot_walking:/home/kvasik/ros2_ws/install/third_learning_tf2_py:/home/kvasik/ros2_ws/install/text_to_cmd_vel:/home/kvasik/ros2_ws/install/service_full_name:/home/kvasik/ros2_ws/install/py_pubsub:/home/kvasik/ros2_ws/install/my_package:/home/kvasik/ros2_ws/install/move_to_goal:/home/kvasik/ros2_ws/install/learning_tf2_py:/home/kvasik/ros2_ws/install/kvasik:/home/kvasik/ros2_ws/install/action_turtle_commands_server:/opt/ros/humble /usr/bin/cmake --install /home/kvasik/ros2_ws/src/my_robot-main/build/robot_bringup
[3.662s] Level 1:colcon.colcon_core.environment:create_environment_scripts_only(robot_description)
[3.671s] DEBUG:colcon.colcon_core.event_handler.log_command:Invoked command in '/home/kvasik/ros2_ws/src/my_robot-main/build/robot_description' returned '0': CMAKE_PREFIX_PATH=${CMAKE_PREFIX_PATH}:/home/kvasik/ros2_ws/src/robot_walking/install/robot_walking:/home/kvasik/ros2_ws/install/third_learning_tf2_py:/home/kvasik/ros2_ws/install/text_to_cmd_vel:/home/kvasik/ros2_ws/install/service_full_name:/home/kvasik/ros2_ws/install/py_pubsub:/home/kvasik/ros2_ws/install/my_package:/home/kvasik/ros2_ws/install/move_to_goal:/home/kvasik/ros2_ws/install/learning_tf2_py:/home/kvasik/ros2_ws/install/kvasik:/home/kvasik/ros2_ws/install/action_turtle_commands_server:/opt/ros/humble /usr/bin/cmake --install /home/kvasik/ros2_ws/src/my_robot-main/build/robot_description
[3.708s] Level 1:colcon.colcon_core.environment:checking '/home/kvasik/ros2_ws/src/my_robot-main/install/robot_description' for CMake module files
[3.709s] Level 1:colcon.colcon_core.environment:checking '/home/kvasik/ros2_ws/src/my_robot-main/install/robot_description' for CMake config files
[3.709s] Level 1:colcon.colcon_core.shell:create_environment_hook('robot_description', 'cmake_prefix_path')
[3.743s] INFO:colcon.colcon_core.shell:Creating environment hook '/home/kvasik/ros2_ws/src/my_robot-main/install/robot_description/share/robot_description/hook/cmake_prefix_path.ps1'
[3.744s] INFO:colcon.colcon_core.shell:Creating environment descriptor '/home/kvasik/ros2_ws/src/my_robot-main/install/robot_description/share/robot_description/hook/cmake_prefix_path.dsv'
[3.745s] INFO:colcon.colcon_core.shell:Creating environment hook '/home/kvasik/ros2_ws/src/my_robot-main/install/robot_description/share/robot_description/hook/cmake_prefix_path.sh'
[3.746s] Level 1:colcon.colcon_core.environment:checking '/home/kvasik/ros2_ws/src/my_robot-main/install/robot_description/bin'
[3.746s] Level 1:colcon.colcon_core.environment:checking '/home/kvasik/ros2_ws/src/my_robot-main/install/robot_description/lib/pkgconfig/robot_description.pc'
[3.747s] Level 1:colcon.colcon_core.environment:checking '/home/kvasik/ros2_ws/src/my_robot-main/install/robot_description/lib/python3.10/site-packages'
[3.747s] Level 1:colcon.colcon_core.environment:checking '/home/kvasik/ros2_ws/src/my_robot-main/install/robot_description/bin'
[3.780s] INFO:colcon.colcon_core.shell:Creating package script '/home/kvasik/ros2_ws/src/my_robot-main/install/robot_description/share/robot_description/package.ps1'
[3.781s] INFO:colcon.colcon_core.shell:Creating package descriptor '/home/kvasik/ros2_ws/src/my_robot-main/install/robot_description/share/robot_description/package.dsv'
[3.782s] INFO:colcon.colcon_core.shell:Creating package script '/home/kvasik/ros2_ws/src/my_robot-main/install/robot_description/share/robot_description/package.sh'
[3.783s] INFO:colcon.colcon_core.shell:Creating package script '/home/kvasik/ros2_ws/src/my_robot-main/install/robot_description/share/robot_description/package.bash'
[3.784s] INFO:colcon.colcon_core.shell:Creating package script '/home/kvasik/ros2_ws/src/my_robot-main/install/robot_description/share/robot_description/package.zsh'
[3.785s] Level 1:colcon.colcon_core.environment:create_file_with_runtime_dependencies(/home/kvasik/ros2_ws/src/my_robot-main/install/robot_description/share/colcon-core/packages/robot_description)
[3.788s] Level 1:colcon.colcon_core.environment:create_environment_scripts_only(robot_bringup)
[3.790s] DEBUG:colcon.colcon_core.event_handler.log_command:Invoked command in '/home/kvasik/ros2_ws/src/my_robot-main/build/robot_bringup' returned '0': CMAKE_PREFIX_PATH=${CMAKE_PREFIX_PATH}:/home/kvasik/ros2_ws/src/robot_walking/install/robot_walking:/home/kvasik/ros2_ws/install/third_learning_tf2_py:/home/kvasik/ros2_ws/install/text_to_cmd_vel:/home/kvasik/ros2_ws/install/service_full_name:/home/kvasik/ros2_ws/install/py_pubsub:/home/kvasik/ros2_ws/install/my_package:/home/kvasik/ros2_ws/install/move_to_goal:/home/kvasik/ros2_ws/install/learning_tf2_py:/home/kvasik/ros2_ws/install/kvasik:/home/kvasik/ros2_ws/install/action_turtle_commands_server:/opt/ros/humble /usr/bin/cmake --install /home/kvasik/ros2_ws/src/my_robot-main/build/robot_bringup
[3.824s] Level 1:colcon.colcon_core.environment:checking '/home/kvasik/ros2_ws/src/my_robot-main/install/robot_bringup' for CMake module files
[3.825s] Level 1:colcon.colcon_core.environment:checking '/home/kvasik/ros2_ws/src/my_robot-main/install/robot_bringup' for CMake config files
[3.825s] Level 1:colcon.colcon_core.shell:create_environment_hook('robot_bringup', 'cmake_prefix_path')
[3.857s] INFO:colcon.colcon_core.shell:Creating environment hook '/home/kvasik/ros2_ws/src/my_robot-main/install/robot_bringup/share/robot_bringup/hook/cmake_prefix_path.ps1'
[3.858s] INFO:colcon.colcon_core.shell:Creating environment descriptor '/home/kvasik/ros2_ws/src/my_robot-main/install/robot_bringup/share/robot_bringup/hook/cmake_prefix_path.dsv'
[3.859s] INFO:colcon.colcon_core.shell:Creating environment hook '/home/kvasik/ros2_ws/src/my_robot-main/install/robot_bringup/share/robot_bringup/hook/cmake_prefix_path.sh'
[3.859s] Level 1:colcon.colcon_core.environment:checking '/home/kvasik/ros2_ws/src/my_robot-main/install/robot_bringup/bin'
[3.860s] Level 1:colcon.colcon_core.environment:checking '/home/kvasik/ros2_ws/src/my_robot-main/install/robot_bringup/lib/pkgconfig/robot_bringup.pc'
[3.860s] Level 1:colcon.colcon_core.environment:checking '/home/kvasik/ros2_ws/src/my_robot-main/install/robot_bringup/lib/python3.10/site-packages'
[3.860s] Level 1:colcon.colcon_core.environment:checking '/home/kvasik/ros2_ws/src/my_robot-main/install/robot_bringup/bin'
[3.892s] INFO:colcon.colcon_core.shell:Creating package script '/home/kvasik/ros2_ws/src/my_robot-main/install/robot_bringup/share/robot_bringup/package.ps1'
[3.893s] INFO:colcon.colcon_core.shell:Creating package descriptor '/home/kvasik/ros2_ws/src/my_robot-main/install/robot_bringup/share/robot_bringup/package.dsv'
[3.894s] INFO:colcon.colcon_core.shell:Creating package script '/home/kvasik/ros2_ws/src/my_robot-main/install/robot_bringup/share/robot_bringup/package.sh'
[3.895s] INFO:colcon.colcon_core.shell:Creating package script '/home/kvasik/ros2_ws/src/my_robot-main/install/robot_bringup/share/robot_bringup/package.bash'
[3.895s] INFO:colcon.colcon_core.shell:Creating package script '/home/kvasik/ros2_ws/src/my_robot-main/install/robot_bringup/share/robot_bringup/package.zsh'
[3.895s] Level 1:colcon.colcon_core.environment:create_file_with_runtime_dependencies(/home/kvasik/ros2_ws/src/my_robot-main/install/robot_bringup/share/colcon-core/packages/robot_bringup)
[3.897s] Level 1:colcon.colcon_core.environment:create_environment_scripts_only(robot_app)
[3.898s] DEBUG:colcon.colcon_core.event_handler.log_command:Invoked command in '/home/kvasik/ros2_ws/src/my_robot-main/build/robot_app' returned '0': CMAKE_PREFIX_PATH=${CMAKE_PREFIX_PATH}:/home/kvasik/ros2_ws/src/robot_walking/install/robot_walking:/home/kvasik/ros2_ws/install/third_learning_tf2_py:/home/kvasik/ros2_ws/install/text_to_cmd_vel:/home/kvasik/ros2_ws/install/service_full_name:/home/kvasik/ros2_ws/install/py_pubsub:/home/kvasik/ros2_ws/install/my_package:/home/kvasik/ros2_ws/install/move_to_goal:/home/kvasik/ros2_ws/install/learning_tf2_py:/home/kvasik/ros2_ws/install/kvasik:/home/kvasik/ros2_ws/install/action_turtle_commands_server:/opt/ros/humble /usr/bin/cmake --install /home/kvasik/ros2_ws/src/my_robot-main/build/robot_app
[3.929s] Level 1:colcon.colcon_core.environment:checking '/home/kvasik/ros2_ws/src/my_robot-main/install/robot_app' for CMake module files
[3.930s] Level 1:colcon.colcon_core.environment:checking '/home/kvasik/ros2_ws/src/my_robot-main/install/robot_app' for CMake config files
[3.930s] Level 1:colcon.colcon_core.shell:create_environment_hook('robot_app', 'cmake_prefix_path')
[3.965s] INFO:colcon.colcon_core.shell:Creating environment hook '/home/kvasik/ros2_ws/src/my_robot-main/install/robot_app/share/robot_app/hook/cmake_prefix_path.ps1'
[3.966s] INFO:colcon.colcon_core.shell:Creating environment descriptor '/home/kvasik/ros2_ws/src/my_robot-main/install/robot_app/share/robot_app/hook/cmake_prefix_path.dsv'
[3.966s] INFO:colcon.colcon_core.shell:Creating environment hook '/home/kvasik/ros2_ws/src/my_robot-main/install/robot_app/share/robot_app/hook/cmake_prefix_path.sh'
[3.967s] Level 1:colcon.colcon_core.environment:checking '/home/kvasik/ros2_ws/src/my_robot-main/install/robot_app/bin'
[3.967s] Level 1:colcon.colcon_core.environment:checking '/home/kvasik/ros2_ws/src/my_robot-main/install/robot_app/lib/pkgconfig/robot_app.pc'
[3.968s] Level 1:colcon.colcon_core.environment:checking '/home/kvasik/ros2_ws/src/my_robot-main/install/robot_app/lib/python3.10/site-packages'
[3.968s] Level 1:colcon.colcon_core.environment:checking '/home/kvasik/ros2_ws/src/my_robot-main/install/robot_app/bin'
[4.000s] INFO:colcon.colcon_core.shell:Creating package script '/home/kvasik/ros2_ws/src/my_robot-main/install/robot_app/share/robot_app/package.ps1'
[4.001s] INFO:colcon.colcon_core.shell:Creating package descriptor '/home/kvasik/ros2_ws/src/my_robot-main/install/robot_app/share/robot_app/package.dsv'
[4.002s] INFO:colcon.colcon_core.shell:Creating package script '/home/kvasik/ros2_ws/src/my_robot-main/install/robot_app/share/robot_app/package.sh'
[4.002s] INFO:colcon.colcon_core.shell:Creating package script '/home/kvasik/ros2_ws/src/my_robot-main/install/robot_app/share/robot_app/package.bash'
[4.003s] INFO:colcon.colcon_core.shell:Creating package script '/home/kvasik/ros2_ws/src/my_robot-main/install/robot_app/share/robot_app/package.zsh'
[4.003s] Level 1:colcon.colcon_core.environment:create_file_with_runtime_dependencies(/home/kvasik/ros2_ws/src/my_robot-main/install/robot_app/share/colcon-core/packages/robot_app)
[4.037s] Level 1:colcon.colcon_core.environment:create_environment_scripts_only(robot_description)
[4.069s] Level 1:colcon.colcon_core.environment:checking '/home/kvasik/ros2_ws/src/my_robot-main/install/robot_description' for CMake module files
[4.070s] Level 1:colcon.colcon_core.environment:checking '/home/kvasik/ros2_ws/src/my_robot-main/install/robot_description' for CMake config files
[4.070s] Level 1:colcon.colcon_core.shell:create_environment_hook('robot_description', 'cmake_prefix_path')
[4.102s] INFO:colcon.colcon_core.shell:Creating environment hook '/home/kvasik/ros2_ws/src/my_robot-main/install/robot_description/share/robot_description/hook/cmake_prefix_path.ps1'
[4.103s] INFO:colcon.colcon_core.shell:Creating environment descriptor '/home/kvasik/ros2_ws/src/my_robot-main/install/robot_description/share/robot_description/hook/cmake_prefix_path.dsv'
[4.103s] INFO:colcon.colcon_core.shell:Creating environment hook '/home/kvasik/ros2_ws/src/my_robot-main/install/robot_description/share/robot_description/hook/cmake_prefix_path.sh'
[4.104s] Level 1:colcon.colcon_core.environment:checking '/home/kvasik/ros2_ws/src/my_robot-main/install/robot_description/bin'
[4.104s] Level 1:colcon.colcon_core.environment:checking '/home/kvasik/ros2_ws/src/my_robot-main/install/robot_description/lib/pkgconfig/robot_description.pc'
[4.104s] Level 1:colcon.colcon_core.environment:checking '/home/kvasik/ros2_ws/src/my_robot-main/install/robot_description/lib/python3.10/site-packages'
[4.105s] Level 1:colcon.colcon_core.environment:checking '/home/kvasik/ros2_ws/src/my_robot-main/install/robot_description/bin'
[4.136s] INFO:colcon.colcon_core.shell:Creating package script '/home/kvasik/ros2_ws/src/my_robot-main/install/robot_description/share/robot_description/package.ps1'
[4.137s] INFO:colcon.colcon_core.shell:Creating package descriptor '/home/kvasik/ros2_ws/src/my_robot-main/install/robot_description/share/robot_description/package.dsv'
[4.138s] INFO:colcon.colcon_core.shell:Creating package script '/home/kvasik/ros2_ws/src/my_robot-main/install/robot_description/share/robot_description/package.sh'
[4.138s] INFO:colcon.colcon_core.shell:Creating package script '/home/kvasik/ros2_ws/src/my_robot-main/install/robot_description/share/robot_description/package.bash'
[4.139s] INFO:colcon.colcon_core.shell:Creating package script '/home/kvasik/ros2_ws/src/my_robot-main/install/robot_description/share/robot_description/package.zsh'
[4.139s] Level 1:colcon.colcon_core.environment:create_file_with_runtime_dependencies(/home/kvasik/ros2_ws/src/my_robot-main/install/robot_description/share/colcon-core/packages/robot_description)
[4.172s] Level 1:colcon.colcon_core.environment:create_environment_scripts_only(robot_bringup)
[4.204s] Level 1:colcon.colcon_core.environment:checking '/home/kvasik/ros2_ws/src/my_robot-main/install/robot_bringup' for CMake module files
[4.205s] Level 1:colcon.colcon_core.environment:checking '/home/kvasik/ros2_ws/src/my_robot-main/install/robot_bringup' for CMake config files
[4.205s] Level 1:colcon.colcon_core.shell:create_environment_hook('robot_bringup', 'cmake_prefix_path')
[4.235s] INFO:colcon.colcon_core.shell:Creating environment hook '/home/kvasik/ros2_ws/src/my_robot-main/install/robot_bringup/share/robot_bringup/hook/cmake_prefix_path.ps1'
[4.236s] INFO:colcon.colcon_core.shell:Creating environment descriptor '/home/kvasik/ros2_ws/src/my_robot-main/install/robot_bringup/share/robot_bringup/hook/cmake_prefix_path.dsv'
[4.236s] INFO:colcon.colcon_core.shell:Creating environment hook '/home/kvasik/ros2_ws/src/my_robot-main/install/robot_bringup/share/robot_bringup/hook/cmake_prefix_path.sh'
[4.237s] Level 1:colcon.colcon_core.environment:checking '/home/kvasik/ros2_ws/src/my_robot-main/install/robot_bringup/bin'
[4.237s] Level 1:colcon.colcon_core.environment:checking '/home/kvasik/ros2_ws/src/my_robot-main/install/robot_bringup/lib/pkgconfig/robot_bringup.pc'
[4.238s] Level 1:colcon.colcon_core.environment:checking '/home/kvasik/ros2_ws/src/my_robot-main/install/robot_bringup/lib/python3.10/site-packages'
[4.238s] Level 1:colcon.colcon_core.environment:checking '/home/kvasik/ros2_ws/src/my_robot-main/install/robot_bringup/bin'
[4.269s] INFO:colcon.colcon_core.shell:Creating package script '/home/kvasik/ros2_ws/src/my_robot-main/install/robot_bringup/share/robot_bringup/package.ps1'
[4.270s] INFO:colcon.colcon_core.shell:Creating package descriptor '/home/kvasik/ros2_ws/src/my_robot-main/install/robot_bringup/share/robot_bringup/package.dsv'
[4.271s] INFO:colcon.colcon_core.shell:Creating package script '/home/kvasik/ros2_ws/src/my_robot-main/install/robot_bringup/share/robot_bringup/package.sh'
[4.271s] INFO:colcon.colcon_core.shell:Creating package script '/home/kvasik/ros2_ws/src/my_robot-main/install/robot_bringup/share/robot_bringup/package.bash'
[4.272s] INFO:colcon.colcon_core.shell:Creating package script '/home/kvasik/ros2_ws/src/my_robot-main/install/robot_bringup/share/robot_bringup/package.zsh'
[4.272s] Level 1:colcon.colcon_core.environment:create_file_with_runtime_dependencies(/home/kvasik/ros2_ws/src/my_robot-main/install/robot_bringup/share/colcon-core/packages/robot_bringup)
[4.305s] Level 1:colcon.colcon_core.environment:create_environment_scripts_only(robot_app)
[4.335s] Level 1:colcon.colcon_core.environment:checking '/home/kvasik/ros2_ws/src/my_robot-main/install/robot_app' for CMake module files
[4.336s] Level 1:colcon.colcon_core.environment:checking '/home/kvasik/ros2_ws/src/my_robot-main/install/robot_app' for CMake config files
[4.336s] Level 1:colcon.colcon_core.shell:create_environment_hook('robot_app', 'cmake_prefix_path')
[4.368s] INFO:colcon.colcon_core.shell:Creating environment hook '/home/kvasik/ros2_ws/src/my_robot-main/install/robot_app/share/robot_app/hook/cmake_prefix_path.ps1'
[4.369s] INFO:colcon.colcon_core.shell:Creating environment descriptor '/home/kvasik/ros2_ws/src/my_robot-main/install/robot_app/share/robot_app/hook/cmake_prefix_path.dsv'
[4.369s] INFO:colcon.colcon_core.shell:Creating environment hook '/home/kvasik/ros2_ws/src/my_robot-main/install/robot_app/share/robot_app/hook/cmake_prefix_path.sh'
[4.370s] Level 1:colcon.colcon_core.environment:checking '/home/kvasik/ros2_ws/src/my_robot-main/install/robot_app/bin'
[4.370s] Level 1:colcon.colcon_core.environment:checking '/home/kvasik/ros2_ws/src/my_robot-main/install/robot_app/lib/pkgconfig/robot_app.pc'
[4.370s] Level 1:colcon.colcon_core.environment:checking '/home/kvasik/ros2_ws/src/my_robot-main/install/robot_app/lib/python3.10/site-packages'
[4.371s] Level 1:colcon.colcon_core.environment:checking '/home/kvasik/ros2_ws/src/my_robot-main/install/robot_app/bin'
[4.404s] INFO:colcon.colcon_core.shell:Creating package script '/home/kvasik/ros2_ws/src/my_robot-main/install/robot_app/share/robot_app/package.ps1'
[4.405s] INFO:colcon.colcon_core.shell:Creating package descriptor '/home/kvasik/ros2_ws/src/my_robot-main/install/robot_app/share/robot_app/package.dsv'
[4.405s] INFO:colcon.colcon_core.shell:Creating package script '/home/kvasik/ros2_ws/src/my_robot-main/install/robot_app/share/robot_app/package.sh'
[4.406s] INFO:colcon.colcon_core.shell:Creating package script '/home/kvasik/ros2_ws/src/my_robot-main/install/robot_app/share/robot_app/package.bash'
[4.407s] INFO:colcon.colcon_core.shell:Creating package script '/home/kvasik/ros2_ws/src/my_robot-main/install/robot_app/share/robot_app/package.zsh'
[4.407s] Level 1:colcon.colcon_core.environment:create_file_with_runtime_dependencies(/home/kvasik/ros2_ws/src/my_robot-main/install/robot_app/share/colcon-core/packages/robot_app)
[4.407s] DEBUG:colcon.colcon_parallel_executor.executor.parallel:closing loop
[4.408s] DEBUG:colcon.colcon_parallel_executor.executor.parallel:loop closed
[4.408s] DEBUG:colcon.colcon_parallel_executor.executor.parallel:run_until_complete finished with '0'
[4.408s] DEBUG:colcon.colcon_core.event_reactor:joining thread
[4.453s] INFO:colcon.colcon_core.plugin_system:Skipping extension 'colcon_notification.desktop_notification.terminal_notifier': Not used on non-Darwin systems
[4.453s] INFO:colcon.colcon_core.plugin_system:Skipping extension 'colcon_notification.desktop_notification.win32': Not used on non-Windows systems
[4.453s] INFO:colcon.colcon_notification.desktop_notification:Sending desktop notification using 'notify2'
[4.482s] DEBUG:colcon.colcon_core.event_reactor:joined thread
[4.515s] INFO:colcon.colcon_core.shell:Creating prefix script '/home/kvasik/ros2_ws/src/my_robot-main/install/local_setup.ps1'
[4.517s] INFO:colcon.colcon_core.shell:Creating prefix util module '/home/kvasik/ros2_ws/src/my_robot-main/install/_local_setup_util_ps1.py'
[4.519s] INFO:colcon.colcon_core.shell:Creating prefix chain script '/home/kvasik/ros2_ws/src/my_robot-main/install/setup.ps1'
[4.575s] INFO:colcon.colcon_core.shell:Creating prefix script '/home/kvasik/ros2_ws/src/my_robot-main/install/local_setup.sh'
[4.576s] INFO:colcon.colcon_core.shell:Creating prefix util module '/home/kvasik/ros2_ws/src/my_robot-main/install/_local_setup_util_sh.py'
[4.576s] INFO:colcon.colcon_core.shell:Creating prefix chain script '/home/kvasik/ros2_ws/src/my_robot-main/install/setup.sh'
[4.611s] INFO:colcon.colcon_core.shell:Creating prefix script '/home/kvasik/ros2_ws/src/my_robot-main/install/local_setup.bash'
[4.612s] INFO:colcon.colcon_core.shell:Creating prefix chain script '/home/kvasik/ros2_ws/src/my_robot-main/install/setup.bash'
[4.646s] INFO:colcon.colcon_core.shell:Creating prefix script '/home/kvasik/ros2_ws/src/my_robot-main/install/local_setup.zsh'
[4.647s] INFO:colcon.colcon_core.shell:Creating prefix chain script '/home/kvasik/ros2_ws/src/my_robot-main/install/setup.zsh'
