running egg_info
writing build/robot_walking/robot_walking.egg-info/PKG-INFO
writing dependency_links to build/robot_walking/robot_walking.egg-info/dependency_links.txt
writing entry points to build/robot_walking/robot_walking.egg-info/entry_points.txt
writing requirements to build/robot_walking/robot_walking.egg-info/requires.txt
writing top-level names to build/robot_walking/robot_walking.egg-info/top_level.txt
reading manifest file 'build/robot_walking/robot_walking.egg-info/SOURCES.txt'
writing manifest file 'build/robot_walking/robot_walking.egg-info/SOURCES.txt'
running build
running build_py
running install
running install_lib
running install_data
running install_egg_info
removing '/home/kvasik/ros2_ws/src/robot_walking/install/robot_walking/lib/python3.10/site-packages/robot_walking-0.0.0-py3.10.egg-info' (and everything under it)
Copying build/robot_walking/robot_walking.egg-info to /home/kvasik/ros2_ws/src/robot_walking/install/robot_walking/lib/python3.10/site-packages/robot_walking-0.0.0-py3.10.egg-info
running install_scripts
Installing depth_robot_walking script to /home/kvasik/ros2_ws/src/robot_walking/install/robot_walking/lib/robot_walking
Installing forward_walking script to /home/kvasik/ros2_ws/src/robot_walking/install/robot_walking/lib/robot_walking
Installing robot_walking script to /home/kvasik/ros2_ws/src/robot_walking/install/robot_walking/lib/robot_walking
Installing unique_robot_walking script to /home/kvasik/ros2_ws/src/robot_walking/install/robot_walking/lib/robot_walking
writing list of installed files to '/home/kvasik/ros2_ws/src/robot_walking/build/robot_walking/install.log'
