[1.335s] Invoking command in '/home/kvasik/ros2_ws/src/robot_walking': PYTHONPATH=/home/kvasik/ros2_ws/src/robot_walking/build/robot_walking/prefix_override:/home/kvasik/ros2_ws/src/robot_walking/install/robot_walking/lib/python3.10/site-packages:${PYTHONPATH} /usr/bin/python3 setup.py egg_info --egg-base build/robot_walking build --build-base /home/kvasik/ros2_ws/src/robot_walking/build/robot_walking/build install --record /home/kvasik/ros2_ws/src/robot_walking/build/robot_walking/install.log --single-version-externally-managed
[1.691s] running egg_info
[1.691s] writing build/robot_walking/robot_walking.egg-info/PKG-INFO
[1.692s] writing dependency_links to build/robot_walking/robot_walking.egg-info/dependency_links.txt
[1.692s] writing entry points to build/robot_walking/robot_walking.egg-info/entry_points.txt
[1.692s] writing requirements to build/robot_walking/robot_walking.egg-info/requires.txt
[1.693s] writing top-level names to build/robot_walking/robot_walking.egg-info/top_level.txt
[1.694s] reading manifest file 'build/robot_walking/robot_walking.egg-info/SOURCES.txt'
[1.695s] writing manifest file 'build/robot_walking/robot_walking.egg-info/SOURCES.txt'
[1.696s] running build
[1.696s] running build_py
[1.696s] copying robot_walking/depth_robot_walking.py -> /home/kvasik/ros2_ws/src/robot_walking/build/robot_walking/build/lib/robot_walking
[1.696s] running install
[1.696s] running install_lib
[1.697s] copying /home/kvasik/ros2_ws/src/robot_walking/build/robot_walking/build/lib/robot_walking/depth_robot_walking.py -> /home/kvasik/ros2_ws/src/robot_walking/install/robot_walking/lib/python3.10/site-packages/robot_walking
[1.698s] byte-compiling /home/kvasik/ros2_ws/src/robot_walking/install/robot_walking/lib/python3.10/site-packages/robot_walking/depth_robot_walking.py to depth_robot_walking.cpython-310.pyc
[1.699s] running install_data
[1.700s] running install_egg_info
[1.702s] removing '/home/kvasik/ros2_ws/src/robot_walking/install/robot_walking/lib/python3.10/site-packages/robot_walking-0.0.0-py3.10.egg-info' (and everything under it)
[1.702s] Copying build/robot_walking/robot_walking.egg-info to /home/kvasik/ros2_ws/src/robot_walking/install/robot_walking/lib/python3.10/site-packages/robot_walking-0.0.0-py3.10.egg-info
[1.703s] running install_scripts
[1.725s] Installing depth_robot_walking script to /home/kvasik/ros2_ws/src/robot_walking/install/robot_walking/lib/robot_walking
[1.725s] Installing forward_walking script to /home/kvasik/ros2_ws/src/robot_walking/install/robot_walking/lib/robot_walking
[1.726s] Installing robot_walking script to /home/kvasik/ros2_ws/src/robot_walking/install/robot_walking/lib/robot_walking
[1.726s] Installing unique_robot_walking script to /home/kvasik/ros2_ws/src/robot_walking/install/robot_walking/lib/robot_walking
[1.726s] writing list of installed files to '/home/kvasik/ros2_ws/src/robot_walking/build/robot_walking/install.log'
[1.764s] Invoked command in '/home/kvasik/ros2_ws/src/robot_walking' returned '0': PYTHONPATH=/home/kvasik/ros2_ws/src/robot_walking/build/robot_walking/prefix_override:/home/kvasik/ros2_ws/src/robot_walking/install/robot_walking/lib/python3.10/site-packages:${PYTHONPATH} /usr/bin/python3 setup.py egg_info --egg-base build/robot_walking build --build-base /home/kvasik/ros2_ws/src/robot_walking/build/robot_walking/build install --record /home/kvasik/ros2_ws/src/robot_walking/build/robot_walking/install.log --single-version-externally-managed
