[0.412s] Invoking command in '/home/kvasik/ros2_ws/src/my_robot-main/build/robot_bringup': CMAKE_PREFIX_PATH=${CMAKE_PREFIX_PATH}:/home/kvasik/ros2_ws/src/robot_walking/install/robot_walking:/home/kvasik/ros2_ws/install/third_learning_tf2_py:/home/kvasik/ros2_ws/install/text_to_cmd_vel:/home/kvasik/ros2_ws/install/service_full_name:/home/kvasik/ros2_ws/install/py_pubsub:/home/kvasik/ros2_ws/install/my_package:/home/kvasik/ros2_ws/install/move_to_goal:/home/kvasik/ros2_ws/install/learning_tf2_py:/home/kvasik/ros2_ws/install/kvasik:/home/kvasik/ros2_ws/install/action_turtle_commands_server:/opt/ros/humble /usr/bin/cmake --build /home/kvasik/ros2_ws/src/my_robot-main/build/robot_bringup -- -j8 -l8
[0.467s] -- Found ament_cmake: 1.3.5 (/opt/ros/humble/share/ament_cmake/cmake)
[0.782s] -- Found ament_lint_auto: 0.12.8 (/opt/ros/humble/share/ament_lint_auto/cmake)
[0.916s] -- Configuring done
[0.922s] -- Generating done
[0.924s] -- Build files have been written to: /home/kvasik/ros2_ws/src/my_robot-main/build/robot_bringup
[0.971s] Invoked command in '/home/kvasik/ros2_ws/src/my_robot-main/build/robot_bringup' returned '0': CMAKE_PREFIX_PATH=${CMAKE_PREFIX_PATH}:/home/kvasik/ros2_ws/src/robot_walking/install/robot_walking:/home/kvasik/ros2_ws/install/third_learning_tf2_py:/home/kvasik/ros2_ws/install/text_to_cmd_vel:/home/kvasik/ros2_ws/install/service_full_name:/home/kvasik/ros2_ws/install/py_pubsub:/home/kvasik/ros2_ws/install/my_package:/home/kvasik/ros2_ws/install/move_to_goal:/home/kvasik/ros2_ws/install/learning_tf2_py:/home/kvasik/ros2_ws/install/kvasik:/home/kvasik/ros2_ws/install/action_turtle_commands_server:/opt/ros/humble /usr/bin/cmake --build /home/kvasik/ros2_ws/src/my_robot-main/build/robot_bringup -- -j8 -l8
[1.045s] Invoking command in '/home/kvasik/ros2_ws/src/my_robot-main/build/robot_bringup': CMAKE_PREFIX_PATH=${CMAKE_PREFIX_PATH}:/home/kvasik/ros2_ws/src/robot_walking/install/robot_walking:/home/kvasik/ros2_ws/install/third_learning_tf2_py:/home/kvasik/ros2_ws/install/text_to_cmd_vel:/home/kvasik/ros2_ws/install/service_full_name:/home/kvasik/ros2_ws/install/py_pubsub:/home/kvasik/ros2_ws/install/my_package:/home/kvasik/ros2_ws/install/move_to_goal:/home/kvasik/ros2_ws/install/learning_tf2_py:/home/kvasik/ros2_ws/install/kvasik:/home/kvasik/ros2_ws/install/action_turtle_commands_server:/opt/ros/humble /usr/bin/cmake --install /home/kvasik/ros2_ws/src/my_robot-main/build/robot_bringup
[1.060s] -- Install configuration: ""
[1.063s] -- Up-to-date: /home/kvasik/ros2_ws/src/my_robot-main/install/robot_bringup/share/robot_bringup/launch
[1.065s] -- Installing: /home/kvasik/ros2_ws/src/my_robot-main/install/robot_bringup/share/robot_bringup/launch/diff_drive.launch.py
[1.065s] -- Up-to-date: /home/kvasik/ros2_ws/src/my_robot-main/install/robot_bringup/share/robot_bringup/config
[1.065s] -- Up-to-date: /home/kvasik/ros2_ws/src/my_robot-main/install/robot_bringup/share/robot_bringup/config/diff_drive.rviz
[1.065s] -- Up-to-date: /home/kvasik/ros2_ws/src/my_robot-main/install/robot_bringup/share/robot_bringup/config/robot_bridge.yaml
[1.066s] -- Up-to-date: /home/kvasik/ros2_ws/src/my_robot-main/install/robot_bringup/share/ament_index/resource_index/package_run_dependencies/robot_bringup
[1.066s] -- Installing: /home/kvasik/ros2_ws/src/my_robot-main/install/robot_bringup/share/ament_index/resource_index/parent_prefix_path/robot_bringup
[1.067s] -- Up-to-date: /home/kvasik/ros2_ws/src/my_robot-main/install/robot_bringup/share/robot_bringup/environment/ament_prefix_path.sh
[1.067s] -- Installing: /home/kvasik/ros2_ws/src/my_robot-main/install/robot_bringup/share/robot_bringup/environment/ament_prefix_path.dsv
[1.067s] -- Up-to-date: /home/kvasik/ros2_ws/src/my_robot-main/install/robot_bringup/share/robot_bringup/environment/path.sh
[1.067s] -- Installing: /home/kvasik/ros2_ws/src/my_robot-main/install/robot_bringup/share/robot_bringup/environment/path.dsv
[1.069s] -- Up-to-date: /home/kvasik/ros2_ws/src/my_robot-main/install/robot_bringup/share/robot_bringup/local_setup.bash
[1.069s] -- Up-to-date: /home/kvasik/ros2_ws/src/my_robot-main/install/robot_bringup/share/robot_bringup/local_setup.sh
[1.070s] -- Up-to-date: /home/kvasik/ros2_ws/src/my_robot-main/install/robot_bringup/share/robot_bringup/local_setup.zsh
[1.070s] -- Installing: /home/kvasik/ros2_ws/src/my_robot-main/install/robot_bringup/share/robot_bringup/local_setup.dsv
[1.070s] -- Installing: /home/kvasik/ros2_ws/src/my_robot-main/install/robot_bringup/share/robot_bringup/package.dsv
[1.070s] -- Up-to-date: /home/kvasik/ros2_ws/src/my_robot-main/install/robot_bringup/share/ament_index/resource_index/packages/robot_bringup
[1.070s] -- Up-to-date: /home/kvasik/ros2_ws/src/my_robot-main/install/robot_bringup/share/robot_bringup/cmake/robot_bringupConfig.cmake
[1.071s] -- Up-to-date: /home/kvasik/ros2_ws/src/my_robot-main/install/robot_bringup/share/robot_bringup/cmake/robot_bringupConfig-version.cmake
[1.071s] -- Installing: /home/kvasik/ros2_ws/src/my_robot-main/install/robot_bringup/share/robot_bringup/package.xml
[1.195s] Invoked command in '/home/kvasik/ros2_ws/src/my_robot-main/build/robot_bringup' returned '0': CMAKE_PREFIX_PATH=${CMAKE_PREFIX_PATH}:/home/kvasik/ros2_ws/src/robot_walking/install/robot_walking:/home/kvasik/ros2_ws/install/third_learning_tf2_py:/home/kvasik/ros2_ws/install/text_to_cmd_vel:/home/kvasik/ros2_ws/install/service_full_name:/home/kvasik/ros2_ws/install/py_pubsub:/home/kvasik/ros2_ws/install/my_package:/home/kvasik/ros2_ws/install/move_to_goal:/home/kvasik/ros2_ws/install/learning_tf2_py:/home/kvasik/ros2_ws/install/kvasik:/home/kvasik/ros2_ws/install/action_turtle_commands_server:/opt/ros/humble /usr/bin/cmake --install /home/kvasik/ros2_ws/src/my_robot-main/build/robot_bringup
