[0.121s] Invoking command in '/home/kvasik/ros2_ws/src/my_robot-main/build/robot_description': CMAKE_PREFIX_PATH=${CMAKE_PREFIX_PATH}:/home/kvasik/ros2_ws/install/third_learning_tf2_py:/home/kvasik/ros2_ws/install/text_to_cmd_vel:/home/kvasik/ros2_ws/install/service_full_name:/home/kvasik/ros2_ws/install/py_pubsub:/home/kvasik/ros2_ws/install/my_package:/home/kvasik/ros2_ws/install/move_to_goal:/home/kvasik/ros2_ws/install/learning_tf2_py:/home/kvasik/ros2_ws/install/kvasik:/home/kvasik/ros2_ws/install/action_turtle_commands_server:/opt/ros/humble /usr/bin/cmake --build /home/kvasik/ros2_ws/src/my_robot-main/build/robot_description -- -j8 -l8
[0.180s] Invoked command in '/home/kvasik/ros2_ws/src/my_robot-main/build/robot_description' returned '0': CMAKE_PREFIX_PATH=${CMAKE_PREFIX_PATH}:/home/kvasik/ros2_ws/install/third_learning_tf2_py:/home/kvasik/ros2_ws/install/text_to_cmd_vel:/home/kvasik/ros2_ws/install/service_full_name:/home/kvasik/ros2_ws/install/py_pubsub:/home/kvasik/ros2_ws/install/my_package:/home/kvasik/ros2_ws/install/move_to_goal:/home/kvasik/ros2_ws/install/learning_tf2_py:/home/kvasik/ros2_ws/install/kvasik:/home/kvasik/ros2_ws/install/action_turtle_commands_server:/opt/ros/humble /usr/bin/cmake --build /home/kvasik/ros2_ws/src/my_robot-main/build/robot_description -- -j8 -l8
[0.228s] Invoking command in '/home/kvasik/ros2_ws/src/my_robot-main/build/robot_description': CMAKE_PREFIX_PATH=${CMAKE_PREFIX_PATH}:/home/kvasik/ros2_ws/install/third_learning_tf2_py:/home/kvasik/ros2_ws/install/text_to_cmd_vel:/home/kvasik/ros2_ws/install/service_full_name:/home/kvasik/ros2_ws/install/py_pubsub:/home/kvasik/ros2_ws/install/my_package:/home/kvasik/ros2_ws/install/move_to_goal:/home/kvasik/ros2_ws/install/learning_tf2_py:/home/kvasik/ros2_ws/install/kvasik:/home/kvasik/ros2_ws/install/action_turtle_commands_server:/opt/ros/humble /usr/bin/cmake --install /home/kvasik/ros2_ws/src/my_robot-main/build/robot_description
[0.241s] -- Install configuration: ""
[0.242s] -- Up-to-date: /home/kvasik/ros2_ws/src/my_robot-main/install/robot_description/share/robot_description//urdf
[0.242s] -- Up-to-date: /home/kvasik/ros2_ws/src/my_robot-main/install/robot_description/share/robot_description//urdf/gazebo.urdf.xacro
[0.242s] -- Up-to-date: /home/kvasik/ros2_ws/src/my_robot-main/install/robot_description/share/robot_description//urdf/robot.urdf
[0.243s] -- Up-to-date: /home/kvasik/ros2_ws/src/my_robot-main/install/robot_description/share/robot_description//urdf/robot.urdf.xacro
[0.243s] -- Up-to-date: /home/kvasik/ros2_ws/src/my_robot-main/install/robot_description/share/ament_index/resource_index/package_run_dependencies/robot_description
[0.243s] -- Up-to-date: /home/kvasik/ros2_ws/src/my_robot-main/install/robot_description/share/ament_index/resource_index/parent_prefix_path/robot_description
[0.243s] -- Up-to-date: /home/kvasik/ros2_ws/src/my_robot-main/install/robot_description/share/robot_description/environment/ament_prefix_path.sh
[0.243s] -- Up-to-date: /home/kvasik/ros2_ws/src/my_robot-main/install/robot_description/share/robot_description/environment/ament_prefix_path.dsv
[0.243s] -- Up-to-date: /home/kvasik/ros2_ws/src/my_robot-main/install/robot_description/share/robot_description/environment/path.sh
[0.244s] -- Up-to-date: /home/kvasik/ros2_ws/src/my_robot-main/install/robot_description/share/robot_description/environment/path.dsv
[0.244s] -- Up-to-date: /home/kvasik/ros2_ws/src/my_robot-main/install/robot_description/share/robot_description/local_setup.bash
[0.244s] -- Up-to-date: /home/kvasik/ros2_ws/src/my_robot-main/install/robot_description/share/robot_description/local_setup.sh
[0.244s] -- Up-to-date: /home/kvasik/ros2_ws/src/my_robot-main/install/robot_description/share/robot_description/local_setup.zsh
[0.245s] -- Up-to-date: /home/kvasik/ros2_ws/src/my_robot-main/install/robot_description/share/robot_description/local_setup.dsv
[0.245s] -- Installing: /home/kvasik/ros2_ws/src/my_robot-main/install/robot_description/share/robot_description/package.dsv
[0.249s] -- Up-to-date: /home/kvasik/ros2_ws/src/my_robot-main/install/robot_description/share/ament_index/resource_index/packages/robot_description
[0.249s] -- Up-to-date: /home/kvasik/ros2_ws/src/my_robot-main/install/robot_description/share/robot_description/cmake/robot_descriptionConfig.cmake
[0.249s] -- Up-to-date: /home/kvasik/ros2_ws/src/my_robot-main/install/robot_description/share/robot_description/cmake/robot_descriptionConfig-version.cmake
[0.249s] -- Up-to-date: /home/kvasik/ros2_ws/src/my_robot-main/install/robot_description/share/robot_description/package.xml
[0.400s] Invoked command in '/home/kvasik/ros2_ws/src/my_robot-main/build/robot_description' returned '0': CMAKE_PREFIX_PATH=${CMAKE_PREFIX_PATH}:/home/kvasik/ros2_ws/install/third_learning_tf2_py:/home/kvasik/ros2_ws/install/text_to_cmd_vel:/home/kvasik/ros2_ws/install/service_full_name:/home/kvasik/ros2_ws/install/py_pubsub:/home/kvasik/ros2_ws/install/my_package:/home/kvasik/ros2_ws/install/move_to_goal:/home/kvasik/ros2_ws/install/learning_tf2_py:/home/kvasik/ros2_ws/install/kvasik:/home/kvasik/ros2_ws/install/action_turtle_commands_server:/opt/ros/humble /usr/bin/cmake --install /home/kvasik/ros2_ws/src/my_robot-main/build/robot_description
