[1.338s] DEBUG:colcon:Command line arguments: ['/usr/bin/colcon', 'build']
[1.338s] DEBUG:colcon:Parsed command line arguments: Namespace(log_base=None, log_level=None, verb_name='build', build_base='build', install_base='install', merge_install=False, symlink_install=False, test_result_base=None, continue_on_error=False, executor='parallel', parallel_workers=8, event_handlers=None, ignore_user_meta=False, metas=['./colcon.meta'], base_paths=['.'], packages_ignore=None, packages_ignore_regex=None, paths=None, packages_up_to=None, packages_up_to_regex=None, packages_above=None, packages_above_and_dependencies=None, packages_above_depth=None, packages_select_by_dep=None, packages_skip_by_dep=None, packages_skip_up_to=None, packages_select_build_failed=False, packages_skip_build_finished=False, packages_select_test_failures=False, packages_skip_test_passed=False, packages_select=None, packages_skip=None, packages_select_regex=None, packages_skip_regex=None, packages_start=None, packages_end=None, allow_overriding=[], cmake_args=None, cmake_target=None, cmake_target_skip_unavailable=False, cmake_clean_cache=False, cmake_clean_first=False, cmake_force_configure=False, ament_cmake_args=None, catkin_cmake_args=None, catkin_skip_building_tests=False, verb_parser=<colcon_defaults.argument_parser.defaults.DefaultArgumentsDecorator object at 0x7fbbfad40790>, verb_extension=<colcon_core.verb.build.BuildVerb object at 0x7fbbfaeb1db0>, main=<bound method BuildVerb.main of <colcon_core.verb.build.BuildVerb object at 0x7fbbfaeb1db0>>)
[1.397s] Level 1:colcon.colcon_core.package_discovery:discover_packages(colcon_meta) check parameters
[1.397s] Level 1:colcon.colcon_core.package_discovery:discover_packages(recursive) check parameters
[1.397s] Level 1:colcon.colcon_core.package_discovery:discover_packages(ignore) check parameters
[1.397s] Level 1:colcon.colcon_core.package_discovery:discover_packages(path) check parameters
[1.397s] Level 1:colcon.colcon_core.package_discovery:discover_packages(colcon_meta) discover
[1.397s] Level 1:colcon.colcon_core.package_discovery:discover_packages(recursive) discover
[1.397s] INFO:colcon.colcon_core.package_discovery:Crawling recursively for packages in '/home/kvasik/ros2_ws/src/my_robot-main'
[1.397s] Level 1:colcon.colcon_core.package_identification:_identify(.) by extensions ['ignore', 'ignore_ament_install']
[1.397s] Level 1:colcon.colcon_core.package_identification:_identify(.) by extension 'ignore'
[1.398s] Level 1:colcon.colcon_core.package_identification:_identify(.) by extension 'ignore_ament_install'
[1.398s] Level 1:colcon.colcon_core.package_identification:_identify(.) by extensions ['colcon_pkg']
[1.398s] Level 1:colcon.colcon_core.package_identification:_identify(.) by extension 'colcon_pkg'
[1.398s] Level 1:colcon.colcon_core.package_identification:_identify(.) by extensions ['colcon_meta']
[1.398s] Level 1:colcon.colcon_core.package_identification:_identify(.) by extension 'colcon_meta'
[1.398s] Level 1:colcon.colcon_core.package_identification:_identify(.) by extensions ['ros']
[1.398s] Level 1:colcon.colcon_core.package_identification:_identify(.) by extension 'ros'
[1.410s] Level 1:colcon.colcon_core.package_identification:_identify(.) by extensions ['cmake', 'python']
[1.410s] Level 1:colcon.colcon_core.package_identification:_identify(.) by extension 'cmake'
[1.410s] Level 1:colcon.colcon_core.package_identification:_identify(.) by extension 'python'
[1.410s] Level 1:colcon.colcon_core.package_identification:_identify(.) by extensions ['python_setup_py']
[1.410s] Level 1:colcon.colcon_core.package_identification:_identify(.) by extension 'python_setup_py'
[1.410s] Level 1:colcon.colcon_core.package_identification:_identify(build) by extensions ['ignore', 'ignore_ament_install']
[1.410s] Level 1:colcon.colcon_core.package_identification:_identify(build) by extension 'ignore'
[1.410s] Level 1:colcon.colcon_core.package_identification:_identify(build) ignored
[1.410s] Level 1:colcon.colcon_core.package_identification:_identify(install) by extensions ['ignore', 'ignore_ament_install']
[1.410s] Level 1:colcon.colcon_core.package_identification:_identify(install) by extension 'ignore'
[1.410s] Level 1:colcon.colcon_core.package_identification:_identify(install) ignored
[1.411s] Level 1:colcon.colcon_core.package_identification:_identify(log) by extensions ['ignore', 'ignore_ament_install']
[1.411s] Level 1:colcon.colcon_core.package_identification:_identify(log) by extension 'ignore'
[1.411s] Level 1:colcon.colcon_core.package_identification:_identify(log) ignored
[1.411s] Level 1:colcon.colcon_core.package_identification:_identify(robot_app) by extensions ['ignore', 'ignore_ament_install']
[1.411s] Level 1:colcon.colcon_core.package_identification:_identify(robot_app) by extension 'ignore'
[1.411s] Level 1:colcon.colcon_core.package_identification:_identify(robot_app) by extension 'ignore_ament_install'
[1.411s] Level 1:colcon.colcon_core.package_identification:_identify(robot_app) by extensions ['colcon_pkg']
[1.411s] Level 1:colcon.colcon_core.package_identification:_identify(robot_app) by extension 'colcon_pkg'
[1.411s] Level 1:colcon.colcon_core.package_identification:_identify(robot_app) by extensions ['colcon_meta']
[1.411s] Level 1:colcon.colcon_core.package_identification:_identify(robot_app) by extension 'colcon_meta'
[1.411s] Level 1:colcon.colcon_core.package_identification:_identify(robot_app) by extensions ['ros']
[1.411s] Level 1:colcon.colcon_core.package_identification:_identify(robot_app) by extension 'ros'
[1.413s] DEBUG:colcon.colcon_core.package_identification:Package 'robot_app' with type 'ros.ament_cmake' and name 'robot_app'
[1.414s] Level 1:colcon.colcon_core.package_identification:_identify(robot_bringup) by extensions ['ignore', 'ignore_ament_install']
[1.414s] Level 1:colcon.colcon_core.package_identification:_identify(robot_bringup) by extension 'ignore'
[1.414s] Level 1:colcon.colcon_core.package_identification:_identify(robot_bringup) by extension 'ignore_ament_install'
[1.414s] Level 1:colcon.colcon_core.package_identification:_identify(robot_bringup) by extensions ['colcon_pkg']
[1.414s] Level 1:colcon.colcon_core.package_identification:_identify(robot_bringup) by extension 'colcon_pkg'
[1.414s] Level 1:colcon.colcon_core.package_identification:_identify(robot_bringup) by extensions ['colcon_meta']
[1.414s] Level 1:colcon.colcon_core.package_identification:_identify(robot_bringup) by extension 'colcon_meta'
[1.414s] Level 1:colcon.colcon_core.package_identification:_identify(robot_bringup) by extensions ['ros']
[1.414s] Level 1:colcon.colcon_core.package_identification:_identify(robot_bringup) by extension 'ros'
[1.414s] DEBUG:colcon.colcon_core.package_identification:Package 'robot_bringup' with type 'ros.ament_cmake' and name 'robot_bringup'
[1.415s] Level 1:colcon.colcon_core.package_identification:_identify(robot_description) by extensions ['ignore', 'ignore_ament_install']
[1.415s] Level 1:colcon.colcon_core.package_identification:_identify(robot_description) by extension 'ignore'
[1.415s] Level 1:colcon.colcon_core.package_identification:_identify(robot_description) by extension 'ignore_ament_install'
[1.415s] Level 1:colcon.colcon_core.package_identification:_identify(robot_description) by extensions ['colcon_pkg']
[1.415s] Level 1:colcon.colcon_core.package_identification:_identify(robot_description) by extension 'colcon_pkg'
[1.415s] Level 1:colcon.colcon_core.package_identification:_identify(robot_description) by extensions ['colcon_meta']
[1.415s] Level 1:colcon.colcon_core.package_identification:_identify(robot_description) by extension 'colcon_meta'
[1.415s] Level 1:colcon.colcon_core.package_identification:_identify(robot_description) by extensions ['ros']
[1.415s] Level 1:colcon.colcon_core.package_identification:_identify(robot_description) by extension 'ros'
[1.415s] DEBUG:colcon.colcon_core.package_identification:Package 'robot_description' with type 'ros.ament_cmake' and name 'robot_description'
[1.415s] Level 1:colcon.colcon_core.package_discovery:discover_packages(recursive) using defaults
[1.415s] Level 1:colcon.colcon_core.package_discovery:discover_packages(ignore) discover
[1.415s] Level 1:colcon.colcon_core.package_discovery:discover_packages(ignore) using defaults
[1.416s] Level 1:colcon.colcon_core.package_discovery:discover_packages(path) discover
[1.416s] Level 1:colcon.colcon_core.package_discovery:discover_packages(path) using defaults
[1.531s] Level 1:colcon.colcon_core.package_discovery:discover_packages(prefix_path) check parameters
[1.531s] Level 1:colcon.colcon_core.package_discovery:discover_packages(prefix_path) discover
[1.587s] DEBUG:colcon.colcon_installed_package_information.package_discovery:Found 3 installed packages in /home/kvasik/ros2_ws/src/my_robot-main/install
[1.606s] DEBUG:colcon.colcon_installed_package_information.package_discovery:Found 1 installed packages in /home/kvasik/ros2_ws/src/robot_walking/install
[1.626s] DEBUG:colcon.colcon_installed_package_information.package_discovery:Found 27 installed packages in /home/kvasik/ros2_ws/install
[1.647s] DEBUG:colcon.colcon_installed_package_information.package_discovery:Found 280 installed packages in /opt/ros/humble
[1.649s] Level 1:colcon.colcon_core.package_discovery:discover_packages(prefix_path) using defaults
[1.753s] Level 5:colcon.colcon_core.verb:set package 'robot_app' build argument 'cmake_args' from command line to 'None'
[1.753s] Level 5:colcon.colcon_core.verb:set package 'robot_app' build argument 'cmake_target' from command line to 'None'
[1.753s] Level 5:colcon.colcon_core.verb:set package 'robot_app' build argument 'cmake_target_skip_unavailable' from command line to 'False'
[1.753s] Level 5:colcon.colcon_core.verb:set package 'robot_app' build argument 'cmake_clean_cache' from command line to 'False'
[1.753s] Level 5:colcon.colcon_core.verb:set package 'robot_app' build argument 'cmake_clean_first' from command line to 'False'
[1.753s] Level 5:colcon.colcon_core.verb:set package 'robot_app' build argument 'cmake_force_configure' from command line to 'False'
[1.753s] Level 5:colcon.colcon_core.verb:set package 'robot_app' build argument 'ament_cmake_args' from command line to 'None'
[1.753s] Level 5:colcon.colcon_core.verb:set package 'robot_app' build argument 'catkin_cmake_args' from command line to 'None'
[1.753s] Level 5:colcon.colcon_core.verb:set package 'robot_app' build argument 'catkin_skip_building_tests' from command line to 'False'
[1.753s] DEBUG:colcon.colcon_core.verb:Building package 'robot_app' with the following arguments: {'ament_cmake_args': None, 'build_base': '/home/kvasik/ros2_ws/src/my_robot-main/build/robot_app', 'catkin_cmake_args': None, 'catkin_skip_building_tests': False, 'cmake_args': None, 'cmake_clean_cache': False, 'cmake_clean_first': False, 'cmake_force_configure': False, 'cmake_target': None, 'cmake_target_skip_unavailable': False, 'install_base': '/home/kvasik/ros2_ws/src/my_robot-main/install/robot_app', 'merge_install': False, 'path': '/home/kvasik/ros2_ws/src/my_robot-main/robot_app', 'symlink_install': False, 'test_result_base': None}
[1.773s] Level 5:colcon.colcon_core.verb:set package 'robot_bringup' build argument 'cmake_args' from command line to 'None'
[1.773s] Level 5:colcon.colcon_core.verb:set package 'robot_bringup' build argument 'cmake_target' from command line to 'None'
[1.773s] Level 5:colcon.colcon_core.verb:set package 'robot_bringup' build argument 'cmake_target_skip_unavailable' from command line to 'False'
[1.773s] Level 5:colcon.colcon_core.verb:set package 'robot_bringup' build argument 'cmake_clean_cache' from command line to 'False'
[1.773s] Level 5:colcon.colcon_core.verb:set package 'robot_bringup' build argument 'cmake_clean_first' from command line to 'False'
[1.773s] Level 5:colcon.colcon_core.verb:set package 'robot_bringup' build argument 'cmake_force_configure' from command line to 'False'
[1.773s] Level 5:colcon.colcon_core.verb:set package 'robot_bringup' build argument 'ament_cmake_args' from command line to 'None'
[1.773s] Level 5:colcon.colcon_core.verb:set package 'robot_bringup' build argument 'catkin_cmake_args' from command line to 'None'
[1.773s] Level 5:colcon.colcon_core.verb:set package 'robot_bringup' build argument 'catkin_skip_building_tests' from command line to 'False'
[1.773s] DEBUG:colcon.colcon_core.verb:Building package 'robot_bringup' with the following arguments: {'ament_cmake_args': None, 'build_base': '/home/kvasik/ros2_ws/src/my_robot-main/build/robot_bringup', 'catkin_cmake_args': None, 'catkin_skip_building_tests': False, 'cmake_args': None, 'cmake_clean_cache': False, 'cmake_clean_first': False, 'cmake_force_configure': False, 'cmake_target': None, 'cmake_target_skip_unavailable': False, 'install_base': '/home/kvasik/ros2_ws/src/my_robot-main/install/robot_bringup', 'merge_install': False, 'path': '/home/kvasik/ros2_ws/src/my_robot-main/robot_bringup', 'symlink_install': False, 'test_result_base': None}
[1.793s] Level 5:colcon.colcon_core.verb:set package 'robot_description' build argument 'cmake_args' from command line to 'None'
[1.793s] Level 5:colcon.colcon_core.verb:set package 'robot_description' build argument 'cmake_target' from command line to 'None'
[1.793s] Level 5:colcon.colcon_core.verb:set package 'robot_description' build argument 'cmake_target_skip_unavailable' from command line to 'False'
[1.793s] Level 5:colcon.colcon_core.verb:set package 'robot_description' build argument 'cmake_clean_cache' from command line to 'False'
[1.793s] Level 5:colcon.colcon_core.verb:set package 'robot_description' build argument 'cmake_clean_first' from command line to 'False'
[1.793s] Level 5:colcon.colcon_core.verb:set package 'robot_description' build argument 'cmake_force_configure' from command line to 'False'
[1.793s] Level 5:colcon.colcon_core.verb:set package 'robot_description' build argument 'ament_cmake_args' from command line to 'None'
[1.793s] Level 5:colcon.colcon_core.verb:set package 'robot_description' build argument 'catkin_cmake_args' from command line to 'None'
[1.793s] Level 5:colcon.colcon_core.verb:set package 'robot_description' build argument 'catkin_skip_building_tests' from command line to 'False'
[1.793s] DEBUG:colcon.colcon_core.verb:Building package 'robot_description' with the following arguments: {'ament_cmake_args': None, 'build_base': '/home/kvasik/ros2_ws/src/my_robot-main/build/robot_description', 'catkin_cmake_args': None, 'catkin_skip_building_tests': False, 'cmake_args': None, 'cmake_clean_cache': False, 'cmake_clean_first': False, 'cmake_force_configure': False, 'cmake_target': None, 'cmake_target_skip_unavailable': False, 'install_base': '/home/kvasik/ros2_ws/src/my_robot-main/install/robot_description', 'merge_install': False, 'path': '/home/kvasik/ros2_ws/src/my_robot-main/robot_description', 'symlink_install': False, 'test_result_base': None}
[1.812s] INFO:colcon.colcon_core.executor:Executing jobs using 'parallel' executor
[1.833s] DEBUG:colcon.colcon_parallel_executor.executor.parallel:run_until_complete
[1.834s] INFO:colcon.colcon_ros.task.ament_cmake.build:Building ROS package in '/home/kvasik/ros2_ws/src/my_robot-main/robot_app' with build type 'ament_cmake'
[1.834s] INFO:colcon.colcon_cmake.task.cmake.build:Building CMake package in '/home/kvasik/ros2_ws/src/my_robot-main/robot_app'
[1.858s] INFO:colcon.colcon_core.plugin_system:Skipping extension 'colcon_core.shell.bat': Not used on non-Windows systems
[1.859s] INFO:colcon.colcon_core.shell:Skip shell extension 'powershell' for command environment: Not usable outside of PowerShell
[1.859s] DEBUG:colcon.colcon_core.shell:Skip shell extension 'dsv' for command environment
[1.965s] INFO:colcon.colcon_ros.task.ament_cmake.build:Building ROS package in '/home/kvasik/ros2_ws/src/my_robot-main/robot_bringup' with build type 'ament_cmake'
[1.965s] INFO:colcon.colcon_cmake.task.cmake.build:Building CMake package in '/home/kvasik/ros2_ws/src/my_robot-main/robot_bringup'
[1.986s] INFO:colcon.colcon_core.shell:Skip shell extension 'powershell' for command environment: Not usable outside of PowerShell
[1.986s] DEBUG:colcon.colcon_core.shell:Skip shell extension 'dsv' for command environment
[2.095s] INFO:colcon.colcon_ros.task.ament_cmake.build:Building ROS package in '/home/kvasik/ros2_ws/src/my_robot-main/robot_description' with build type 'ament_cmake'
[2.095s] INFO:colcon.colcon_cmake.task.cmake.build:Building CMake package in '/home/kvasik/ros2_ws/src/my_robot-main/robot_description'
[2.117s] INFO:colcon.colcon_core.shell:Skip shell extension 'powershell' for command environment: Not usable outside of PowerShell
[2.118s] DEBUG:colcon.colcon_core.shell:Skip shell extension 'dsv' for command environment
[2.231s] DEBUG:colcon.colcon_core.event_handler.log_command:Invoking command in '/home/kvasik/ros2_ws/src/my_robot-main/build/robot_app': CMAKE_PREFIX_PATH=${CMAKE_PREFIX_PATH}:/home/kvasik/ros2_ws/src/robot_walking/install/robot_walking:/home/kvasik/ros2_ws/install/third_learning_tf2_py:/home/kvasik/ros2_ws/install/text_to_cmd_vel:/home/kvasik/ros2_ws/install/service_full_name:/home/kvasik/ros2_ws/install/py_pubsub:/home/kvasik/ros2_ws/install/my_package:/home/kvasik/ros2_ws/install/move_to_goal:/home/kvasik/ros2_ws/install/learning_tf2_py:/home/kvasik/ros2_ws/install/kvasik:/home/kvasik/ros2_ws/install/action_turtle_commands_server:/opt/ros/humble /usr/bin/cmake --build /home/kvasik/ros2_ws/src/my_robot-main/build/robot_app -- -j8 -l8
[2.238s] DEBUG:colcon.colcon_core.event_handler.log_command:Invoking command in '/home/kvasik/ros2_ws/src/my_robot-main/build/robot_bringup': CMAKE_PREFIX_PATH=${CMAKE_PREFIX_PATH}:/home/kvasik/ros2_ws/src/robot_walking/install/robot_walking:/home/kvasik/ros2_ws/install/third_learning_tf2_py:/home/kvasik/ros2_ws/install/text_to_cmd_vel:/home/kvasik/ros2_ws/install/service_full_name:/home/kvasik/ros2_ws/install/py_pubsub:/home/kvasik/ros2_ws/install/my_package:/home/kvasik/ros2_ws/install/move_to_goal:/home/kvasik/ros2_ws/install/learning_tf2_py:/home/kvasik/ros2_ws/install/kvasik:/home/kvasik/ros2_ws/install/action_turtle_commands_server:/opt/ros/humble /usr/bin/cmake --build /home/kvasik/ros2_ws/src/my_robot-main/build/robot_bringup -- -j8 -l8
[2.241s] DEBUG:colcon.colcon_core.event_handler.log_command:Invoking command in '/home/kvasik/ros2_ws/src/my_robot-main/build/robot_description': CMAKE_PREFIX_PATH=${CMAKE_PREFIX_PATH}:/home/kvasik/ros2_ws/src/robot_walking/install/robot_walking:/home/kvasik/ros2_ws/install/third_learning_tf2_py:/home/kvasik/ros2_ws/install/text_to_cmd_vel:/home/kvasik/ros2_ws/install/service_full_name:/home/kvasik/ros2_ws/install/py_pubsub:/home/kvasik/ros2_ws/install/my_package:/home/kvasik/ros2_ws/install/move_to_goal:/home/kvasik/ros2_ws/install/learning_tf2_py:/home/kvasik/ros2_ws/install/kvasik:/home/kvasik/ros2_ws/install/action_turtle_commands_server:/opt/ros/humble /usr/bin/cmake --build /home/kvasik/ros2_ws/src/my_robot-main/build/robot_description -- -j8 -l8
[2.309s] DEBUG:colcon.colcon_core.event_handler.log_command:Invoked command in '/home/kvasik/ros2_ws/src/my_robot-main/build/robot_bringup' returned '0': CMAKE_PREFIX_PATH=${CMAKE_PREFIX_PATH}:/home/kvasik/ros2_ws/src/robot_walking/install/robot_walking:/home/kvasik/ros2_ws/install/third_learning_tf2_py:/home/kvasik/ros2_ws/install/text_to_cmd_vel:/home/kvasik/ros2_ws/install/service_full_name:/home/kvasik/ros2_ws/install/py_pubsub:/home/kvasik/ros2_ws/install/my_package:/home/kvasik/ros2_ws/install/move_to_goal:/home/kvasik/ros2_ws/install/learning_tf2_py:/home/kvasik/ros2_ws/install/kvasik:/home/kvasik/ros2_ws/install/action_turtle_commands_server:/opt/ros/humble /usr/bin/cmake --build /home/kvasik/ros2_ws/src/my_robot-main/build/robot_bringup -- -j8 -l8
[2.314s] DEBUG:colcon.colcon_core.event_handler.log_command:Invoked command in '/home/kvasik/ros2_ws/src/my_robot-main/build/robot_description' returned '0': CMAKE_PREFIX_PATH=${CMAKE_PREFIX_PATH}:/home/kvasik/ros2_ws/src/robot_walking/install/robot_walking:/home/kvasik/ros2_ws/install/third_learning_tf2_py:/home/kvasik/ros2_ws/install/text_to_cmd_vel:/home/kvasik/ros2_ws/install/service_full_name:/home/kvasik/ros2_ws/install/py_pubsub:/home/kvasik/ros2_ws/install/my_package:/home/kvasik/ros2_ws/install/move_to_goal:/home/kvasik/ros2_ws/install/learning_tf2_py:/home/kvasik/ros2_ws/install/kvasik:/home/kvasik/ros2_ws/install/action_turtle_commands_server:/opt/ros/humble /usr/bin/cmake --build /home/kvasik/ros2_ws/src/my_robot-main/build/robot_description -- -j8 -l8
[2.316s] DEBUG:colcon.colcon_core.event_handler.log_command:Invoked command in '/home/kvasik/ros2_ws/src/my_robot-main/build/robot_app' returned '0': CMAKE_PREFIX_PATH=${CMAKE_PREFIX_PATH}:/home/kvasik/ros2_ws/src/robot_walking/install/robot_walking:/home/kvasik/ros2_ws/install/third_learning_tf2_py:/home/kvasik/ros2_ws/install/text_to_cmd_vel:/home/kvasik/ros2_ws/install/service_full_name:/home/kvasik/ros2_ws/install/py_pubsub:/home/kvasik/ros2_ws/install/my_package:/home/kvasik/ros2_ws/install/move_to_goal:/home/kvasik/ros2_ws/install/learning_tf2_py:/home/kvasik/ros2_ws/install/kvasik:/home/kvasik/ros2_ws/install/action_turtle_commands_server:/opt/ros/humble /usr/bin/cmake --build /home/kvasik/ros2_ws/src/my_robot-main/build/robot_app -- -j8 -l8
[2.366s] DEBUG:colcon.colcon_core.event_handler.log_command:Invoking command in '/home/kvasik/ros2_ws/src/my_robot-main/build/robot_bringup': CMAKE_PREFIX_PATH=${CMAKE_PREFIX_PATH}:/home/kvasik/ros2_ws/src/robot_walking/install/robot_walking:/home/kvasik/ros2_ws/install/third_learning_tf2_py:/home/kvasik/ros2_ws/install/text_to_cmd_vel:/home/kvasik/ros2_ws/install/service_full_name:/home/kvasik/ros2_ws/install/py_pubsub:/home/kvasik/ros2_ws/install/my_package:/home/kvasik/ros2_ws/install/move_to_goal:/home/kvasik/ros2_ws/install/learning_tf2_py:/home/kvasik/ros2_ws/install/kvasik:/home/kvasik/ros2_ws/install/action_turtle_commands_server:/opt/ros/humble /usr/bin/cmake --install /home/kvasik/ros2_ws/src/my_robot-main/build/robot_bringup
[2.370s] DEBUG:colcon.colcon_core.event_handler.log_command:Invoking command in '/home/kvasik/ros2_ws/src/my_robot-main/build/robot_description': CMAKE_PREFIX_PATH=${CMAKE_PREFIX_PATH}:/home/kvasik/ros2_ws/src/robot_walking/install/robot_walking:/home/kvasik/ros2_ws/install/third_learning_tf2_py:/home/kvasik/ros2_ws/install/text_to_cmd_vel:/home/kvasik/ros2_ws/install/service_full_name:/home/kvasik/ros2_ws/install/py_pubsub:/home/kvasik/ros2_ws/install/my_package:/home/kvasik/ros2_ws/install/move_to_goal:/home/kvasik/ros2_ws/install/learning_tf2_py:/home/kvasik/ros2_ws/install/kvasik:/home/kvasik/ros2_ws/install/action_turtle_commands_server:/opt/ros/humble /usr/bin/cmake --install /home/kvasik/ros2_ws/src/my_robot-main/build/robot_description
[2.373s] DEBUG:colcon.colcon_core.event_handler.log_command:Invoking command in '/home/kvasik/ros2_ws/src/my_robot-main/build/robot_app': CMAKE_PREFIX_PATH=${CMAKE_PREFIX_PATH}:/home/kvasik/ros2_ws/src/robot_walking/install/robot_walking:/home/kvasik/ros2_ws/install/third_learning_tf2_py:/home/kvasik/ros2_ws/install/text_to_cmd_vel:/home/kvasik/ros2_ws/install/service_full_name:/home/kvasik/ros2_ws/install/py_pubsub:/home/kvasik/ros2_ws/install/my_package:/home/kvasik/ros2_ws/install/move_to_goal:/home/kvasik/ros2_ws/install/learning_tf2_py:/home/kvasik/ros2_ws/install/kvasik:/home/kvasik/ros2_ws/install/action_turtle_commands_server:/opt/ros/humble /usr/bin/cmake --install /home/kvasik/ros2_ws/src/my_robot-main/build/robot_app
[2.384s] Level 1:colcon.colcon_core.environment:create_environment_scripts_only(robot_bringup)
[2.387s] DEBUG:colcon.colcon_core.event_handler.log_command:Invoked command in '/home/kvasik/ros2_ws/src/my_robot-main/build/robot_bringup' returned '0': CMAKE_PREFIX_PATH=${CMAKE_PREFIX_PATH}:/home/kvasik/ros2_ws/src/robot_walking/install/robot_walking:/home/kvasik/ros2_ws/install/third_learning_tf2_py:/home/kvasik/ros2_ws/install/text_to_cmd_vel:/home/kvasik/ros2_ws/install/service_full_name:/home/kvasik/ros2_ws/install/py_pubsub:/home/kvasik/ros2_ws/install/my_package:/home/kvasik/ros2_ws/install/move_to_goal:/home/kvasik/ros2_ws/install/learning_tf2_py:/home/kvasik/ros2_ws/install/kvasik:/home/kvasik/ros2_ws/install/action_turtle_commands_server:/opt/ros/humble /usr/bin/cmake --install /home/kvasik/ros2_ws/src/my_robot-main/build/robot_bringup
[2.415s] Level 1:colcon.colcon_core.environment:checking '/home/kvasik/ros2_ws/src/my_robot-main/install/robot_bringup' for CMake module files
[2.415s] Level 1:colcon.colcon_core.environment:checking '/home/kvasik/ros2_ws/src/my_robot-main/install/robot_bringup' for CMake config files
[2.416s] Level 1:colcon.colcon_core.shell:create_environment_hook('robot_bringup', 'cmake_prefix_path')
[2.438s] INFO:colcon.colcon_core.shell:Creating environment hook '/home/kvasik/ros2_ws/src/my_robot-main/install/robot_bringup/share/robot_bringup/hook/cmake_prefix_path.ps1'
[2.439s] INFO:colcon.colcon_core.shell:Creating environment descriptor '/home/kvasik/ros2_ws/src/my_robot-main/install/robot_bringup/share/robot_bringup/hook/cmake_prefix_path.dsv'
[2.439s] INFO:colcon.colcon_core.shell:Creating environment hook '/home/kvasik/ros2_ws/src/my_robot-main/install/robot_bringup/share/robot_bringup/hook/cmake_prefix_path.sh'
[2.440s] Level 1:colcon.colcon_core.environment:checking '/home/kvasik/ros2_ws/src/my_robot-main/install/robot_bringup/bin'
[2.440s] Level 1:colcon.colcon_core.environment:checking '/home/kvasik/ros2_ws/src/my_robot-main/install/robot_bringup/lib/pkgconfig/robot_bringup.pc'
[2.441s] Level 1:colcon.colcon_core.environment:checking '/home/kvasik/ros2_ws/src/my_robot-main/install/robot_bringup/lib/python3.10/site-packages'
[2.441s] Level 1:colcon.colcon_core.environment:checking '/home/kvasik/ros2_ws/src/my_robot-main/install/robot_bringup/bin'
[2.464s] INFO:colcon.colcon_core.shell:Creating package script '/home/kvasik/ros2_ws/src/my_robot-main/install/robot_bringup/share/robot_bringup/package.ps1'
[2.465s] INFO:colcon.colcon_core.shell:Creating package descriptor '/home/kvasik/ros2_ws/src/my_robot-main/install/robot_bringup/share/robot_bringup/package.dsv'
[2.465s] INFO:colcon.colcon_core.shell:Creating package script '/home/kvasik/ros2_ws/src/my_robot-main/install/robot_bringup/share/robot_bringup/package.sh'
[2.466s] INFO:colcon.colcon_core.shell:Creating package script '/home/kvasik/ros2_ws/src/my_robot-main/install/robot_bringup/share/robot_bringup/package.bash'
[2.467s] INFO:colcon.colcon_core.shell:Creating package script '/home/kvasik/ros2_ws/src/my_robot-main/install/robot_bringup/share/robot_bringup/package.zsh'
[2.468s] Level 1:colcon.colcon_core.environment:create_file_with_runtime_dependencies(/home/kvasik/ros2_ws/src/my_robot-main/install/robot_bringup/share/colcon-core/packages/robot_bringup)
[2.470s] Level 1:colcon.colcon_core.environment:create_environment_scripts_only(robot_description)
[2.471s] DEBUG:colcon.colcon_core.event_handler.log_command:Invoked command in '/home/kvasik/ros2_ws/src/my_robot-main/build/robot_description' returned '0': CMAKE_PREFIX_PATH=${CMAKE_PREFIX_PATH}:/home/kvasik/ros2_ws/src/robot_walking/install/robot_walking:/home/kvasik/ros2_ws/install/third_learning_tf2_py:/home/kvasik/ros2_ws/install/text_to_cmd_vel:/home/kvasik/ros2_ws/install/service_full_name:/home/kvasik/ros2_ws/install/py_pubsub:/home/kvasik/ros2_ws/install/my_package:/home/kvasik/ros2_ws/install/move_to_goal:/home/kvasik/ros2_ws/install/learning_tf2_py:/home/kvasik/ros2_ws/install/kvasik:/home/kvasik/ros2_ws/install/action_turtle_commands_server:/opt/ros/humble /usr/bin/cmake --install /home/kvasik/ros2_ws/src/my_robot-main/build/robot_description
[2.494s] Level 1:colcon.colcon_core.environment:checking '/home/kvasik/ros2_ws/src/my_robot-main/install/robot_description' for CMake module files
[2.495s] Level 1:colcon.colcon_core.environment:checking '/home/kvasik/ros2_ws/src/my_robot-main/install/robot_description' for CMake config files
[2.495s] Level 1:colcon.colcon_core.shell:create_environment_hook('robot_description', 'cmake_prefix_path')
[2.518s] INFO:colcon.colcon_core.shell:Creating environment hook '/home/kvasik/ros2_ws/src/my_robot-main/install/robot_description/share/robot_description/hook/cmake_prefix_path.ps1'
[2.519s] INFO:colcon.colcon_core.shell:Creating environment descriptor '/home/kvasik/ros2_ws/src/my_robot-main/install/robot_description/share/robot_description/hook/cmake_prefix_path.dsv'
[2.519s] INFO:colcon.colcon_core.shell:Creating environment hook '/home/kvasik/ros2_ws/src/my_robot-main/install/robot_description/share/robot_description/hook/cmake_prefix_path.sh'
[2.520s] Level 1:colcon.colcon_core.environment:checking '/home/kvasik/ros2_ws/src/my_robot-main/install/robot_description/bin'
[2.520s] Level 1:colcon.colcon_core.environment:checking '/home/kvasik/ros2_ws/src/my_robot-main/install/robot_description/lib/pkgconfig/robot_description.pc'
[2.520s] Level 1:colcon.colcon_core.environment:checking '/home/kvasik/ros2_ws/src/my_robot-main/install/robot_description/lib/python3.10/site-packages'
[2.520s] Level 1:colcon.colcon_core.environment:checking '/home/kvasik/ros2_ws/src/my_robot-main/install/robot_description/bin'
[2.543s] INFO:colcon.colcon_core.shell:Creating package script '/home/kvasik/ros2_ws/src/my_robot-main/install/robot_description/share/robot_description/package.ps1'
[2.543s] INFO:colcon.colcon_core.shell:Creating package descriptor '/home/kvasik/ros2_ws/src/my_robot-main/install/robot_description/share/robot_description/package.dsv'
[2.544s] INFO:colcon.colcon_core.shell:Creating package script '/home/kvasik/ros2_ws/src/my_robot-main/install/robot_description/share/robot_description/package.sh'
[2.544s] INFO:colcon.colcon_core.shell:Creating package script '/home/kvasik/ros2_ws/src/my_robot-main/install/robot_description/share/robot_description/package.bash'
[2.544s] INFO:colcon.colcon_core.shell:Creating package script '/home/kvasik/ros2_ws/src/my_robot-main/install/robot_description/share/robot_description/package.zsh'
[2.545s] Level 1:colcon.colcon_core.environment:create_file_with_runtime_dependencies(/home/kvasik/ros2_ws/src/my_robot-main/install/robot_description/share/colcon-core/packages/robot_description)
[2.546s] Level 1:colcon.colcon_core.environment:create_environment_scripts_only(robot_app)
[2.547s] DEBUG:colcon.colcon_core.event_handler.log_command:Invoked command in '/home/kvasik/ros2_ws/src/my_robot-main/build/robot_app' returned '0': CMAKE_PREFIX_PATH=${CMAKE_PREFIX_PATH}:/home/kvasik/ros2_ws/src/robot_walking/install/robot_walking:/home/kvasik/ros2_ws/install/third_learning_tf2_py:/home/kvasik/ros2_ws/install/text_to_cmd_vel:/home/kvasik/ros2_ws/install/service_full_name:/home/kvasik/ros2_ws/install/py_pubsub:/home/kvasik/ros2_ws/install/my_package:/home/kvasik/ros2_ws/install/move_to_goal:/home/kvasik/ros2_ws/install/learning_tf2_py:/home/kvasik/ros2_ws/install/kvasik:/home/kvasik/ros2_ws/install/action_turtle_commands_server:/opt/ros/humble /usr/bin/cmake --install /home/kvasik/ros2_ws/src/my_robot-main/build/robot_app
[2.570s] Level 1:colcon.colcon_core.environment:checking '/home/kvasik/ros2_ws/src/my_robot-main/install/robot_app' for CMake module files
[2.571s] Level 1:colcon.colcon_core.environment:checking '/home/kvasik/ros2_ws/src/my_robot-main/install/robot_app' for CMake config files
[2.571s] Level 1:colcon.colcon_core.shell:create_environment_hook('robot_app', 'cmake_prefix_path')
[2.595s] INFO:colcon.colcon_core.shell:Creating environment hook '/home/kvasik/ros2_ws/src/my_robot-main/install/robot_app/share/robot_app/hook/cmake_prefix_path.ps1'
[2.595s] INFO:colcon.colcon_core.shell:Creating environment descriptor '/home/kvasik/ros2_ws/src/my_robot-main/install/robot_app/share/robot_app/hook/cmake_prefix_path.dsv'
[2.596s] INFO:colcon.colcon_core.shell:Creating environment hook '/home/kvasik/ros2_ws/src/my_robot-main/install/robot_app/share/robot_app/hook/cmake_prefix_path.sh'
[2.596s] Level 1:colcon.colcon_core.environment:checking '/home/kvasik/ros2_ws/src/my_robot-main/install/robot_app/bin'
[2.596s] Level 1:colcon.colcon_core.environment:checking '/home/kvasik/ros2_ws/src/my_robot-main/install/robot_app/lib/pkgconfig/robot_app.pc'
[2.597s] Level 1:colcon.colcon_core.environment:checking '/home/kvasik/ros2_ws/src/my_robot-main/install/robot_app/lib/python3.10/site-packages'
[2.597s] Level 1:colcon.colcon_core.environment:checking '/home/kvasik/ros2_ws/src/my_robot-main/install/robot_app/bin'
[2.619s] INFO:colcon.colcon_core.shell:Creating package script '/home/kvasik/ros2_ws/src/my_robot-main/install/robot_app/share/robot_app/package.ps1'
[2.619s] INFO:colcon.colcon_core.shell:Creating package descriptor '/home/kvasik/ros2_ws/src/my_robot-main/install/robot_app/share/robot_app/package.dsv'
[2.620s] INFO:colcon.colcon_core.shell:Creating package script '/home/kvasik/ros2_ws/src/my_robot-main/install/robot_app/share/robot_app/package.sh'
[2.620s] INFO:colcon.colcon_core.shell:Creating package script '/home/kvasik/ros2_ws/src/my_robot-main/install/robot_app/share/robot_app/package.bash'
[2.621s] INFO:colcon.colcon_core.shell:Creating package script '/home/kvasik/ros2_ws/src/my_robot-main/install/robot_app/share/robot_app/package.zsh'
[2.621s] Level 1:colcon.colcon_core.environment:create_file_with_runtime_dependencies(/home/kvasik/ros2_ws/src/my_robot-main/install/robot_app/share/colcon-core/packages/robot_app)
[2.646s] Level 1:colcon.colcon_core.environment:create_environment_scripts_only(robot_bringup)
[2.670s] Level 1:colcon.colcon_core.environment:checking '/home/kvasik/ros2_ws/src/my_robot-main/install/robot_bringup' for CMake module files
[2.671s] Level 1:colcon.colcon_core.environment:checking '/home/kvasik/ros2_ws/src/my_robot-main/install/robot_bringup' for CMake config files
[2.671s] Level 1:colcon.colcon_core.shell:create_environment_hook('robot_bringup', 'cmake_prefix_path')
[2.693s] INFO:colcon.colcon_core.shell:Creating environment hook '/home/kvasik/ros2_ws/src/my_robot-main/install/robot_bringup/share/robot_bringup/hook/cmake_prefix_path.ps1'
[2.693s] INFO:colcon.colcon_core.shell:Creating environment descriptor '/home/kvasik/ros2_ws/src/my_robot-main/install/robot_bringup/share/robot_bringup/hook/cmake_prefix_path.dsv'
[2.694s] INFO:colcon.colcon_core.shell:Creating environment hook '/home/kvasik/ros2_ws/src/my_robot-main/install/robot_bringup/share/robot_bringup/hook/cmake_prefix_path.sh'
[2.694s] Level 1:colcon.colcon_core.environment:checking '/home/kvasik/ros2_ws/src/my_robot-main/install/robot_bringup/bin'
[2.694s] Level 1:colcon.colcon_core.environment:checking '/home/kvasik/ros2_ws/src/my_robot-main/install/robot_bringup/lib/pkgconfig/robot_bringup.pc'
[2.695s] Level 1:colcon.colcon_core.environment:checking '/home/kvasik/ros2_ws/src/my_robot-main/install/robot_bringup/lib/python3.10/site-packages'
[2.695s] Level 1:colcon.colcon_core.environment:checking '/home/kvasik/ros2_ws/src/my_robot-main/install/robot_bringup/bin'
[2.717s] INFO:colcon.colcon_core.shell:Creating package script '/home/kvasik/ros2_ws/src/my_robot-main/install/robot_bringup/share/robot_bringup/package.ps1'
[2.717s] INFO:colcon.colcon_core.shell:Creating package descriptor '/home/kvasik/ros2_ws/src/my_robot-main/install/robot_bringup/share/robot_bringup/package.dsv'
[2.718s] INFO:colcon.colcon_core.shell:Creating package script '/home/kvasik/ros2_ws/src/my_robot-main/install/robot_bringup/share/robot_bringup/package.sh'
[2.718s] INFO:colcon.colcon_core.shell:Creating package script '/home/kvasik/ros2_ws/src/my_robot-main/install/robot_bringup/share/robot_bringup/package.bash'
[2.719s] INFO:colcon.colcon_core.shell:Creating package script '/home/kvasik/ros2_ws/src/my_robot-main/install/robot_bringup/share/robot_bringup/package.zsh'
[2.719s] Level 1:colcon.colcon_core.environment:create_file_with_runtime_dependencies(/home/kvasik/ros2_ws/src/my_robot-main/install/robot_bringup/share/colcon-core/packages/robot_bringup)
[2.743s] Level 1:colcon.colcon_core.environment:create_environment_scripts_only(robot_description)
[2.765s] Level 1:colcon.colcon_core.environment:checking '/home/kvasik/ros2_ws/src/my_robot-main/install/robot_description' for CMake module files
[2.766s] Level 1:colcon.colcon_core.environment:checking '/home/kvasik/ros2_ws/src/my_robot-main/install/robot_description' for CMake config files
[2.766s] Level 1:colcon.colcon_core.shell:create_environment_hook('robot_description', 'cmake_prefix_path')
[2.788s] INFO:colcon.colcon_core.shell:Creating environment hook '/home/kvasik/ros2_ws/src/my_robot-main/install/robot_description/share/robot_description/hook/cmake_prefix_path.ps1'
[2.788s] INFO:colcon.colcon_core.shell:Creating environment descriptor '/home/kvasik/ros2_ws/src/my_robot-main/install/robot_description/share/robot_description/hook/cmake_prefix_path.dsv'
[2.789s] INFO:colcon.colcon_core.shell:Creating environment hook '/home/kvasik/ros2_ws/src/my_robot-main/install/robot_description/share/robot_description/hook/cmake_prefix_path.sh'
[2.789s] Level 1:colcon.colcon_core.environment:checking '/home/kvasik/ros2_ws/src/my_robot-main/install/robot_description/bin'
[2.789s] Level 1:colcon.colcon_core.environment:checking '/home/kvasik/ros2_ws/src/my_robot-main/install/robot_description/lib/pkgconfig/robot_description.pc'
[2.790s] Level 1:colcon.colcon_core.environment:checking '/home/kvasik/ros2_ws/src/my_robot-main/install/robot_description/lib/python3.10/site-packages'
[2.790s] Level 1:colcon.colcon_core.environment:checking '/home/kvasik/ros2_ws/src/my_robot-main/install/robot_description/bin'
[2.812s] INFO:colcon.colcon_core.shell:Creating package script '/home/kvasik/ros2_ws/src/my_robot-main/install/robot_description/share/robot_description/package.ps1'
[2.813s] INFO:colcon.colcon_core.shell:Creating package descriptor '/home/kvasik/ros2_ws/src/my_robot-main/install/robot_description/share/robot_description/package.dsv'
[2.813s] INFO:colcon.colcon_core.shell:Creating package script '/home/kvasik/ros2_ws/src/my_robot-main/install/robot_description/share/robot_description/package.sh'
[2.813s] INFO:colcon.colcon_core.shell:Creating package script '/home/kvasik/ros2_ws/src/my_robot-main/install/robot_description/share/robot_description/package.bash'
[2.814s] INFO:colcon.colcon_core.shell:Creating package script '/home/kvasik/ros2_ws/src/my_robot-main/install/robot_description/share/robot_description/package.zsh'
[2.814s] Level 1:colcon.colcon_core.environment:create_file_with_runtime_dependencies(/home/kvasik/ros2_ws/src/my_robot-main/install/robot_description/share/colcon-core/packages/robot_description)
[2.837s] Level 1:colcon.colcon_core.environment:create_environment_scripts_only(robot_app)
[2.859s] Level 1:colcon.colcon_core.environment:checking '/home/kvasik/ros2_ws/src/my_robot-main/install/robot_app' for CMake module files
[2.860s] Level 1:colcon.colcon_core.environment:checking '/home/kvasik/ros2_ws/src/my_robot-main/install/robot_app' for CMake config files
[2.860s] Level 1:colcon.colcon_core.shell:create_environment_hook('robot_app', 'cmake_prefix_path')
[2.881s] INFO:colcon.colcon_core.shell:Creating environment hook '/home/kvasik/ros2_ws/src/my_robot-main/install/robot_app/share/robot_app/hook/cmake_prefix_path.ps1'
[2.882s] INFO:colcon.colcon_core.shell:Creating environment descriptor '/home/kvasik/ros2_ws/src/my_robot-main/install/robot_app/share/robot_app/hook/cmake_prefix_path.dsv'
[2.882s] INFO:colcon.colcon_core.shell:Creating environment hook '/home/kvasik/ros2_ws/src/my_robot-main/install/robot_app/share/robot_app/hook/cmake_prefix_path.sh'
[2.882s] Level 1:colcon.colcon_core.environment:checking '/home/kvasik/ros2_ws/src/my_robot-main/install/robot_app/bin'
[2.882s] Level 1:colcon.colcon_core.environment:checking '/home/kvasik/ros2_ws/src/my_robot-main/install/robot_app/lib/pkgconfig/robot_app.pc'
[2.883s] Level 1:colcon.colcon_core.environment:checking '/home/kvasik/ros2_ws/src/my_robot-main/install/robot_app/lib/python3.10/site-packages'
[2.883s] Level 1:colcon.colcon_core.environment:checking '/home/kvasik/ros2_ws/src/my_robot-main/install/robot_app/bin'
[2.904s] INFO:colcon.colcon_core.shell:Creating package script '/home/kvasik/ros2_ws/src/my_robot-main/install/robot_app/share/robot_app/package.ps1'
[2.905s] INFO:colcon.colcon_core.shell:Creating package descriptor '/home/kvasik/ros2_ws/src/my_robot-main/install/robot_app/share/robot_app/package.dsv'
[2.905s] INFO:colcon.colcon_core.shell:Creating package script '/home/kvasik/ros2_ws/src/my_robot-main/install/robot_app/share/robot_app/package.sh'
[2.906s] INFO:colcon.colcon_core.shell:Creating package script '/home/kvasik/ros2_ws/src/my_robot-main/install/robot_app/share/robot_app/package.bash'
[2.906s] INFO:colcon.colcon_core.shell:Creating package script '/home/kvasik/ros2_ws/src/my_robot-main/install/robot_app/share/robot_app/package.zsh'
[2.907s] Level 1:colcon.colcon_core.environment:create_file_with_runtime_dependencies(/home/kvasik/ros2_ws/src/my_robot-main/install/robot_app/share/colcon-core/packages/robot_app)
[2.907s] DEBUG:colcon.colcon_parallel_executor.executor.parallel:closing loop
[2.907s] DEBUG:colcon.colcon_parallel_executor.executor.parallel:loop closed
[2.907s] DEBUG:colcon.colcon_parallel_executor.executor.parallel:run_until_complete finished with '0'
[2.907s] DEBUG:colcon.colcon_core.event_reactor:joining thread
[2.947s] INFO:colcon.colcon_core.plugin_system:Skipping extension 'colcon_notification.desktop_notification.terminal_notifier': Not used on non-Darwin systems
[2.947s] INFO:colcon.colcon_core.plugin_system:Skipping extension 'colcon_notification.desktop_notification.win32': Not used on non-Windows systems
[2.947s] INFO:colcon.colcon_notification.desktop_notification:Sending desktop notification using 'notify2'
[2.973s] DEBUG:colcon.colcon_core.event_reactor:joined thread
[2.997s] INFO:colcon.colcon_core.shell:Creating prefix script '/home/kvasik/ros2_ws/src/my_robot-main/install/local_setup.ps1'
[2.998s] INFO:colcon.colcon_core.shell:Creating prefix util module '/home/kvasik/ros2_ws/src/my_robot-main/install/_local_setup_util_ps1.py'
[2.999s] INFO:colcon.colcon_core.shell:Creating prefix chain script '/home/kvasik/ros2_ws/src/my_robot-main/install/setup.ps1'
[3.024s] INFO:colcon.colcon_core.shell:Creating prefix script '/home/kvasik/ros2_ws/src/my_robot-main/install/local_setup.sh'
[3.025s] INFO:colcon.colcon_core.shell:Creating prefix util module '/home/kvasik/ros2_ws/src/my_robot-main/install/_local_setup_util_sh.py'
[3.025s] INFO:colcon.colcon_core.shell:Creating prefix chain script '/home/kvasik/ros2_ws/src/my_robot-main/install/setup.sh'
[3.068s] INFO:colcon.colcon_core.shell:Creating prefix script '/home/kvasik/ros2_ws/src/my_robot-main/install/local_setup.bash'
[3.069s] INFO:colcon.colcon_core.shell:Creating prefix chain script '/home/kvasik/ros2_ws/src/my_robot-main/install/setup.bash'
[3.093s] INFO:colcon.colcon_core.shell:Creating prefix script '/home/kvasik/ros2_ws/src/my_robot-main/install/local_setup.zsh'
[3.093s] INFO:colcon.colcon_core.shell:Creating prefix chain script '/home/kvasik/ros2_ws/src/my_robot-main/install/setup.zsh'
