-- Found ament_cmake: 1.3.5 (/opt/ros/humble/share/ament_cmake/cmake)
-- Configuring done
-- Generating done
-- Build files have been written to: /home/kvasik/ros2_ws/src/my_robot-main/build/robot_app
-- Install configuration: ""
-- Up-to-date: /home/kvasik/ros2_ws/src/my_robot-main/install/robot_app/share/ament_index/resource_index/package_run_dependencies/robot_app
-- Installing: /home/kvasik/ros2_ws/src/my_robot-main/install/robot_app/share/ament_index/resource_index/parent_prefix_path/robot_app
-- Up-to-date: /home/kvasik/ros2_ws/src/my_robot-main/install/robot_app/share/robot_app/environment/ament_prefix_path.sh
-- Installing: /home/kvasik/ros2_ws/src/my_robot-main/install/robot_app/share/robot_app/environment/ament_prefix_path.dsv
-- Up-to-date: /home/kvasik/ros2_ws/src/my_robot-main/install/robot_app/share/robot_app/environment/path.sh
-- Installing: /home/kvasik/ros2_ws/src/my_robot-main/install/robot_app/share/robot_app/environment/path.dsv
-- Up-to-date: /home/kvasik/ros2_ws/src/my_robot-main/install/robot_app/share/robot_app/local_setup.bash
-- Up-to-date: /home/kvasik/ros2_ws/src/my_robot-main/install/robot_app/share/robot_app/local_setup.sh
-- Up-to-date: /home/kvasik/ros2_ws/src/my_robot-main/install/robot_app/share/robot_app/local_setup.zsh
-- Installing: /home/kvasik/ros2_ws/src/my_robot-main/install/robot_app/share/robot_app/local_setup.dsv
-- Installing: /home/kvasik/ros2_ws/src/my_robot-main/install/robot_app/share/robot_app/package.dsv
-- Up-to-date: /home/kvasik/ros2_ws/src/my_robot-main/install/robot_app/share/ament_index/resource_index/packages/robot_app
-- Up-to-date: /home/kvasik/ros2_ws/src/my_robot-main/install/robot_app/share/robot_app/cmake/robot_appConfig.cmake
-- Up-to-date: /home/kvasik/ros2_ws/src/my_robot-main/install/robot_app/share/robot_app/cmake/robot_appConfig-version.cmake
-- Installing: /home/kvasik/ros2_ws/src/my_robot-main/install/robot_app/share/robot_app/package.xml
