[0.607s] Invoking command in '/home/kvasik/ros2_ws/src/my_robot-main/build/robot_app': CMAKE_PREFIX_PATH=${CMAKE_PREFIX_PATH}:/home/kvasik/ros2_ws/src/robot_walking/install/robot_walking:/home/kvasik/ros2_ws/install/third_learning_tf2_py:/home/kvasik/ros2_ws/install/text_to_cmd_vel:/home/kvasik/ros2_ws/install/service_full_name:/home/kvasik/ros2_ws/install/py_pubsub:/home/kvasik/ros2_ws/install/my_package:/home/kvasik/ros2_ws/install/move_to_goal:/home/kvasik/ros2_ws/install/learning_tf2_py:/home/kvasik/ros2_ws/install/kvasik:/home/kvasik/ros2_ws/install/action_turtle_commands_server:/opt/ros/humble /usr/bin/cmake --build /home/kvasik/ros2_ws/src/my_robot-main/build/robot_app -- -j8 -l8
[0.666s] -- Found ament_cmake: 1.3.5 (/opt/ros/humble/share/ament_cmake/cmake)
[1.118s] -- Configuring done
[1.124s] -- Generating done
[1.126s] -- Build files have been written to: /home/kvasik/ros2_ws/src/my_robot-main/build/robot_app
[1.173s] Invoked command in '/home/kvasik/ros2_ws/src/my_robot-main/build/robot_app' returned '0': CMAKE_PREFIX_PATH=${CMAKE_PREFIX_PATH}:/home/kvasik/ros2_ws/src/robot_walking/install/robot_walking:/home/kvasik/ros2_ws/install/third_learning_tf2_py:/home/kvasik/ros2_ws/install/text_to_cmd_vel:/home/kvasik/ros2_ws/install/service_full_name:/home/kvasik/ros2_ws/install/py_pubsub:/home/kvasik/ros2_ws/install/my_package:/home/kvasik/ros2_ws/install/move_to_goal:/home/kvasik/ros2_ws/install/learning_tf2_py:/home/kvasik/ros2_ws/install/kvasik:/home/kvasik/ros2_ws/install/action_turtle_commands_server:/opt/ros/humble /usr/bin/cmake --build /home/kvasik/ros2_ws/src/my_robot-main/build/robot_app -- -j8 -l8
[1.245s] Invoking command in '/home/kvasik/ros2_ws/src/my_robot-main/build/robot_app': CMAKE_PREFIX_PATH=${CMAKE_PREFIX_PATH}:/home/kvasik/ros2_ws/src/robot_walking/install/robot_walking:/home/kvasik/ros2_ws/install/third_learning_tf2_py:/home/kvasik/ros2_ws/install/text_to_cmd_vel:/home/kvasik/ros2_ws/install/service_full_name:/home/kvasik/ros2_ws/install/py_pubsub:/home/kvasik/ros2_ws/install/my_package:/home/kvasik/ros2_ws/install/move_to_goal:/home/kvasik/ros2_ws/install/learning_tf2_py:/home/kvasik/ros2_ws/install/kvasik:/home/kvasik/ros2_ws/install/action_turtle_commands_server:/opt/ros/humble /usr/bin/cmake --install /home/kvasik/ros2_ws/src/my_robot-main/build/robot_app
[1.262s] -- Install configuration: ""
[1.263s] -- Up-to-date: /home/kvasik/ros2_ws/src/my_robot-main/install/robot_app/share/ament_index/resource_index/package_run_dependencies/robot_app
[1.263s] -- Installing: /home/kvasik/ros2_ws/src/my_robot-main/install/robot_app/share/ament_index/resource_index/parent_prefix_path/robot_app
[1.263s] -- Up-to-date: /home/kvasik/ros2_ws/src/my_robot-main/install/robot_app/share/robot_app/environment/ament_prefix_path.sh
[1.263s] -- Installing: /home/kvasik/ros2_ws/src/my_robot-main/install/robot_app/share/robot_app/environment/ament_prefix_path.dsv
[1.264s] -- Up-to-date: /home/kvasik/ros2_ws/src/my_robot-main/install/robot_app/share/robot_app/environment/path.sh
[1.264s] -- Installing: /home/kvasik/ros2_ws/src/my_robot-main/install/robot_app/share/robot_app/environment/path.dsv
[1.264s] -- Up-to-date: /home/kvasik/ros2_ws/src/my_robot-main/install/robot_app/share/robot_app/local_setup.bash
[1.265s] -- Up-to-date: /home/kvasik/ros2_ws/src/my_robot-main/install/robot_app/share/robot_app/local_setup.sh
[1.266s] -- Up-to-date: /home/kvasik/ros2_ws/src/my_robot-main/install/robot_app/share/robot_app/local_setup.zsh
[1.268s] -- Installing: /home/kvasik/ros2_ws/src/my_robot-main/install/robot_app/share/robot_app/local_setup.dsv
[1.269s] -- Installing: /home/kvasik/ros2_ws/src/my_robot-main/install/robot_app/share/robot_app/package.dsv
[1.270s] -- Up-to-date: /home/kvasik/ros2_ws/src/my_robot-main/install/robot_app/share/ament_index/resource_index/packages/robot_app
[1.270s] -- Up-to-date: /home/kvasik/ros2_ws/src/my_robot-main/install/robot_app/share/robot_app/cmake/robot_appConfig.cmake
[1.270s] -- Up-to-date: /home/kvasik/ros2_ws/src/my_robot-main/install/robot_app/share/robot_app/cmake/robot_appConfig-version.cmake
[1.271s] -- Installing: /home/kvasik/ros2_ws/src/my_robot-main/install/robot_app/share/robot_app/package.xml
[1.275s] Invoked command in '/home/kvasik/ros2_ws/src/my_robot-main/build/robot_app' returned '0': CMAKE_PREFIX_PATH=${CMAKE_PREFIX_PATH}:/home/kvasik/ros2_ws/src/robot_walking/install/robot_walking:/home/kvasik/ros2_ws/install/third_learning_tf2_py:/home/kvasik/ros2_ws/install/text_to_cmd_vel:/home/kvasik/ros2_ws/install/service_full_name:/home/kvasik/ros2_ws/install/py_pubsub:/home/kvasik/ros2_ws/install/my_package:/home/kvasik/ros2_ws/install/move_to_goal:/home/kvasik/ros2_ws/install/learning_tf2_py:/home/kvasik/ros2_ws/install/kvasik:/home/kvasik/ros2_ws/install/action_turtle_commands_server:/opt/ros/humble /usr/bin/cmake --install /home/kvasik/ros2_ws/src/my_robot-main/build/robot_app
