/home/kvasik/ros2_ws/src/robot_walking/install/robot_walking/lib/python3.10/site-packages/robot_walking/robot_walking.py
/home/kvasik/ros2_ws/src/robot_walking/install/robot_walking/lib/python3.10/site-packages/robot_walking/forward_walking.py
/home/kvasik/ros2_ws/src/robot_walking/install/robot_walking/lib/python3.10/site-packages/robot_walking/unique_robot_walking.py
/home/kvasik/ros2_ws/src/robot_walking/install/robot_walking/lib/python3.10/site-packages/robot_walking/__init__.py
/home/kvasik/ros2_ws/src/robot_walking/install/robot_walking/lib/python3.10/site-packages/robot_walking/depth_robot_walking.py
/home/kvasik/ros2_ws/src/robot_walking/install/robot_walking/lib/python3.10/site-packages/robot_walking/__pycache__/robot_walking.cpython-310.pyc
/home/kvasik/ros2_ws/src/robot_walking/install/robot_walking/lib/python3.10/site-packages/robot_walking/__pycache__/forward_walking.cpython-310.pyc
/home/kvasik/ros2_ws/src/robot_walking/install/robot_walking/lib/python3.10/site-packages/robot_walking/__pycache__/unique_robot_walking.cpython-310.pyc
/home/kvasik/ros2_ws/src/robot_walking/install/robot_walking/lib/python3.10/site-packages/robot_walking/__pycache__/__init__.cpython-310.pyc
/home/kvasik/ros2_ws/src/robot_walking/install/robot_walking/lib/python3.10/site-packages/robot_walking/__pycache__/depth_robot_walking.cpython-310.pyc
/home/kvasik/ros2_ws/src/robot_walking/install/robot_walking/share/ament_index/resource_index/packages/robot_walking
/home/kvasik/ros2_ws/src/robot_walking/install/robot_walking/share/robot_walking/package.xml
/home/kvasik/ros2_ws/src/robot_walking/install/robot_walking/lib/python3.10/site-packages/robot_walking-0.0.0-py3.10.egg-info/zip-safe
/home/kvasik/ros2_ws/src/robot_walking/install/robot_walking/lib/python3.10/site-packages/robot_walking-0.0.0-py3.10.egg-info/entry_points.txt
/home/kvasik/ros2_ws/src/robot_walking/install/robot_walking/lib/python3.10/site-packages/robot_walking-0.0.0-py3.10.egg-info/dependency_links.txt
/home/kvasik/ros2_ws/src/robot_walking/install/robot_walking/lib/python3.10/site-packages/robot_walking-0.0.0-py3.10.egg-info/SOURCES.txt
/home/kvasik/ros2_ws/src/robot_walking/install/robot_walking/lib/python3.10/site-packages/robot_walking-0.0.0-py3.10.egg-info/top_level.txt
/home/kvasik/ros2_ws/src/robot_walking/install/robot_walking/lib/python3.10/site-packages/robot_walking-0.0.0-py3.10.egg-info/requires.txt
/home/kvasik/ros2_ws/src/robot_walking/install/robot_walking/lib/python3.10/site-packages/robot_walking-0.0.0-py3.10.egg-info/PKG-INFO
/home/kvasik/ros2_ws/src/robot_walking/install/robot_walking/lib/robot_walking/depth_robot_walking
/home/kvasik/ros2_ws/src/robot_walking/install/robot_walking/lib/robot_walking/forward_walking
/home/kvasik/ros2_ws/src/robot_walking/install/robot_walking/lib/robot_walking/robot_walking
/home/kvasik/ros2_ws/src/robot_walking/install/robot_walking/lib/robot_walking/unique_robot_walking
