[0.278s] Invoking command in '/home/kvasik/ros2_ws/src/my_robot-main/build/robot_bringup': CMAKE_PREFIX_PATH=${CMAKE_PREFIX_PATH}:/home/kvasik/ros2_ws/install/third_learning_tf2_py:/home/kvasik/ros2_ws/install/text_to_cmd_vel:/home/kvasik/ros2_ws/install/service_full_name:/home/kvasik/ros2_ws/install/py_pubsub:/home/kvasik/ros2_ws/install/my_package:/home/kvasik/ros2_ws/install/move_to_goal:/home/kvasik/ros2_ws/install/learning_tf2_py:/home/kvasik/ros2_ws/install/kvasik:/home/kvasik/ros2_ws/install/action_turtle_commands_server:/opt/ros/humble /usr/bin/cmake /home/kvasik/ros2_ws/src/my_robot-main/robot_bringup -DCMAKE_INSTALL_PREFIX=/home/kvasik/ros2_ws/src/my_robot-main/install/robot_bringup
[0.399s] -- The C compiler identification is GNU 11.4.0
[0.505s] -- The CXX compiler identification is GNU 11.4.0
[0.518s] -- Detecting C compiler ABI info
[0.655s] -- Detecting C compiler ABI info - done
[0.669s] -- Check for working C compiler: /usr/bin/cc - skipped
[0.669s] -- Detecting C compile features
[0.670s] -- Detecting C compile features - done
[0.676s] -- Detecting CXX compiler ABI info
[0.828s] -- Detecting CXX compiler ABI info - done
[0.847s] -- Check for working CXX compiler: /usr/bin/c++ - skipped
[0.848s] -- Detecting CXX compile features
[0.849s] -- Detecting CXX compile features - done
[0.862s] -- Found ament_cmake: 1.3.5 (/opt/ros/humble/share/ament_cmake/cmake)
[1.264s] -- Found Python3: /usr/bin/python3.10 (found version "3.10.12") found components: Interpreter 
[1.525s] -- Found ament_lint_auto: 0.12.8 (/opt/ros/humble/share/ament_lint_auto/cmake)
[1.671s] -- Configuring done
[1.676s] -- Generating done
[1.678s] -- Build files have been written to: /home/kvasik/ros2_ws/src/my_robot-main/build/robot_bringup
[1.686s] Invoked command in '/home/kvasik/ros2_ws/src/my_robot-main/build/robot_bringup' returned '0': CMAKE_PREFIX_PATH=${CMAKE_PREFIX_PATH}:/home/kvasik/ros2_ws/install/third_learning_tf2_py:/home/kvasik/ros2_ws/install/text_to_cmd_vel:/home/kvasik/ros2_ws/install/service_full_name:/home/kvasik/ros2_ws/install/py_pubsub:/home/kvasik/ros2_ws/install/my_package:/home/kvasik/ros2_ws/install/move_to_goal:/home/kvasik/ros2_ws/install/learning_tf2_py:/home/kvasik/ros2_ws/install/kvasik:/home/kvasik/ros2_ws/install/action_turtle_commands_server:/opt/ros/humble /usr/bin/cmake /home/kvasik/ros2_ws/src/my_robot-main/robot_bringup -DCMAKE_INSTALL_PREFIX=/home/kvasik/ros2_ws/src/my_robot-main/install/robot_bringup
[1.689s] Invoking command in '/home/kvasik/ros2_ws/src/my_robot-main/build/robot_bringup': CMAKE_PREFIX_PATH=${CMAKE_PREFIX_PATH}:/home/kvasik/ros2_ws/install/third_learning_tf2_py:/home/kvasik/ros2_ws/install/text_to_cmd_vel:/home/kvasik/ros2_ws/install/service_full_name:/home/kvasik/ros2_ws/install/py_pubsub:/home/kvasik/ros2_ws/install/my_package:/home/kvasik/ros2_ws/install/move_to_goal:/home/kvasik/ros2_ws/install/learning_tf2_py:/home/kvasik/ros2_ws/install/kvasik:/home/kvasik/ros2_ws/install/action_turtle_commands_server:/opt/ros/humble /usr/bin/cmake --build /home/kvasik/ros2_ws/src/my_robot-main/build/robot_bringup -- -j8 -l8
[1.785s] Invoked command in '/home/kvasik/ros2_ws/src/my_robot-main/build/robot_bringup' returned '0': CMAKE_PREFIX_PATH=${CMAKE_PREFIX_PATH}:/home/kvasik/ros2_ws/install/third_learning_tf2_py:/home/kvasik/ros2_ws/install/text_to_cmd_vel:/home/kvasik/ros2_ws/install/service_full_name:/home/kvasik/ros2_ws/install/py_pubsub:/home/kvasik/ros2_ws/install/my_package:/home/kvasik/ros2_ws/install/move_to_goal:/home/kvasik/ros2_ws/install/learning_tf2_py:/home/kvasik/ros2_ws/install/kvasik:/home/kvasik/ros2_ws/install/action_turtle_commands_server:/opt/ros/humble /usr/bin/cmake --build /home/kvasik/ros2_ws/src/my_robot-main/build/robot_bringup -- -j8 -l8
[1.929s] Invoking command in '/home/kvasik/ros2_ws/src/my_robot-main/build/robot_bringup': CMAKE_PREFIX_PATH=${CMAKE_PREFIX_PATH}:/home/kvasik/ros2_ws/install/third_learning_tf2_py:/home/kvasik/ros2_ws/install/text_to_cmd_vel:/home/kvasik/ros2_ws/install/service_full_name:/home/kvasik/ros2_ws/install/py_pubsub:/home/kvasik/ros2_ws/install/my_package:/home/kvasik/ros2_ws/install/move_to_goal:/home/kvasik/ros2_ws/install/learning_tf2_py:/home/kvasik/ros2_ws/install/kvasik:/home/kvasik/ros2_ws/install/action_turtle_commands_server:/opt/ros/humble /usr/bin/cmake --install /home/kvasik/ros2_ws/src/my_robot-main/build/robot_bringup
[1.953s] -- Install configuration: ""
[1.954s] -- Installing: /home/kvasik/ros2_ws/src/my_robot-main/install/robot_bringup/share/robot_bringup/launch
[1.954s] -- Installing: /home/kvasik/ros2_ws/src/my_robot-main/install/robot_bringup/share/robot_bringup/launch/diff_drive.launch.py
[1.955s] -- Installing: /home/kvasik/ros2_ws/src/my_robot-main/install/robot_bringup/share/robot_bringup/config
[1.955s] -- Installing: /home/kvasik/ros2_ws/src/my_robot-main/install/robot_bringup/share/robot_bringup/config/diff_drive.rviz
[1.956s] -- Installing: /home/kvasik/ros2_ws/src/my_robot-main/install/robot_bringup/share/robot_bringup/config/robot_bridge.yaml
[1.957s] -- Installing: /home/kvasik/ros2_ws/src/my_robot-main/install/robot_bringup/share/ament_index/resource_index/package_run_dependencies/robot_bringup
[1.958s] -- Installing: /home/kvasik/ros2_ws/src/my_robot-main/install/robot_bringup/share/ament_index/resource_index/parent_prefix_path/robot_bringup
[1.959s] -- Installing: /home/kvasik/ros2_ws/src/my_robot-main/install/robot_bringup/share/robot_bringup/environment/ament_prefix_path.sh
[1.961s] -- Installing: /home/kvasik/ros2_ws/src/my_robot-main/install/robot_bringup/share/robot_bringup/environment/ament_prefix_path.dsv
[1.961s] -- Installing: /home/kvasik/ros2_ws/src/my_robot-main/install/robot_bringup/share/robot_bringup/environment/path.sh
[1.962s] -- Installing: /home/kvasik/ros2_ws/src/my_robot-main/install/robot_bringup/share/robot_bringup/environment/path.dsv
[1.962s] -- Installing: /home/kvasik/ros2_ws/src/my_robot-main/install/robot_bringup/share/robot_bringup/local_setup.bash
[1.963s] -- Installing: /home/kvasik/ros2_ws/src/my_robot-main/install/robot_bringup/share/robot_bringup/local_setup.sh
[1.963s] -- Installing: /home/kvasik/ros2_ws/src/my_robot-main/install/robot_bringup/share/robot_bringup/local_setup.zsh
[1.963s] -- Installing: /home/kvasik/ros2_ws/src/my_robot-main/install/robot_bringup/share/robot_bringup/local_setup.dsv
[1.964s] -- Installing: /home/kvasik/ros2_ws/src/my_robot-main/install/robot_bringup/share/robot_bringup/package.dsv
[1.964s] -- Installing: /home/kvasik/ros2_ws/src/my_robot-main/install/robot_bringup/share/ament_index/resource_index/packages/robot_bringup
[1.965s] -- Installing: /home/kvasik/ros2_ws/src/my_robot-main/install/robot_bringup/share/robot_bringup/cmake/robot_bringupConfig.cmake
[1.966s] -- Installing: /home/kvasik/ros2_ws/src/my_robot-main/install/robot_bringup/share/robot_bringup/cmake/robot_bringupConfig-version.cmake
[1.966s] -- Installing: /home/kvasik/ros2_ws/src/my_robot-main/install/robot_bringup/share/robot_bringup/package.xml
[2.221s] Invoked command in '/home/kvasik/ros2_ws/src/my_robot-main/build/robot_bringup' returned '0': CMAKE_PREFIX_PATH=${CMAKE_PREFIX_PATH}:/home/kvasik/ros2_ws/install/third_learning_tf2_py:/home/kvasik/ros2_ws/install/text_to_cmd_vel:/home/kvasik/ros2_ws/install/service_full_name:/home/kvasik/ros2_ws/install/py_pubsub:/home/kvasik/ros2_ws/install/my_package:/home/kvasik/ros2_ws/install/move_to_goal:/home/kvasik/ros2_ws/install/learning_tf2_py:/home/kvasik/ros2_ws/install/kvasik:/home/kvasik/ros2_ws/install/action_turtle_commands_server:/opt/ros/humble /usr/bin/cmake --install /home/kvasik/ros2_ws/src/my_robot-main/build/robot_bringup
